<?xml version="1.0" encoding="UTF-8"?>
<robot generator="Robot 7.4.1 (Python 3.9.6 on darwin)" generated="2026-03-17T01:43:16.208631" rpa="false" schemaversion="5">
<suite id="s1" name="Report Tests" source="/Users/cherryp/Documents/software en/Sprint/test/Sprint3/ReportTest/tests/report_tests.robot">
<kw name="Open Browser And Login" owner="keywords" type="SETUP">
<kw name="Open Browser" owner="SeleniumLibrary">
<msg time="2026-03-17T01:43:16.347125" level="INFO">Opening browser 'chrome' to base url 'https://csse1469.cpkku.com/login'.</msg>
<arg>${LOGIN_URL}</arg>
<arg>chrome</arg>
<arg>options=add_argument("--start-maximized");add_argument("--disable-notifications")</arg>
<doc>Opens a new browser instance to the optional ``url``.</doc>
<status status="PASS" start="2026-03-17T01:43:16.346973" elapsed="2.579126"/>
</kw>
<kw name="Maximize Browser Window" owner="SeleniumLibrary">
<doc>Maximizes current browser window.</doc>
<status status="PASS" start="2026-03-17T01:43:18.926578" elapsed="0.001746"/>
</kw>
<kw name="Wait For Login Page To Be Ready" owner="keywords">
<kw name="Wait Until Page Contains Element" owner="SeleniumLibrary">
<arg>xpath=//input[@type='email'] | //input[contains(@placeholder,'email') or contains(@placeholder,'อีเมล') or contains(@name,'email')] | //form//input[1]</arg>
<arg>timeout=${LONG_TIMEOUT}</arg>
<doc>Waits until the element ``locator`` appears on the current page.</doc>
<status status="PASS" start="2026-03-17T01:43:18.928926" elapsed="0.019897"/>
</kw>
<kw name="Sleep" owner="BuiltIn">
<msg time="2026-03-17T01:43:19.452483" level="INFO">Slept 500 milliseconds.</msg>
<arg>0.5s</arg>
<doc>Pauses the test executed for the given time.</doc>
<status status="PASS" start="2026-03-17T01:43:18.949266" elapsed="0.503738"/>
</kw>
<doc>รอให้ login form โหลดเสร็จก่อน interact
ลอง selectors หลายแบบเพื่อรองรับ Nuxt hydration delay</doc>
<status status="PASS" start="2026-03-17T01:43:18.928645" elapsed="0.524877"/>
</kw>
<kw name="Fill Login Form" owner="keywords">
<kw name="Get Login Email Field" owner="keywords">
<kw name="Create List" owner="BuiltIn">
<msg time="2026-03-17T01:43:19.457647" level="INFO">${selectors} = ["xpath=//input[@type='email']", "xpath=//input[contains(@name,'email') or contains(@id,'email')]", "xpath=//input[contains(@placeholder,'อีเมล') or contains(@placeholder,'Email') or contains(@placeho...</msg>
<var>${selectors}</var>
<arg>xpath=//input[@type='email']</arg>
<arg>xpath=//input[contains(@name,'email') or contains(@id,'email')]</arg>
<arg>xpath=//input[contains(@placeholder,'อีเมล') or contains(@placeholder,'Email') or contains(@placeholder,'email')]</arg>
<arg>xpath=//form//input[@type='text'][1]</arg>
<doc>Returns a list containing given items.</doc>
<status status="PASS" start="2026-03-17T01:43:19.456575" elapsed="0.001180"/>
</kw>
<for flavor="IN">
<iter>
<kw name="Run Keyword And Return Status" owner="BuiltIn">
<kw name="Element Should Be Visible" owner="SeleniumLibrary">
<msg time="2026-03-17T01:43:19.582038" level="INFO" html="true">&lt;/td&gt;&lt;/tr&gt;&lt;tr&gt;&lt;td colspan="3"&gt;&lt;a href="selenium-screenshot-60.png"&gt;&lt;img src="selenium-screenshot-60.png" width="800px"&gt;&lt;/a&gt;</msg>
<msg time="2026-03-17T01:43:19.582166" level="FAIL">Element with locator 'xpath=//input[@type='email']' not found.</msg>
<arg>${sel}</arg>
<doc>Verifies that the element identified by ``locator`` is visible.</doc>
<status status="FAIL" start="2026-03-17T01:43:19.459835" elapsed="0.127401">Element with locator 'xpath=//input[@type='email']' not found.</status>
</kw>
<msg time="2026-03-17T01:43:19.587352" level="INFO">${found} = False</msg>
<var>${found}</var>
<arg>Element Should Be Visible</arg>
<arg>${sel}</arg>
<doc>Runs the specified keyword and returns the status as a Boolean value.</doc>
<status status="PASS" start="2026-03-17T01:43:19.459009" elapsed="0.128364"/>
</kw>
<kw name="Return From Keyword If" owner="BuiltIn">
<arg>${found}</arg>
<arg>${sel}</arg>
<doc>Returns from the enclosing user keyword if ``condition`` is true.</doc>
<status status="PASS" start="2026-03-17T01:43:19.587487" elapsed="0.000214"/>
</kw>
<var name="${sel}">xpath=//input[@type='email']</var>
<status status="PASS" start="2026-03-17T01:43:19.458708" elapsed="0.129026"/>
</iter>
<iter>
<kw name="Run Keyword And Return Status" owner="BuiltIn">
<kw name="Element Should Be Visible" owner="SeleniumLibrary">
<msg time="2026-03-17T01:43:19.670839" level="INFO" html="true">&lt;/td&gt;&lt;/tr&gt;&lt;tr&gt;&lt;td colspan="3"&gt;&lt;a href="selenium-screenshot-61.png"&gt;&lt;img src="selenium-screenshot-61.png" width="800px"&gt;&lt;/a&gt;</msg>
<msg time="2026-03-17T01:43:19.670942" level="FAIL">Element with locator 'xpath=//input[contains(@name,'email') or contains(@id,'email')]' not found.</msg>
<arg>${sel}</arg>
<doc>Verifies that the element identified by ``locator`` is visible.</doc>
<status status="FAIL" start="2026-03-17T01:43:19.588044" elapsed="0.083007">Element with locator 'xpath=//input[contains(@name,'email') or contains(@id,'email')]' not found.</status>
</kw>
<msg time="2026-03-17T01:43:19.671150" level="INFO">${found} = False</msg>
<var>${found}</var>
<arg>Element Should Be Visible</arg>
<arg>${sel}</arg>
<doc>Runs the specified keyword and returns the status as a Boolean value.</doc>
<status status="PASS" start="2026-03-17T01:43:19.587873" elapsed="0.083295"/>
</kw>
<kw name="Return From Keyword If" owner="BuiltIn">
<arg>${found}</arg>
<arg>${sel}</arg>
<doc>Returns from the enclosing user keyword if ``condition`` is true.</doc>
<status status="PASS" start="2026-03-17T01:43:19.671271" elapsed="0.000206"/>
</kw>
<var name="${sel}">xpath=//input[contains(@name,'email') or contains(@id,'email')]</var>
<status status="PASS" start="2026-03-17T01:43:19.587810" elapsed="0.083699"/>
</iter>
<iter>
<kw name="Run Keyword And Return Status" owner="BuiltIn">
<kw name="Element Should Be Visible" owner="SeleniumLibrary">
<msg time="2026-03-17T01:43:19.683038" level="INFO">Element 'xpath=//input[contains(@placeholder,'อีเมล') or contains(@placeholder,'Email') or contains(@placeholder,'email')]' is displayed.</msg>
<arg>${sel}</arg>
<doc>Verifies that the element identified by ``locator`` is visible.</doc>
<status status="PASS" start="2026-03-17T01:43:19.671813" elapsed="0.011308"/>
</kw>
<msg time="2026-03-17T01:43:19.683225" level="INFO">${found} = True</msg>
<var>${found}</var>
<arg>Element Should Be Visible</arg>
<arg>${sel}</arg>
<doc>Runs the specified keyword and returns the status as a Boolean value.</doc>
<status status="PASS" start="2026-03-17T01:43:19.671643" elapsed="0.011602"/>
</kw>
<kw name="Return From Keyword If" owner="BuiltIn">
<msg time="2026-03-17T01:43:19.683555" level="INFO">Returning from the enclosing user keyword.</msg>
<arg>${found}</arg>
<arg>${sel}</arg>
<doc>Returns from the enclosing user keyword if ``condition`` is true.</doc>
<status status="PASS" start="2026-03-17T01:43:19.683349" elapsed="0.000253"/>
</kw>
<var name="${sel}">xpath=//input[contains(@placeholder,'อีเมล') or contains(@placeholder,'Email') or contains(@placeholder,'email')]</var>
<status status="PASS" start="2026-03-17T01:43:19.671581" elapsed="0.012060"/>
</iter>
<var>${sel}</var>
<value>@{selectors}</value>
<status status="PASS" start="2026-03-17T01:43:19.458206" elapsed="0.225471"/>
</for>
<kw name="Fail" owner="BuiltIn">
<arg>ไม่พบ email input field — ตรวจสอบ selector ใน login page</arg>
<doc>Fails the test with the given message and optionally alters its tags.</doc>
<status status="NOT RUN" start="2026-03-17T01:43:19.683762" elapsed="0.000019"/>
</kw>
<msg time="2026-03-17T01:43:19.683880" level="INFO">${email_field} = xpath=//input[contains(@placeholder,'อีเมล') or contains(@placeholder,'Email') or contains(@placeholder,'email')]</msg>
<var>${email_field}</var>
<doc>หา email input ด้วย fallback selectors หลายแบบ</doc>
<status status="PASS" start="2026-03-17T01:43:19.456017" elapsed="0.227882"/>
</kw>
<kw name="Get Login Password Field" owner="keywords">
<kw name="Create List" owner="BuiltIn">
<msg time="2026-03-17T01:43:19.684378" level="INFO">${selectors} = ["xpath=//input[@type='password']", "xpath=//input[contains(@name,'password') or contains(@id,'password')]", "xpath=//input[contains(@placeholder,'รหัสผ่าน') or contains(@placeholder,'Password')]"]</msg>
<var>${selectors}</var>
<arg>xpath=//input[@type='password']</arg>
<arg>xpath=//input[contains(@name,'password') or contains(@id,'password')]</arg>
<arg>xpath=//input[contains(@placeholder,'รหัสผ่าน') or contains(@placeholder,'Password')]</arg>
<doc>Returns a list containing given items.</doc>
<status status="PASS" start="2026-03-17T01:43:19.684194" elapsed="0.000204"/>
</kw>
<for flavor="IN">
<iter>
<kw name="Run Keyword And Return Status" owner="BuiltIn">
<kw name="Element Should Be Visible" owner="SeleniumLibrary">
<msg time="2026-03-17T01:43:19.691408" level="INFO">Element 'xpath=//input[@type='password']' is displayed.</msg>
<arg>${sel}</arg>
<doc>Verifies that the element identified by ``locator`` is visible.</doc>
<status status="PASS" start="2026-03-17T01:43:19.684756" elapsed="0.006708"/>
</kw>
<msg time="2026-03-17T01:43:19.691544" level="INFO">${found} = True</msg>
<var>${found}</var>
<arg>Element Should Be Visible</arg>
<arg>${sel}</arg>
<doc>Runs the specified keyword and returns the status as a Boolean value.</doc>
<status status="PASS" start="2026-03-17T01:43:19.684592" elapsed="0.006970"/>
</kw>
<kw name="Return From Keyword If" owner="BuiltIn">
<msg time="2026-03-17T01:43:19.691828" level="INFO">Returning from the enclosing user keyword.</msg>
<arg>${found}</arg>
<arg>${sel}</arg>
<doc>Returns from the enclosing user keyword if ``condition`` is true.</doc>
<status status="PASS" start="2026-03-17T01:43:19.691656" elapsed="0.000208"/>
</kw>
<var name="${sel}">xpath=//input[@type='password']</var>
<status status="PASS" start="2026-03-17T01:43:19.684532" elapsed="0.007365"/>
</iter>
<var>${sel}</var>
<value>@{selectors}</value>
<status status="PASS" start="2026-03-17T01:43:19.684444" elapsed="0.007483"/>
</for>
<kw name="Fail" owner="BuiltIn">
<arg>ไม่พบ password input field — ตรวจสอบ selector ใน login page</arg>
<doc>Fails the test with the given message and optionally alters its tags.</doc>
<status status="NOT RUN" start="2026-03-17T01:43:19.692000" elapsed="0.000018"/>
</kw>
<msg time="2026-03-17T01:43:19.692150" level="INFO">${pass_field} = xpath=//input[@type='password']</msg>
<var>${pass_field}</var>
<doc>หา password input ด้วย fallback selectors</doc>
<status status="PASS" start="2026-03-17T01:43:19.684033" elapsed="0.008144"/>
</kw>
<kw name="Clear Element Text" owner="SeleniumLibrary">
<arg>${email_field}</arg>
<doc>Clears the value of the text-input-element identified by ``locator``.</doc>
<status status="PASS" start="2026-03-17T01:43:19.692261" elapsed="0.018589"/>
</kw>
<kw name="Input Text" owner="SeleniumLibrary">
<msg time="2026-03-17T01:43:19.711173" level="INFO">Typing text 'passenger3' into text field 'xpath=//input[contains(@placeholder,'อีเมล') or contains(@placeholder,'Email') or contains(@placeholder,'email')]'.</msg>
<arg>${email_field}</arg>
<arg>${email}</arg>
<doc>Types the given ``text`` into the text field identified by ``locator``.</doc>
<status status="PASS" start="2026-03-17T01:43:19.710983" elapsed="0.084352"/>
</kw>
<kw name="Clear Element Text" owner="SeleniumLibrary">
<arg>${pass_field}</arg>
<doc>Clears the value of the text-input-element identified by ``locator``.</doc>
<status status="PASS" start="2026-03-17T01:43:19.795503" elapsed="0.012160"/>
</kw>
<kw name="Input Text" owner="SeleniumLibrary">
<msg time="2026-03-17T01:43:19.808009" level="INFO">Typing text '123456789' into text field 'xpath=//input[@type='password']'.</msg>
<arg>${pass_field}</arg>
<arg>${password}</arg>
<doc>Types the given ``text`` into the text field identified by ``locator``.</doc>
<status status="PASS" start="2026-03-17T01:43:19.807809" elapsed="0.029280"/>
</kw>
<kw name="Get Login Submit Button" owner="keywords">
<kw name="Create List" owner="BuiltIn">
<msg time="2026-03-17T01:43:19.837694" level="INFO">${selectors} = ["xpath=//button[@type='submit']", "xpath=//button[contains(.,'เข้าสู่ระบบ') or contains(.,'Login') or contains(.,'Sign in') or contains(.,'ลงชื่อเข้าใช้')]", 'xpath=//form//button[1]']</msg>
<var>${selectors}</var>
<arg>xpath=//button[@type='submit']</arg>
<arg>xpath=//button[contains(.,'เข้าสู่ระบบ') or contains(.,'Login') or contains(.,'Sign in') or contains(.,'ลงชื่อเข้าใช้')]</arg>
<arg>xpath=//form//button[1]</arg>
<doc>Returns a list containing given items.</doc>
<status status="PASS" start="2026-03-17T01:43:19.837464" elapsed="0.000254"/>
</kw>
<for flavor="IN">
<iter>
<kw name="Run Keyword And Return Status" owner="BuiltIn">
<kw name="Element Should Be Visible" owner="SeleniumLibrary">
<msg time="2026-03-17T01:43:19.845916" level="INFO">Element 'xpath=//button[@type='submit']' is displayed.</msg>
<arg>${sel}</arg>
<doc>Verifies that the element identified by ``locator`` is visible.</doc>
<status status="PASS" start="2026-03-17T01:43:19.838114" elapsed="0.007876"/>
</kw>
<msg time="2026-03-17T01:43:19.846095" level="INFO">${found} = True</msg>
<var>${found}</var>
<arg>Element Should Be Visible</arg>
<arg>${sel}</arg>
<doc>Runs the specified keyword and returns the status as a Boolean value.</doc>
<status status="PASS" start="2026-03-17T01:43:19.837934" elapsed="0.008180"/>
</kw>
<kw name="Return From Keyword If" owner="BuiltIn">
<msg time="2026-03-17T01:43:19.846422" level="INFO">Returning from the enclosing user keyword.</msg>
<arg>${found}</arg>
<arg>${sel}</arg>
<doc>Returns from the enclosing user keyword if ``condition`` is true.</doc>
<status status="PASS" start="2026-03-17T01:43:19.846220" elapsed="0.000245"/>
</kw>
<var name="${sel}">xpath=//button[@type='submit']</var>
<status status="PASS" start="2026-03-17T01:43:19.837869" elapsed="0.008631"/>
</iter>
<var>${sel}</var>
<value>@{selectors}</value>
<status status="PASS" start="2026-03-17T01:43:19.837770" elapsed="0.008762"/>
</for>
<kw name="Fail" owner="BuiltIn">
<arg>ไม่พบ submit button — ตรวจสอบ selector ใน login page</arg>
<doc>Fails the test with the given message and optionally alters its tags.</doc>
<status status="NOT RUN" start="2026-03-17T01:43:19.846608" elapsed="0.000018"/>
</kw>
<msg time="2026-03-17T01:43:19.846720" level="INFO">${submit_btn} = xpath=//button[@type='submit']</msg>
<var>${submit_btn}</var>
<doc>หา submit button ด้วย fallback selectors</doc>
<status status="PASS" start="2026-03-17T01:43:19.837311" elapsed="0.009427"/>
</kw>
<kw name="Click Element" owner="SeleniumLibrary">
<msg time="2026-03-17T01:43:19.846934" level="INFO">Clicking element 'xpath=//button[@type='submit']'.</msg>
<arg>${submit_btn}</arg>
<doc>Click the element identified by ``locator``.</doc>
<status status="PASS" start="2026-03-17T01:43:19.846809" elapsed="0.026832"/>
</kw>
<arg>${PASSENGER_EMAIL}</arg>
<arg>${PASSENGER_PASSWORD}</arg>
<doc>กรอก email + password รองรับ selector หลายรูปแบบ</doc>
<status status="PASS" start="2026-03-17T01:43:19.454584" elapsed="0.419156"/>
</kw>
<kw name="Wait For Successful Login" owner="keywords">
<kw name="Wait Until Keyword Succeeds" owner="BuiltIn">
<kw name="Verify Not On Login Page" owner="keywords">
<kw name="Get Location" owner="SeleniumLibrary">
<msg time="2026-03-17T01:43:19.876742" level="INFO">${current_url} = https://csse1469.cpkku.com/login/</msg>
<var>${current_url}</var>
<doc>Returns the current browser window URL.</doc>
<status status="PASS" start="2026-03-17T01:43:19.874492" elapsed="0.002281"/>
</kw>
<kw name="Should Not Contain" owner="BuiltIn">
<msg time="2026-03-17T01:43:19.877188" level="FAIL">'https://csse1469.cpkku.com/login/' contains 'login'</msg>
<arg>${current_url}</arg>
<arg>login</arg>
<doc>Fails if ``container`` contains ``item`` one or more times.</doc>
<status status="FAIL" start="2026-03-17T01:43:19.876880" elapsed="0.000354">'https://csse1469.cpkku.com/login/' contains 'login'</status>
</kw>
<kw name="Should Not Contain" owner="BuiltIn">
<arg>${current_url}</arg>
<arg>signin</arg>
<doc>Fails if ``container`` contains ``item`` one or more times.</doc>
<status status="NOT RUN" start="2026-03-17T01:43:19.877361" elapsed="0.000019"/>
</kw>
<doc>ตรวจว่าออกจาก login page แล้ว</doc>
<status status="FAIL" start="2026-03-17T01:43:19.874383" elapsed="0.003063">'https://csse1469.cpkku.com/login/' contains 'login'</status>
</kw>
<kw name="Verify Not On Login Page" owner="keywords">
<kw name="Get Location" owner="SeleniumLibrary">
<msg time="2026-03-17T01:43:20.888621" level="INFO">${current_url} = https://csse1469.cpkku.com/login/</msg>
<var>${current_url}</var>
<doc>Returns the current browser window URL.</doc>
<status status="PASS" start="2026-03-17T01:43:20.881472" elapsed="0.007260"/>
</kw>
<kw name="Should Not Contain" owner="BuiltIn">
<msg time="2026-03-17T01:43:20.889830" level="FAIL">'https://csse1469.cpkku.com/login/' contains 'login'</msg>
<arg>${current_url}</arg>
<arg>login</arg>
<doc>Fails if ``container`` contains ``item`` one or more times.</doc>
<status status="FAIL" start="2026-03-17T01:43:20.889099" elapsed="0.000866">'https://csse1469.cpkku.com/login/' contains 'login'</status>
</kw>
<kw name="Should Not Contain" owner="BuiltIn">
<arg>${current_url}</arg>
<arg>signin</arg>
<doc>Fails if ``container`` contains ``item`` one or more times.</doc>
<status status="NOT RUN" start="2026-03-17T01:43:20.890495" elapsed="0.000058"/>
</kw>
<doc>ตรวจว่าออกจาก login page แล้ว</doc>
<status status="FAIL" start="2026-03-17T01:43:20.880347" elapsed="0.010390">'https://csse1469.cpkku.com/login/' contains 'login'</status>
</kw>
<kw name="Verify Not On Login Page" owner="keywords">
<kw name="Get Location" owner="SeleniumLibrary">
<msg time="2026-03-17T01:43:21.900557" level="INFO">${current_url} = https://csse1469.cpkku.com/login/</msg>
<var>${current_url}</var>
<doc>Returns the current browser window URL.</doc>
<status status="PASS" start="2026-03-17T01:43:21.893625" elapsed="0.007037"/>
</kw>
<kw name="Should Not Contain" owner="BuiltIn">
<msg time="2026-03-17T01:43:21.901834" level="FAIL">'https://csse1469.cpkku.com/login/' contains 'login'</msg>
<arg>${current_url}</arg>
<arg>login</arg>
<doc>Fails if ``container`` contains ``item`` one or more times.</doc>
<status status="FAIL" start="2026-03-17T01:43:21.901016" elapsed="0.000943">'https://csse1469.cpkku.com/login/' contains 'login'</status>
</kw>
<kw name="Should Not Contain" owner="BuiltIn">
<arg>${current_url}</arg>
<arg>signin</arg>
<doc>Fails if ``container`` contains ``item`` one or more times.</doc>
<status status="NOT RUN" start="2026-03-17T01:43:21.902198" elapsed="0.000054"/>
</kw>
<doc>ตรวจว่าออกจาก login page แล้ว</doc>
<status status="FAIL" start="2026-03-17T01:43:21.892576" elapsed="0.009855">'https://csse1469.cpkku.com/login/' contains 'login'</status>
</kw>
<kw name="Verify Not On Login Page" owner="keywords">
<kw name="Get Location" owner="SeleniumLibrary">
<msg time="2026-03-17T01:43:22.912554" level="INFO">${current_url} = https://csse1469.cpkku.com/login/</msg>
<var>${current_url}</var>
<doc>Returns the current browser window URL.</doc>
<status status="PASS" start="2026-03-17T01:43:22.905307" elapsed="0.007344"/>
</kw>
<kw name="Should Not Contain" owner="BuiltIn">
<msg time="2026-03-17T01:43:22.913760" level="FAIL">'https://csse1469.cpkku.com/login/' contains 'login'</msg>
<arg>${current_url}</arg>
<arg>login</arg>
<doc>Fails if ``container`` contains ``item`` one or more times.</doc>
<status status="FAIL" start="2026-03-17T01:43:22.912979" elapsed="0.000908">'https://csse1469.cpkku.com/login/' contains 'login'</status>
</kw>
<kw name="Should Not Contain" owner="BuiltIn">
<arg>${current_url}</arg>
<arg>signin</arg>
<doc>Fails if ``container`` contains ``item`` one or more times.</doc>
<status status="NOT RUN" start="2026-03-17T01:43:22.914131" elapsed="0.000056"/>
</kw>
<doc>ตรวจว่าออกจาก login page แล้ว</doc>
<status status="FAIL" start="2026-03-17T01:43:22.904181" elapsed="0.010204">'https://csse1469.cpkku.com/login/' contains 'login'</status>
</kw>
<kw name="Verify Not On Login Page" owner="keywords">
<kw name="Get Location" owner="SeleniumLibrary">
<msg time="2026-03-17T01:43:23.923176" level="INFO">${current_url} = https://csse1469.cpkku.com/login/</msg>
<var>${current_url}</var>
<doc>Returns the current browser window URL.</doc>
<status status="PASS" start="2026-03-17T01:43:23.917465" elapsed="0.005801"/>
</kw>
<kw name="Should Not Contain" owner="BuiltIn">
<msg time="2026-03-17T01:43:23.924215" level="FAIL">'https://csse1469.cpkku.com/login/' contains 'login'</msg>
<arg>${current_url}</arg>
<arg>login</arg>
<doc>Fails if ``container`` contains ``item`` one or more times.</doc>
<status status="FAIL" start="2026-03-17T01:43:23.923531" elapsed="0.000810">'https://csse1469.cpkku.com/login/' contains 'login'</status>
</kw>
<kw name="Should Not Contain" owner="BuiltIn">
<arg>${current_url}</arg>
<arg>signin</arg>
<doc>Fails if ``container`` contains ``item`` one or more times.</doc>
<status status="NOT RUN" start="2026-03-17T01:43:23.924589" elapsed="0.000056"/>
</kw>
<doc>ตรวจว่าออกจาก login page แล้ว</doc>
<status status="FAIL" start="2026-03-17T01:43:23.916844" elapsed="0.007977">'https://csse1469.cpkku.com/login/' contains 'login'</status>
</kw>
<kw name="Verify Not On Login Page" owner="keywords">
<kw name="Get Location" owner="SeleniumLibrary">
<msg time="2026-03-17T01:43:24.934950" level="INFO">${current_url} = https://csse1469.cpkku.com/login/</msg>
<var>${current_url}</var>
<doc>Returns the current browser window URL.</doc>
<status status="PASS" start="2026-03-17T01:43:24.927755" elapsed="0.007302"/>
</kw>
<kw name="Should Not Contain" owner="BuiltIn">
<msg time="2026-03-17T01:43:24.936380" level="FAIL">'https://csse1469.cpkku.com/login/' contains 'login'</msg>
<arg>${current_url}</arg>
<arg>login</arg>
<doc>Fails if ``container`` contains ``item`` one or more times.</doc>
<status status="FAIL" start="2026-03-17T01:43:24.935411" elapsed="0.001117">'https://csse1469.cpkku.com/login/' contains 'login'</status>
</kw>
<kw name="Should Not Contain" owner="BuiltIn">
<arg>${current_url}</arg>
<arg>signin</arg>
<doc>Fails if ``container`` contains ``item`` one or more times.</doc>
<status status="NOT RUN" start="2026-03-17T01:43:24.936776" elapsed="0.000058"/>
</kw>
<doc>ตรวจว่าออกจาก login page แล้ว</doc>
<status status="FAIL" start="2026-03-17T01:43:24.926468" elapsed="0.010548">'https://csse1469.cpkku.com/login/' contains 'login'</status>
</kw>
<kw name="Verify Not On Login Page" owner="keywords">
<kw name="Get Location" owner="SeleniumLibrary">
<msg time="2026-03-17T01:43:25.949523" level="INFO">${current_url} = https://csse1469.cpkku.com/login/</msg>
<var>${current_url}</var>
<doc>Returns the current browser window URL.</doc>
<status status="PASS" start="2026-03-17T01:43:25.941248" elapsed="0.008377"/>
</kw>
<kw name="Should Not Contain" owner="BuiltIn">
<msg time="2026-03-17T01:43:25.950678" level="FAIL">'https://csse1469.cpkku.com/login/' contains 'login'</msg>
<arg>${current_url}</arg>
<arg>login</arg>
<doc>Fails if ``container`` contains ``item`` one or more times.</doc>
<status status="FAIL" start="2026-03-17T01:43:25.949932" elapsed="0.000874">'https://csse1469.cpkku.com/login/' contains 'login'</status>
</kw>
<kw name="Should Not Contain" owner="BuiltIn">
<arg>${current_url}</arg>
<arg>signin</arg>
<doc>Fails if ``container`` contains ``item`` one or more times.</doc>
<status status="NOT RUN" start="2026-03-17T01:43:25.951043" elapsed="0.000056"/>
</kw>
<doc>ตรวจว่าออกจาก login page แล้ว</doc>
<status status="FAIL" start="2026-03-17T01:43:25.939928" elapsed="0.011368">'https://csse1469.cpkku.com/login/' contains 'login'</status>
</kw>
<kw name="Verify Not On Login Page" owner="keywords">
<kw name="Get Location" owner="SeleniumLibrary">
<msg time="2026-03-17T01:43:26.961591" level="INFO">${current_url} = https://csse1469.cpkku.com/login/</msg>
<var>${current_url}</var>
<doc>Returns the current browser window URL.</doc>
<status status="PASS" start="2026-03-17T01:43:26.954597" elapsed="0.007098"/>
</kw>
<kw name="Should Not Contain" owner="BuiltIn">
<msg time="2026-03-17T01:43:26.962763" level="FAIL">'https://csse1469.cpkku.com/login/' contains 'login'</msg>
<arg>${current_url}</arg>
<arg>login</arg>
<doc>Fails if ``container`` contains ``item`` one or more times.</doc>
<status status="FAIL" start="2026-03-17T01:43:26.962038" elapsed="0.000852">'https://csse1469.cpkku.com/login/' contains 'login'</status>
</kw>
<kw name="Should Not Contain" owner="BuiltIn">
<arg>${current_url}</arg>
<arg>signin</arg>
<doc>Fails if ``container`` contains ``item`` one or more times.</doc>
<status status="NOT RUN" start="2026-03-17T01:43:26.963134" elapsed="0.000056"/>
</kw>
<doc>ตรวจว่าออกจาก login page แล้ว</doc>
<status status="FAIL" start="2026-03-17T01:43:26.952993" elapsed="0.010373">'https://csse1469.cpkku.com/login/' contains 'login'</status>
</kw>
<kw name="Verify Not On Login Page" owner="keywords">
<kw name="Get Location" owner="SeleniumLibrary">
<msg time="2026-03-17T01:43:27.975763" level="INFO">${current_url} = https://csse1469.cpkku.com/login/</msg>
<var>${current_url}</var>
<doc>Returns the current browser window URL.</doc>
<status status="PASS" start="2026-03-17T01:43:27.968413" elapsed="0.007428"/>
</kw>
<kw name="Should Not Contain" owner="BuiltIn">
<msg time="2026-03-17T01:43:27.976772" level="FAIL">'https://csse1469.cpkku.com/login/' contains 'login'</msg>
<arg>${current_url}</arg>
<arg>login</arg>
<doc>Fails if ``container`` contains ``item`` one or more times.</doc>
<status status="FAIL" start="2026-03-17T01:43:27.976109" elapsed="0.000784">'https://csse1469.cpkku.com/login/' contains 'login'</status>
</kw>
<kw name="Should Not Contain" owner="BuiltIn">
<arg>${current_url}</arg>
<arg>signin</arg>
<doc>Fails if ``container`` contains ``item`` one or more times.</doc>
<status status="NOT RUN" start="2026-03-17T01:43:27.977127" elapsed="0.000053"/>
</kw>
<doc>ตรวจว่าออกจาก login page แล้ว</doc>
<status status="FAIL" start="2026-03-17T01:43:27.967006" elapsed="0.010351">'https://csse1469.cpkku.com/login/' contains 'login'</status>
</kw>
<kw name="Verify Not On Login Page" owner="keywords">
<kw name="Get Location" owner="SeleniumLibrary">
<msg time="2026-03-17T01:43:28.988387" level="INFO">${current_url} = https://csse1469.cpkku.com/login/</msg>
<var>${current_url}</var>
<doc>Returns the current browser window URL.</doc>
<status status="PASS" start="2026-03-17T01:43:28.981685" elapsed="0.006807"/>
</kw>
<kw name="Should Not Contain" owner="BuiltIn">
<msg time="2026-03-17T01:43:28.989731" level="FAIL">'https://csse1469.cpkku.com/login/' contains 'login'</msg>
<arg>${current_url}</arg>
<arg>login</arg>
<doc>Fails if ``container`` contains ``item`` one or more times.</doc>
<status status="FAIL" start="2026-03-17T01:43:28.988869" elapsed="0.000998">'https://csse1469.cpkku.com/login/' contains 'login'</status>
</kw>
<kw name="Should Not Contain" owner="BuiltIn">
<arg>${current_url}</arg>
<arg>signin</arg>
<doc>Fails if ``container`` contains ``item`` one or more times.</doc>
<status status="NOT RUN" start="2026-03-17T01:43:28.990122" elapsed="0.000055"/>
</kw>
<doc>ตรวจว่าออกจาก login page แล้ว</doc>
<status status="FAIL" start="2026-03-17T01:43:28.980475" elapsed="0.009893">'https://csse1469.cpkku.com/login/' contains 'login'</status>
</kw>
<kw name="Verify Not On Login Page" owner="keywords">
<kw name="Get Location" owner="SeleniumLibrary">
<msg time="2026-03-17T01:43:30.001784" level="INFO">${current_url} = https://csse1469.cpkku.com/login/</msg>
<var>${current_url}</var>
<doc>Returns the current browser window URL.</doc>
<status status="PASS" start="2026-03-17T01:43:29.994337" elapsed="0.007564"/>
</kw>
<kw name="Should Not Contain" owner="BuiltIn">
<msg time="2026-03-17T01:43:30.002983" level="FAIL">'https://csse1469.cpkku.com/login/' contains 'login'</msg>
<arg>${current_url}</arg>
<arg>login</arg>
<doc>Fails if ``container`` contains ``item`` one or more times.</doc>
<status status="FAIL" start="2026-03-17T01:43:30.002228" elapsed="0.000887">'https://csse1469.cpkku.com/login/' contains 'login'</status>
</kw>
<kw name="Should Not Contain" owner="BuiltIn">
<arg>${current_url}</arg>
<arg>signin</arg>
<doc>Fails if ``container`` contains ``item`` one or more times.</doc>
<status status="NOT RUN" start="2026-03-17T01:43:30.003355" elapsed="0.000054"/>
</kw>
<doc>ตรวจว่าออกจาก login page แล้ว</doc>
<status status="FAIL" start="2026-03-17T01:43:29.992972" elapsed="0.010632">'https://csse1469.cpkku.com/login/' contains 'login'</status>
</kw>
<kw name="Verify Not On Login Page" owner="keywords">
<kw name="Get Location" owner="SeleniumLibrary">
<msg time="2026-03-17T01:43:31.006891" level="INFO">${current_url} = https://csse1469.cpkku.com/login/</msg>
<var>${current_url}</var>
<doc>Returns the current browser window URL.</doc>
<status status="PASS" start="2026-03-17T01:43:31.004799" elapsed="0.002125"/>
</kw>
<kw name="Should Not Contain" owner="BuiltIn">
<msg time="2026-03-17T01:43:31.007306" level="FAIL">'https://csse1469.cpkku.com/login/' contains 'login'</msg>
<arg>${current_url}</arg>
<arg>login</arg>
<doc>Fails if ``container`` contains ``item`` one or more times.</doc>
<status status="FAIL" start="2026-03-17T01:43:31.007025" elapsed="0.000329">'https://csse1469.cpkku.com/login/' contains 'login'</status>
</kw>
<kw name="Should Not Contain" owner="BuiltIn">
<arg>${current_url}</arg>
<arg>signin</arg>
<doc>Fails if ``container`` contains ``item`` one or more times.</doc>
<status status="NOT RUN" start="2026-03-17T01:43:31.007442" elapsed="0.000020"/>
</kw>
<doc>ตรวจว่าออกจาก login page แล้ว</doc>
<status status="FAIL" start="2026-03-17T01:43:31.004499" elapsed="0.003028">'https://csse1469.cpkku.com/login/' contains 'login'</status>
</kw>
<kw name="Verify Not On Login Page" owner="keywords">
<kw name="Get Location" owner="SeleniumLibrary">
<msg time="2026-03-17T01:43:32.017832" level="INFO">${current_url} = https://csse1469.cpkku.com/login/</msg>
<var>${current_url}</var>
<doc>Returns the current browser window URL.</doc>
<status status="PASS" start="2026-03-17T01:43:32.010816" elapsed="0.007103"/>
</kw>
<kw name="Should Not Contain" owner="BuiltIn">
<msg time="2026-03-17T01:43:32.018921" level="FAIL">'https://csse1469.cpkku.com/login/' contains 'login'</msg>
<arg>${current_url}</arg>
<arg>login</arg>
<doc>Fails if ``container`` contains ``item`` one or more times.</doc>
<status status="FAIL" start="2026-03-17T01:43:32.018211" elapsed="0.000836">'https://csse1469.cpkku.com/login/' contains 'login'</status>
</kw>
<kw name="Should Not Contain" owner="BuiltIn">
<arg>${current_url}</arg>
<arg>signin</arg>
<doc>Fails if ``container`` contains ``item`` one or more times.</doc>
<status status="NOT RUN" start="2026-03-17T01:43:32.019305" elapsed="0.000056"/>
</kw>
<doc>ตรวจว่าออกจาก login page แล้ว</doc>
<status status="FAIL" start="2026-03-17T01:43:32.009586" elapsed="0.009954">'https://csse1469.cpkku.com/login/' contains 'login'</status>
</kw>
<kw name="Verify Not On Login Page" owner="keywords">
<kw name="Get Location" owner="SeleniumLibrary">
<msg time="2026-03-17T01:43:33.031810" level="INFO">${current_url} = https://csse1469.cpkku.com/login/</msg>
<var>${current_url}</var>
<doc>Returns the current browser window URL.</doc>
<status status="PASS" start="2026-03-17T01:43:33.023461" elapsed="0.008467"/>
</kw>
<kw name="Should Not Contain" owner="BuiltIn">
<msg time="2026-03-17T01:43:33.033219" level="FAIL">'https://csse1469.cpkku.com/login/' contains 'login'</msg>
<arg>${current_url}</arg>
<arg>login</arg>
<doc>Fails if ``container`` contains ``item`` one or more times.</doc>
<status status="FAIL" start="2026-03-17T01:43:33.032322" elapsed="0.001064">'https://csse1469.cpkku.com/login/' contains 'login'</status>
</kw>
<kw name="Should Not Contain" owner="BuiltIn">
<arg>${current_url}</arg>
<arg>signin</arg>
<doc>Fails if ``container`` contains ``item`` one or more times.</doc>
<status status="NOT RUN" start="2026-03-17T01:43:33.034029" elapsed="0.000061"/>
</kw>
<doc>ตรวจว่าออกจาก login page แล้ว</doc>
<status status="FAIL" start="2026-03-17T01:43:33.022041" elapsed="0.012232">'https://csse1469.cpkku.com/login/' contains 'login'</status>
</kw>
<kw name="Verify Not On Login Page" owner="keywords">
<kw name="Get Location" owner="SeleniumLibrary">
<msg time="2026-03-17T01:43:34.044528" level="INFO">${current_url} = https://csse1469.cpkku.com/login/</msg>
<var>${current_url}</var>
<doc>Returns the current browser window URL.</doc>
<status status="PASS" start="2026-03-17T01:43:34.038148" elapsed="0.006509"/>
</kw>
<kw name="Should Not Contain" owner="BuiltIn">
<msg time="2026-03-17T01:43:34.046392" level="FAIL">'https://csse1469.cpkku.com/login/' contains 'login'</msg>
<arg>${current_url}</arg>
<arg>login</arg>
<doc>Fails if ``container`` contains ``item`` one or more times.</doc>
<status status="FAIL" start="2026-03-17T01:43:34.045125" elapsed="0.001484">'https://csse1469.cpkku.com/login/' contains 'login'</status>
</kw>
<kw name="Should Not Contain" owner="BuiltIn">
<arg>${current_url}</arg>
<arg>signin</arg>
<doc>Fails if ``container`` contains ``item`` one or more times.</doc>
<status status="NOT RUN" start="2026-03-17T01:43:34.047085" elapsed="0.000080"/>
</kw>
<doc>ตรวจว่าออกจาก login page แล้ว</doc>
<status status="FAIL" start="2026-03-17T01:43:34.036905" elapsed="0.010470">'https://csse1469.cpkku.com/login/' contains 'login'</status>
</kw>
<kw name="Verify Not On Login Page" owner="keywords">
<kw name="Get Location" owner="SeleniumLibrary">
<msg time="2026-03-17T01:43:35.058298" level="INFO">${current_url} = https://csse1469.cpkku.com/login/</msg>
<var>${current_url}</var>
<doc>Returns the current browser window URL.</doc>
<status status="PASS" start="2026-03-17T01:43:35.050115" elapsed="0.008274"/>
</kw>
<kw name="Should Not Contain" owner="BuiltIn">
<msg time="2026-03-17T01:43:35.059459" level="FAIL">'https://csse1469.cpkku.com/login/' contains 'login'</msg>
<arg>${current_url}</arg>
<arg>login</arg>
<doc>Fails if ``container`` contains ``item`` one or more times.</doc>
<status status="FAIL" start="2026-03-17T01:43:35.058688" elapsed="0.001006">'https://csse1469.cpkku.com/login/' contains 'login'</status>
</kw>
<kw name="Should Not Contain" owner="BuiltIn">
<arg>${current_url}</arg>
<arg>signin</arg>
<doc>Fails if ``container`` contains ``item`` one or more times.</doc>
<status status="NOT RUN" start="2026-03-17T01:43:35.060058" elapsed="0.000086"/>
</kw>
<doc>ตรวจว่าออกจาก login page แล้ว</doc>
<status status="FAIL" start="2026-03-17T01:43:35.049097" elapsed="0.011293">'https://csse1469.cpkku.com/login/' contains 'login'</status>
</kw>
<kw name="Verify Not On Login Page" owner="keywords">
<kw name="Get Location" owner="SeleniumLibrary">
<msg time="2026-03-17T01:43:36.072312" level="INFO">${current_url} = https://csse1469.cpkku.com/login/</msg>
<var>${current_url}</var>
<doc>Returns the current browser window URL.</doc>
<status status="PASS" start="2026-03-17T01:43:36.063462" elapsed="0.008963"/>
</kw>
<kw name="Should Not Contain" owner="BuiltIn">
<msg time="2026-03-17T01:43:36.073695" level="FAIL">'https://csse1469.cpkku.com/login/' contains 'login'</msg>
<arg>${current_url}</arg>
<arg>login</arg>
<doc>Fails if ``container`` contains ``item`` one or more times.</doc>
<status status="FAIL" start="2026-03-17T01:43:36.072785" elapsed="0.001080">'https://csse1469.cpkku.com/login/' contains 'login'</status>
</kw>
<kw name="Should Not Contain" owner="BuiltIn">
<arg>${current_url}</arg>
<arg>signin</arg>
<doc>Fails if ``container`` contains ``item`` one or more times.</doc>
<status status="NOT RUN" start="2026-03-17T01:43:36.074168" elapsed="0.000069"/>
</kw>
<doc>ตรวจว่าออกจาก login page แล้ว</doc>
<status status="FAIL" start="2026-03-17T01:43:36.062060" elapsed="0.012426">'https://csse1469.cpkku.com/login/' contains 'login'</status>
</kw>
<kw name="Verify Not On Login Page" owner="keywords">
<kw name="Get Location" owner="SeleniumLibrary">
<msg time="2026-03-17T01:43:37.084637" level="INFO">${current_url} = https://csse1469.cpkku.com/login/</msg>
<var>${current_url}</var>
<doc>Returns the current browser window URL.</doc>
<status status="PASS" start="2026-03-17T01:43:37.077089" elapsed="0.007660"/>
</kw>
<kw name="Should Not Contain" owner="BuiltIn">
<msg time="2026-03-17T01:43:37.086409" level="FAIL">'https://csse1469.cpkku.com/login/' contains 'login'</msg>
<arg>${current_url}</arg>
<arg>login</arg>
<doc>Fails if ``container`` contains ``item`` one or more times.</doc>
<status status="FAIL" start="2026-03-17T01:43:37.085088" elapsed="0.001526">'https://csse1469.cpkku.com/login/' contains 'login'</status>
</kw>
<kw name="Should Not Contain" owner="BuiltIn">
<arg>${current_url}</arg>
<arg>signin</arg>
<doc>Fails if ``container`` contains ``item`` one or more times.</doc>
<status status="NOT RUN" start="2026-03-17T01:43:37.087070" elapsed="0.000093"/>
</kw>
<doc>ตรวจว่าออกจาก login page แล้ว</doc>
<status status="FAIL" start="2026-03-17T01:43:37.075917" elapsed="0.011450">'https://csse1469.cpkku.com/login/' contains 'login'</status>
</kw>
<kw name="Verify Not On Login Page" owner="keywords">
<kw name="Get Location" owner="SeleniumLibrary">
<msg time="2026-03-17T01:43:38.098144" level="INFO">${current_url} = https://csse1469.cpkku.com/login/</msg>
<var>${current_url}</var>
<doc>Returns the current browser window URL.</doc>
<status status="PASS" start="2026-03-17T01:43:38.090856" elapsed="0.007509"/>
</kw>
<kw name="Should Not Contain" owner="BuiltIn">
<msg time="2026-03-17T01:43:38.099964" level="FAIL">'https://csse1469.cpkku.com/login/' contains 'login'</msg>
<arg>${current_url}</arg>
<arg>login</arg>
<doc>Fails if ``container`` contains ``item`` one or more times.</doc>
<status status="FAIL" start="2026-03-17T01:43:38.098893" elapsed="0.001249">'https://csse1469.cpkku.com/login/' contains 'login'</status>
</kw>
<kw name="Should Not Contain" owner="BuiltIn">
<arg>${current_url}</arg>
<arg>signin</arg>
<doc>Fails if ``container`` contains ``item`` one or more times.</doc>
<status status="NOT RUN" start="2026-03-17T01:43:38.100420" elapsed="0.000056"/>
</kw>
<doc>ตรวจว่าออกจาก login page แล้ว</doc>
<status status="FAIL" start="2026-03-17T01:43:38.089621" elapsed="0.011044">'https://csse1469.cpkku.com/login/' contains 'login'</status>
</kw>
<kw name="Verify Not On Login Page" owner="keywords">
<kw name="Get Location" owner="SeleniumLibrary">
<msg time="2026-03-17T01:43:39.111026" level="INFO">${current_url} = https://csse1469.cpkku.com/login/</msg>
<var>${current_url}</var>
<doc>Returns the current browser window URL.</doc>
<status status="PASS" start="2026-03-17T01:43:39.103567" elapsed="0.007557"/>
</kw>
<kw name="Should Not Contain" owner="BuiltIn">
<msg time="2026-03-17T01:43:39.112418" level="FAIL">'https://csse1469.cpkku.com/login/' contains 'login'</msg>
<arg>${current_url}</arg>
<arg>login</arg>
<doc>Fails if ``container`` contains ``item`` one or more times.</doc>
<status status="FAIL" start="2026-03-17T01:43:39.111458" elapsed="0.001140">'https://csse1469.cpkku.com/login/' contains 'login'</status>
</kw>
<kw name="Should Not Contain" owner="BuiltIn">
<arg>${current_url}</arg>
<arg>signin</arg>
<doc>Fails if ``container`` contains ``item`` one or more times.</doc>
<status status="NOT RUN" start="2026-03-17T01:43:39.112982" elapsed="0.000087"/>
</kw>
<doc>ตรวจว่าออกจาก login page แล้ว</doc>
<status status="FAIL" start="2026-03-17T01:43:39.102489" elapsed="0.010820">'https://csse1469.cpkku.com/login/' contains 'login'</status>
</kw>
<kw name="Verify Not On Login Page" owner="keywords">
<kw name="Get Location" owner="SeleniumLibrary">
<msg time="2026-03-17T01:43:40.126435" level="INFO">${current_url} = https://csse1469.cpkku.com/login/</msg>
<var>${current_url}</var>
<doc>Returns the current browser window URL.</doc>
<status status="PASS" start="2026-03-17T01:43:40.118455" elapsed="0.008083"/>
</kw>
<kw name="Should Not Contain" owner="BuiltIn">
<msg time="2026-03-17T01:43:40.127588" level="FAIL">'https://csse1469.cpkku.com/login/' contains 'login'</msg>
<arg>${current_url}</arg>
<arg>login</arg>
<doc>Fails if ``container`` contains ``item`` one or more times.</doc>
<status status="FAIL" start="2026-03-17T01:43:40.126862" elapsed="0.000852">'https://csse1469.cpkku.com/login/' contains 'login'</status>
</kw>
<kw name="Should Not Contain" owner="BuiltIn">
<arg>${current_url}</arg>
<arg>signin</arg>
<doc>Fails if ``container`` contains ``item`` one or more times.</doc>
<status status="NOT RUN" start="2026-03-17T01:43:40.127957" elapsed="0.000056"/>
</kw>
<doc>ตรวจว่าออกจาก login page แล้ว</doc>
<status status="FAIL" start="2026-03-17T01:43:40.116866" elapsed="0.011325">'https://csse1469.cpkku.com/login/' contains 'login'</status>
</kw>
<kw name="Verify Not On Login Page" owner="keywords">
<kw name="Get Location" owner="SeleniumLibrary">
<msg time="2026-03-17T01:43:41.138915" level="INFO">${current_url} = https://csse1469.cpkku.com/login/</msg>
<var>${current_url}</var>
<doc>Returns the current browser window URL.</doc>
<status status="PASS" start="2026-03-17T01:43:41.131896" elapsed="0.007084"/>
</kw>
<kw name="Should Not Contain" owner="BuiltIn">
<msg time="2026-03-17T01:43:41.139805" level="FAIL">'https://csse1469.cpkku.com/login/' contains 'login'</msg>
<arg>${current_url}</arg>
<arg>login</arg>
<doc>Fails if ``container`` contains ``item`` one or more times.</doc>
<status status="FAIL" start="2026-03-17T01:43:41.139201" elapsed="0.000716">'https://csse1469.cpkku.com/login/' contains 'login'</status>
</kw>
<kw name="Should Not Contain" owner="BuiltIn">
<arg>${current_url}</arg>
<arg>signin</arg>
<doc>Fails if ``container`` contains ``item`` one or more times.</doc>
<status status="NOT RUN" start="2026-03-17T01:43:41.140155" elapsed="0.000051"/>
</kw>
<doc>ตรวจว่าออกจาก login page แล้ว</doc>
<status status="FAIL" start="2026-03-17T01:43:41.130856" elapsed="0.009516">'https://csse1469.cpkku.com/login/' contains 'login'</status>
</kw>
<kw name="Verify Not On Login Page" owner="keywords">
<kw name="Get Location" owner="SeleniumLibrary">
<msg time="2026-03-17T01:43:42.149674" level="INFO">${current_url} = https://csse1469.cpkku.com/login/</msg>
<var>${current_url}</var>
<doc>Returns the current browser window URL.</doc>
<status status="PASS" start="2026-03-17T01:43:42.142493" elapsed="0.007394"/>
</kw>
<kw name="Should Not Contain" owner="BuiltIn">
<msg time="2026-03-17T01:43:42.150807" level="FAIL">'https://csse1469.cpkku.com/login/' contains 'login'</msg>
<arg>${current_url}</arg>
<arg>login</arg>
<doc>Fails if ``container`` contains ``item`` one or more times.</doc>
<status status="FAIL" start="2026-03-17T01:43:42.150213" elapsed="0.000690">'https://csse1469.cpkku.com/login/' contains 'login'</status>
</kw>
<kw name="Should Not Contain" owner="BuiltIn">
<arg>${current_url}</arg>
<arg>signin</arg>
<doc>Fails if ``container`` contains ``item`` one or more times.</doc>
<status status="NOT RUN" start="2026-03-17T01:43:42.151083" elapsed="0.000040"/>
</kw>
<doc>ตรวจว่าออกจาก login page แล้ว</doc>
<status status="FAIL" start="2026-03-17T01:43:42.141803" elapsed="0.009453">'https://csse1469.cpkku.com/login/' contains 'login'</status>
</kw>
<kw name="Verify Not On Login Page" owner="keywords">
<kw name="Get Location" owner="SeleniumLibrary">
<msg time="2026-03-17T01:43:43.165255" level="INFO">${current_url} = https://csse1469.cpkku.com/login/</msg>
<var>${current_url}</var>
<doc>Returns the current browser window URL.</doc>
<status status="PASS" start="2026-03-17T01:43:43.157013" elapsed="0.008358"/>
</kw>
<kw name="Should Not Contain" owner="BuiltIn">
<msg time="2026-03-17T01:43:43.166558" level="FAIL">'https://csse1469.cpkku.com/login/' contains 'login'</msg>
<arg>${current_url}</arg>
<arg>login</arg>
<doc>Fails if ``container`` contains ``item`` one or more times.</doc>
<status status="FAIL" start="2026-03-17T01:43:43.165691" elapsed="0.000998">'https://csse1469.cpkku.com/login/' contains 'login'</status>
</kw>
<kw name="Should Not Contain" owner="BuiltIn">
<arg>${current_url}</arg>
<arg>signin</arg>
<doc>Fails if ``container`` contains ``item`` one or more times.</doc>
<status status="NOT RUN" start="2026-03-17T01:43:43.166931" elapsed="0.000055"/>
</kw>
<doc>ตรวจว่าออกจาก login page แล้ว</doc>
<status status="FAIL" start="2026-03-17T01:43:43.155273" elapsed="0.011906">'https://csse1469.cpkku.com/login/' contains 'login'</status>
</kw>
<kw name="Verify Not On Login Page" owner="keywords">
<kw name="Get Location" owner="SeleniumLibrary">
<msg time="2026-03-17T01:43:44.178881" level="INFO">${current_url} = https://csse1469.cpkku.com/login/</msg>
<var>${current_url}</var>
<doc>Returns the current browser window URL.</doc>
<status status="PASS" start="2026-03-17T01:43:44.170934" elapsed="0.008043"/>
</kw>
<kw name="Should Not Contain" owner="BuiltIn">
<msg time="2026-03-17T01:43:44.180137" level="FAIL">'https://csse1469.cpkku.com/login/' contains 'login'</msg>
<arg>${current_url}</arg>
<arg>login</arg>
<doc>Fails if ``container`` contains ``item`` one or more times.</doc>
<status status="FAIL" start="2026-03-17T01:43:44.179303" elapsed="0.000971">'https://csse1469.cpkku.com/login/' contains 'login'</status>
</kw>
<kw name="Should Not Contain" owner="BuiltIn">
<arg>${current_url}</arg>
<arg>signin</arg>
<doc>Fails if ``container`` contains ``item`` one or more times.</doc>
<status status="NOT RUN" start="2026-03-17T01:43:44.180517" elapsed="0.000055"/>
</kw>
<doc>ตรวจว่าออกจาก login page แล้ว</doc>
<status status="FAIL" start="2026-03-17T01:43:44.169424" elapsed="0.011331">'https://csse1469.cpkku.com/login/' contains 'login'</status>
</kw>
<kw name="Verify Not On Login Page" owner="keywords">
<kw name="Get Location" owner="SeleniumLibrary">
<msg time="2026-03-17T01:43:45.191255" level="INFO">${current_url} = https://csse1469.cpkku.com/login/</msg>
<var>${current_url}</var>
<doc>Returns the current browser window URL.</doc>
<status status="PASS" start="2026-03-17T01:43:45.184195" elapsed="0.007152"/>
</kw>
<kw name="Should Not Contain" owner="BuiltIn">
<msg time="2026-03-17T01:43:45.192493" level="FAIL">'https://csse1469.cpkku.com/login/' contains 'login'</msg>
<arg>${current_url}</arg>
<arg>login</arg>
<doc>Fails if ``container`` contains ``item`` one or more times.</doc>
<status status="FAIL" start="2026-03-17T01:43:45.191643" elapsed="0.001059">'https://csse1469.cpkku.com/login/' contains 'login'</status>
</kw>
<kw name="Should Not Contain" owner="BuiltIn">
<arg>${current_url}</arg>
<arg>signin</arg>
<doc>Fails if ``container`` contains ``item`` one or more times.</doc>
<status status="NOT RUN" start="2026-03-17T01:43:45.193091" elapsed="0.000086"/>
</kw>
<doc>ตรวจว่าออกจาก login page แล้ว</doc>
<status status="FAIL" start="2026-03-17T01:43:45.183136" elapsed="0.010255">'https://csse1469.cpkku.com/login/' contains 'login'</status>
</kw>
<kw name="Verify Not On Login Page" owner="keywords">
<kw name="Get Location" owner="SeleniumLibrary">
<msg time="2026-03-17T01:43:46.204830" level="INFO">${current_url} = https://csse1469.cpkku.com/login/</msg>
<var>${current_url}</var>
<doc>Returns the current browser window URL.</doc>
<status status="PASS" start="2026-03-17T01:43:46.196743" elapsed="0.008189"/>
</kw>
<kw name="Should Not Contain" owner="BuiltIn">
<msg time="2026-03-17T01:43:46.205927" level="FAIL">'https://csse1469.cpkku.com/login/' contains 'login'</msg>
<arg>${current_url}</arg>
<arg>login</arg>
<doc>Fails if ``container`` contains ``item`` one or more times.</doc>
<status status="FAIL" start="2026-03-17T01:43:46.205209" elapsed="0.000846">'https://csse1469.cpkku.com/login/' contains 'login'</status>
</kw>
<kw name="Should Not Contain" owner="BuiltIn">
<arg>${current_url}</arg>
<arg>signin</arg>
<doc>Fails if ``container`` contains ``item`` one or more times.</doc>
<status status="NOT RUN" start="2026-03-17T01:43:46.206402" elapsed="0.000057"/>
</kw>
<doc>ตรวจว่าออกจาก login page แล้ว</doc>
<status status="FAIL" start="2026-03-17T01:43:46.195430" elapsed="0.011211">'https://csse1469.cpkku.com/login/' contains 'login'</status>
</kw>
<kw name="Verify Not On Login Page" owner="keywords">
<kw name="Get Location" owner="SeleniumLibrary">
<msg time="2026-03-17T01:43:47.216509" level="INFO">${current_url} = https://csse1469.cpkku.com/login/</msg>
<var>${current_url}</var>
<doc>Returns the current browser window URL.</doc>
<status status="PASS" start="2026-03-17T01:43:47.209211" elapsed="0.007394"/>
</kw>
<kw name="Should Not Contain" owner="BuiltIn">
<msg time="2026-03-17T01:43:47.217768" level="FAIL">'https://csse1469.cpkku.com/login/' contains 'login'</msg>
<arg>${current_url}</arg>
<arg>login</arg>
<doc>Fails if ``container`` contains ``item`` one or more times.</doc>
<status status="FAIL" start="2026-03-17T01:43:47.216931" elapsed="0.000964">'https://csse1469.cpkku.com/login/' contains 'login'</status>
</kw>
<kw name="Should Not Contain" owner="BuiltIn">
<arg>${current_url}</arg>
<arg>signin</arg>
<doc>Fails if ``container`` contains ``item`` one or more times.</doc>
<status status="NOT RUN" start="2026-03-17T01:43:47.218239" elapsed="0.000123"/>
</kw>
<doc>ตรวจว่าออกจาก login page แล้ว</doc>
<status status="FAIL" start="2026-03-17T01:43:47.208505" elapsed="0.010126">'https://csse1469.cpkku.com/login/' contains 'login'</status>
</kw>
<kw name="Verify Not On Login Page" owner="keywords">
<kw name="Get Location" owner="SeleniumLibrary">
<msg time="2026-03-17T01:43:48.229166" level="INFO">${current_url} = https://csse1469.cpkku.com/login/</msg>
<var>${current_url}</var>
<doc>Returns the current browser window URL.</doc>
<status status="PASS" start="2026-03-17T01:43:48.221494" elapsed="0.007782"/>
</kw>
<kw name="Should Not Contain" owner="BuiltIn">
<msg time="2026-03-17T01:43:48.230478" level="FAIL">'https://csse1469.cpkku.com/login/' contains 'login'</msg>
<arg>${current_url}</arg>
<arg>login</arg>
<doc>Fails if ``container`` contains ``item`` one or more times.</doc>
<status status="FAIL" start="2026-03-17T01:43:48.229619" elapsed="0.001019">'https://csse1469.cpkku.com/login/' contains 'login'</status>
</kw>
<kw name="Should Not Contain" owner="BuiltIn">
<arg>${current_url}</arg>
<arg>signin</arg>
<doc>Fails if ``container`` contains ``item`` one or more times.</doc>
<status status="NOT RUN" start="2026-03-17T01:43:48.230954" elapsed="0.000069"/>
</kw>
<doc>ตรวจว่าออกจาก login page แล้ว</doc>
<status status="FAIL" start="2026-03-17T01:43:48.220391" elapsed="0.010866">'https://csse1469.cpkku.com/login/' contains 'login'</status>
</kw>
<kw name="Verify Not On Login Page" owner="keywords">
<kw name="Get Location" owner="SeleniumLibrary">
<msg time="2026-03-17T01:43:49.236674" level="INFO">${current_url} = https://csse1469.cpkku.com/login/</msg>
<var>${current_url}</var>
<doc>Returns the current browser window URL.</doc>
<status status="PASS" start="2026-03-17T01:43:49.232989" elapsed="0.003736"/>
</kw>
<kw name="Should Not Contain" owner="BuiltIn">
<msg time="2026-03-17T01:43:49.237324" level="FAIL">'https://csse1469.cpkku.com/login/' contains 'login'</msg>
<arg>${current_url}</arg>
<arg>login</arg>
<doc>Fails if ``container`` contains ``item`` one or more times.</doc>
<status status="FAIL" start="2026-03-17T01:43:49.236883" elapsed="0.000520">'https://csse1469.cpkku.com/login/' contains 'login'</status>
</kw>
<kw name="Should Not Contain" owner="BuiltIn">
<arg>${current_url}</arg>
<arg>signin</arg>
<doc>Fails if ``container`` contains ``item`` one or more times.</doc>
<status status="NOT RUN" start="2026-03-17T01:43:49.237549" elapsed="0.000034"/>
</kw>
<doc>ตรวจว่าออกจาก login page แล้ว</doc>
<status status="FAIL" start="2026-03-17T01:43:49.232669" elapsed="0.005028">'https://csse1469.cpkku.com/login/' contains 'login'</status>
</kw>
<kw name="Verify Not On Login Page" owner="keywords">
<kw name="Get Location" owner="SeleniumLibrary">
<msg time="2026-03-17T01:43:50.248522" level="INFO">${current_url} = https://csse1469.cpkku.com/login/</msg>
<var>${current_url}</var>
<doc>Returns the current browser window URL.</doc>
<status status="PASS" start="2026-03-17T01:43:50.241008" elapsed="0.007608"/>
</kw>
<kw name="Should Not Contain" owner="BuiltIn">
<msg time="2026-03-17T01:43:50.249674" level="FAIL">'https://csse1469.cpkku.com/login/' contains 'login'</msg>
<arg>${current_url}</arg>
<arg>login</arg>
<doc>Fails if ``container`` contains ``item`` one or more times.</doc>
<status status="FAIL" start="2026-03-17T01:43:50.248926" elapsed="0.000876">'https://csse1469.cpkku.com/login/' contains 'login'</status>
</kw>
<kw name="Should Not Contain" owner="BuiltIn">
<arg>${current_url}</arg>
<arg>signin</arg>
<doc>Fails if ``container`` contains ``item`` one or more times.</doc>
<status status="NOT RUN" start="2026-03-17T01:43:50.250057" elapsed="0.000054"/>
</kw>
<doc>ตรวจว่าออกจาก login page แล้ว</doc>
<status status="FAIL" start="2026-03-17T01:43:50.239485" elapsed="0.010817">'https://csse1469.cpkku.com/login/' contains 'login'</status>
</kw>
<kw name="Verify Not On Login Page" owner="keywords">
<kw name="Get Location" owner="SeleniumLibrary">
<msg time="2026-03-17T01:43:51.263424" level="INFO">${current_url} = https://csse1469.cpkku.com/login/</msg>
<var>${current_url}</var>
<doc>Returns the current browser window URL.</doc>
<status status="PASS" start="2026-03-17T01:43:51.255629" elapsed="0.007899"/>
</kw>
<kw name="Should Not Contain" owner="BuiltIn">
<msg time="2026-03-17T01:43:51.264671" level="FAIL">'https://csse1469.cpkku.com/login/' contains 'login'</msg>
<arg>${current_url}</arg>
<arg>login</arg>
<doc>Fails if ``container`` contains ``item`` one or more times.</doc>
<status status="FAIL" start="2026-03-17T01:43:51.263882" elapsed="0.000918">'https://csse1469.cpkku.com/login/' contains 'login'</status>
</kw>
<kw name="Should Not Contain" owner="BuiltIn">
<arg>${current_url}</arg>
<arg>signin</arg>
<doc>Fails if ``container`` contains ``item`` one or more times.</doc>
<status status="NOT RUN" start="2026-03-17T01:43:51.265057" elapsed="0.000053"/>
</kw>
<doc>ตรวจว่าออกจาก login page แล้ว</doc>
<status status="FAIL" start="2026-03-17T01:43:51.254152" elapsed="0.011158">'https://csse1469.cpkku.com/login/' contains 'login'</status>
</kw>
<kw name="Verify Not On Login Page" owner="keywords">
<kw name="Get Location" owner="SeleniumLibrary">
<msg time="2026-03-17T01:43:52.275371" level="INFO">${current_url} = https://csse1469.cpkku.com/login/</msg>
<var>${current_url}</var>
<doc>Returns the current browser window URL.</doc>
<status status="PASS" start="2026-03-17T01:43:52.268471" elapsed="0.007005"/>
</kw>
<kw name="Should Not Contain" owner="BuiltIn">
<msg time="2026-03-17T01:43:52.276591" level="FAIL">'https://csse1469.cpkku.com/login/' contains 'login'</msg>
<arg>${current_url}</arg>
<arg>login</arg>
<doc>Fails if ``container`` contains ``item`` one or more times.</doc>
<status status="FAIL" start="2026-03-17T01:43:52.275853" elapsed="0.000867">'https://csse1469.cpkku.com/login/' contains 'login'</status>
</kw>
<kw name="Should Not Contain" owner="BuiltIn">
<arg>${current_url}</arg>
<arg>signin</arg>
<doc>Fails if ``container`` contains ``item`` one or more times.</doc>
<status status="NOT RUN" start="2026-03-17T01:43:52.276959" elapsed="0.000055"/>
</kw>
<doc>ตรวจว่าออกจาก login page แล้ว</doc>
<status status="FAIL" start="2026-03-17T01:43:52.267389" elapsed="0.009805">'https://csse1469.cpkku.com/login/' contains 'login'</status>
</kw>
<kw name="Verify Not On Login Page" owner="keywords">
<kw name="Get Location" owner="SeleniumLibrary">
<msg time="2026-03-17T01:43:53.290983" level="INFO">${current_url} = https://csse1469.cpkku.com/login/</msg>
<var>${current_url}</var>
<doc>Returns the current browser window URL.</doc>
<status status="PASS" start="2026-03-17T01:43:53.282966" elapsed="0.008110"/>
</kw>
<kw name="Should Not Contain" owner="BuiltIn">
<msg time="2026-03-17T01:43:53.292176" level="FAIL">'https://csse1469.cpkku.com/login/' contains 'login'</msg>
<arg>${current_url}</arg>
<arg>login</arg>
<doc>Fails if ``container`` contains ``item`` one or more times.</doc>
<status status="FAIL" start="2026-03-17T01:43:53.291409" elapsed="0.000906">'https://csse1469.cpkku.com/login/' contains 'login'</status>
</kw>
<kw name="Should Not Contain" owner="BuiltIn">
<arg>${current_url}</arg>
<arg>signin</arg>
<doc>Fails if ``container`` contains ``item`` one or more times.</doc>
<status status="NOT RUN" start="2026-03-17T01:43:53.292560" elapsed="0.000056"/>
</kw>
<doc>ตรวจว่าออกจาก login page แล้ว</doc>
<status status="FAIL" start="2026-03-17T01:43:53.280236" elapsed="0.012577">'https://csse1469.cpkku.com/login/' contains 'login'</status>
</kw>
<kw name="Verify Not On Login Page" owner="keywords">
<kw name="Get Location" owner="SeleniumLibrary">
<msg time="2026-03-17T01:43:54.303916" level="INFO">${current_url} = https://csse1469.cpkku.com/login/</msg>
<var>${current_url}</var>
<doc>Returns the current browser window URL.</doc>
<status status="PASS" start="2026-03-17T01:43:54.297119" elapsed="0.006875"/>
</kw>
<kw name="Should Not Contain" owner="BuiltIn">
<msg time="2026-03-17T01:43:54.304875" level="FAIL">'https://csse1469.cpkku.com/login/' contains 'login'</msg>
<arg>${current_url}</arg>
<arg>login</arg>
<doc>Fails if ``container`` contains ``item`` one or more times.</doc>
<status status="FAIL" start="2026-03-17T01:43:54.304252" elapsed="0.000736">'https://csse1469.cpkku.com/login/' contains 'login'</status>
</kw>
<kw name="Should Not Contain" owner="BuiltIn">
<arg>${current_url}</arg>
<arg>signin</arg>
<doc>Fails if ``container`` contains ``item`` one or more times.</doc>
<status status="NOT RUN" start="2026-03-17T01:43:54.305223" elapsed="0.000052"/>
</kw>
<doc>ตรวจว่าออกจาก login page แล้ว</doc>
<status status="FAIL" start="2026-03-17T01:43:54.296054" elapsed="0.009398">'https://csse1469.cpkku.com/login/' contains 'login'</status>
</kw>
<kw name="Verify Not On Login Page" owner="keywords">
<kw name="Get Location" owner="SeleniumLibrary">
<msg time="2026-03-17T01:43:55.316821" level="INFO">${current_url} = https://csse1469.cpkku.com/login/</msg>
<var>${current_url}</var>
<doc>Returns the current browser window URL.</doc>
<status status="PASS" start="2026-03-17T01:43:55.309381" elapsed="0.007549"/>
</kw>
<kw name="Should Not Contain" owner="BuiltIn">
<msg time="2026-03-17T01:43:55.318121" level="FAIL">'https://csse1469.cpkku.com/login/' contains 'login'</msg>
<arg>${current_url}</arg>
<arg>login</arg>
<doc>Fails if ``container`` contains ``item`` one or more times.</doc>
<status status="FAIL" start="2026-03-17T01:43:55.317286" elapsed="0.000961">'https://csse1469.cpkku.com/login/' contains 'login'</status>
</kw>
<kw name="Should Not Contain" owner="BuiltIn">
<arg>${current_url}</arg>
<arg>signin</arg>
<doc>Fails if ``container`` contains ``item`` one or more times.</doc>
<status status="NOT RUN" start="2026-03-17T01:43:55.318496" elapsed="0.000056"/>
</kw>
<doc>ตรวจว่าออกจาก login page แล้ว</doc>
<status status="FAIL" start="2026-03-17T01:43:55.307893" elapsed="0.010840">'https://csse1469.cpkku.com/login/' contains 'login'</status>
</kw>
<kw name="Verify Not On Login Page" owner="keywords">
<kw name="Get Location" owner="SeleniumLibrary">
<msg time="2026-03-17T01:43:56.331445" level="INFO">${current_url} = https://csse1469.cpkku.com/login/</msg>
<var>${current_url}</var>
<doc>Returns the current browser window URL.</doc>
<status status="PASS" start="2026-03-17T01:43:56.322525" elapsed="0.009007"/>
</kw>
<kw name="Should Not Contain" owner="BuiltIn">
<msg time="2026-03-17T01:43:56.332586" level="FAIL">'https://csse1469.cpkku.com/login/' contains 'login'</msg>
<arg>${current_url}</arg>
<arg>login</arg>
<doc>Fails if ``container`` contains ``item`` one or more times.</doc>
<status status="FAIL" start="2026-03-17T01:43:56.331831" elapsed="0.000896">'https://csse1469.cpkku.com/login/' contains 'login'</status>
</kw>
<kw name="Should Not Contain" owner="BuiltIn">
<arg>${current_url}</arg>
<arg>signin</arg>
<doc>Fails if ``container`` contains ``item`` one or more times.</doc>
<status status="NOT RUN" start="2026-03-17T01:43:56.332959" elapsed="0.000050"/>
</kw>
<doc>ตรวจว่าออกจาก login page แล้ว</doc>
<status status="FAIL" start="2026-03-17T01:43:56.321467" elapsed="0.011711">'https://csse1469.cpkku.com/login/' contains 'login'</status>
</kw>
<kw name="Verify Not On Login Page" owner="keywords">
<kw name="Get Location" owner="SeleniumLibrary">
<msg time="2026-03-17T01:43:57.343989" level="INFO">${current_url} = https://csse1469.cpkku.com/login/</msg>
<var>${current_url}</var>
<doc>Returns the current browser window URL.</doc>
<status status="PASS" start="2026-03-17T01:43:57.336547" elapsed="0.007604"/>
</kw>
<kw name="Should Not Contain" owner="BuiltIn">
<msg time="2026-03-17T01:43:57.345517" level="FAIL">'https://csse1469.cpkku.com/login/' contains 'login'</msg>
<arg>${current_url}</arg>
<arg>login</arg>
<doc>Fails if ``container`` contains ``item`` one or more times.</doc>
<status status="FAIL" start="2026-03-17T01:43:57.344605" elapsed="0.001074">'https://csse1469.cpkku.com/login/' contains 'login'</status>
</kw>
<kw name="Should Not Contain" owner="BuiltIn">
<arg>${current_url}</arg>
<arg>signin</arg>
<doc>Fails if ``container`` contains ``item`` one or more times.</doc>
<status status="NOT RUN" start="2026-03-17T01:43:57.345984" elapsed="0.000069"/>
</kw>
<doc>ตรวจว่าออกจาก login page แล้ว</doc>
<status status="FAIL" start="2026-03-17T01:43:57.335208" elapsed="0.011039">'https://csse1469.cpkku.com/login/' contains 'login'</status>
</kw>
<kw name="Verify Not On Login Page" owner="keywords">
<kw name="Get Location" owner="SeleniumLibrary">
<msg time="2026-03-17T01:43:58.357531" level="INFO">${current_url} = https://csse1469.cpkku.com/login/</msg>
<var>${current_url}</var>
<doc>Returns the current browser window URL.</doc>
<status status="PASS" start="2026-03-17T01:43:58.349840" elapsed="0.007787"/>
</kw>
<kw name="Should Not Contain" owner="BuiltIn">
<msg time="2026-03-17T01:43:58.358946" level="FAIL">'https://csse1469.cpkku.com/login/' contains 'login'</msg>
<arg>${current_url}</arg>
<arg>login</arg>
<doc>Fails if ``container`` contains ``item`` one or more times.</doc>
<status status="FAIL" start="2026-03-17T01:43:58.357935" elapsed="0.001198">'https://csse1469.cpkku.com/login/' contains 'login'</status>
</kw>
<kw name="Should Not Contain" owner="BuiltIn">
<arg>${current_url}</arg>
<arg>signin</arg>
<doc>Fails if ``container`` contains ``item`` one or more times.</doc>
<status status="NOT RUN" start="2026-03-17T01:43:58.359587" elapsed="0.000091"/>
</kw>
<doc>ตรวจว่าออกจาก login page แล้ว</doc>
<status status="FAIL" start="2026-03-17T01:43:58.348673" elapsed="0.011230">'https://csse1469.cpkku.com/login/' contains 'login'</status>
</kw>
<kw name="Verify Not On Login Page" owner="keywords">
<kw name="Get Location" owner="SeleniumLibrary">
<msg time="2026-03-17T01:43:59.371055" level="INFO">${current_url} = https://csse1469.cpkku.com/login/</msg>
<var>${current_url}</var>
<doc>Returns the current browser window URL.</doc>
<status status="PASS" start="2026-03-17T01:43:59.363127" elapsed="0.008039"/>
</kw>
<kw name="Should Not Contain" owner="BuiltIn">
<msg time="2026-03-17T01:43:59.372319" level="FAIL">'https://csse1469.cpkku.com/login/' contains 'login'</msg>
<arg>${current_url}</arg>
<arg>login</arg>
<doc>Fails if ``container`` contains ``item`` one or more times.</doc>
<status status="FAIL" start="2026-03-17T01:43:59.371515" elapsed="0.000933">'https://csse1469.cpkku.com/login/' contains 'login'</status>
</kw>
<kw name="Should Not Contain" owner="BuiltIn">
<arg>${current_url}</arg>
<arg>signin</arg>
<doc>Fails if ``container`` contains ``item`` one or more times.</doc>
<status status="NOT RUN" start="2026-03-17T01:43:59.372805" elapsed="0.000055"/>
</kw>
<doc>ตรวจว่าออกจาก login page แล้ว</doc>
<status status="FAIL" start="2026-03-17T01:43:59.361626" elapsed="0.011427">'https://csse1469.cpkku.com/login/' contains 'login'</status>
</kw>
<kw name="Verify Not On Login Page" owner="keywords">
<kw name="Get Location" owner="SeleniumLibrary">
<msg time="2026-03-17T01:44:00.384343" level="INFO">${current_url} = https://csse1469.cpkku.com/login/</msg>
<var>${current_url}</var>
<doc>Returns the current browser window URL.</doc>
<status status="PASS" start="2026-03-17T01:44:00.376068" elapsed="0.008377"/>
</kw>
<kw name="Should Not Contain" owner="BuiltIn">
<msg time="2026-03-17T01:44:00.385680" level="FAIL">'https://csse1469.cpkku.com/login/' contains 'login'</msg>
<arg>${current_url}</arg>
<arg>login</arg>
<doc>Fails if ``container`` contains ``item`` one or more times.</doc>
<status status="FAIL" start="2026-03-17T01:44:00.384789" elapsed="0.001045">'https://csse1469.cpkku.com/login/' contains 'login'</status>
</kw>
<kw name="Should Not Contain" owner="BuiltIn">
<arg>${current_url}</arg>
<arg>signin</arg>
<doc>Fails if ``container`` contains ``item`` one or more times.</doc>
<status status="NOT RUN" start="2026-03-17T01:44:00.386157" elapsed="0.000068"/>
</kw>
<doc>ตรวจว่าออกจาก login page แล้ว</doc>
<status status="FAIL" start="2026-03-17T01:44:00.374646" elapsed="0.011812">'https://csse1469.cpkku.com/login/' contains 'login'</status>
</kw>
<kw name="Verify Not On Login Page" owner="keywords">
<kw name="Get Location" owner="SeleniumLibrary">
<msg time="2026-03-17T01:44:01.399899" level="INFO">${current_url} = https://csse1469.cpkku.com/login/</msg>
<var>${current_url}</var>
<doc>Returns the current browser window URL.</doc>
<status status="PASS" start="2026-03-17T01:44:01.391188" elapsed="0.008828"/>
</kw>
<kw name="Should Not Contain" owner="BuiltIn">
<msg time="2026-03-17T01:44:01.401319" level="FAIL">'https://csse1469.cpkku.com/login/' contains 'login'</msg>
<arg>${current_url}</arg>
<arg>login</arg>
<doc>Fails if ``container`` contains ``item`` one or more times.</doc>
<status status="FAIL" start="2026-03-17T01:44:01.400395" elapsed="0.001082">'https://csse1469.cpkku.com/login/' contains 'login'</status>
</kw>
<kw name="Should Not Contain" owner="BuiltIn">
<arg>${current_url}</arg>
<arg>signin</arg>
<doc>Fails if ``container`` contains ``item`` one or more times.</doc>
<status status="NOT RUN" start="2026-03-17T01:44:01.401721" elapsed="0.000054"/>
</kw>
<doc>ตรวจว่าออกจาก login page แล้ว</doc>
<status status="FAIL" start="2026-03-17T01:44:01.389817" elapsed="0.012154">'https://csse1469.cpkku.com/login/' contains 'login'</status>
</kw>
<kw name="Verify Not On Login Page" owner="keywords">
<kw name="Get Location" owner="SeleniumLibrary">
<msg time="2026-03-17T01:44:02.411954" level="INFO">${current_url} = https://csse1469.cpkku.com/login/</msg>
<var>${current_url}</var>
<doc>Returns the current browser window URL.</doc>
<status status="PASS" start="2026-03-17T01:44:02.404909" elapsed="0.007155"/>
</kw>
<kw name="Should Not Contain" owner="BuiltIn">
<msg time="2026-03-17T01:44:02.413309" level="FAIL">'https://csse1469.cpkku.com/login/' contains 'login'</msg>
<arg>${current_url}</arg>
<arg>login</arg>
<doc>Fails if ``container`` contains ``item`` one or more times.</doc>
<status status="FAIL" start="2026-03-17T01:44:02.412427" elapsed="0.001028">'https://csse1469.cpkku.com/login/' contains 'login'</status>
</kw>
<kw name="Should Not Contain" owner="BuiltIn">
<arg>${current_url}</arg>
<arg>signin</arg>
<doc>Fails if ``container`` contains ``item`` one or more times.</doc>
<status status="NOT RUN" start="2026-03-17T01:44:02.413696" elapsed="0.000063"/>
</kw>
<doc>ตรวจว่าออกจาก login page แล้ว</doc>
<status status="FAIL" start="2026-03-17T01:44:02.403909" elapsed="0.010038">'https://csse1469.cpkku.com/login/' contains 'login'</status>
</kw>
<kw name="Verify Not On Login Page" owner="keywords">
<kw name="Get Location" owner="SeleniumLibrary">
<msg time="2026-03-17T01:44:03.425030" level="INFO">${current_url} = https://csse1469.cpkku.com/login/</msg>
<var>${current_url}</var>
<doc>Returns the current browser window URL.</doc>
<status status="PASS" start="2026-03-17T01:44:03.416755" elapsed="0.008385"/>
</kw>
<kw name="Should Not Contain" owner="BuiltIn">
<msg time="2026-03-17T01:44:03.426347" level="FAIL">'https://csse1469.cpkku.com/login/' contains 'login'</msg>
<arg>${current_url}</arg>
<arg>login</arg>
<doc>Fails if ``container`` contains ``item`` one or more times.</doc>
<status status="FAIL" start="2026-03-17T01:44:03.425520" elapsed="0.000954">'https://csse1469.cpkku.com/login/' contains 'login'</status>
</kw>
<kw name="Should Not Contain" owner="BuiltIn">
<arg>${current_url}</arg>
<arg>signin</arg>
<doc>Fails if ``container`` contains ``item`` one or more times.</doc>
<status status="NOT RUN" start="2026-03-17T01:44:03.426715" elapsed="0.000058"/>
</kw>
<doc>ตรวจว่าออกจาก login page แล้ว</doc>
<status status="FAIL" start="2026-03-17T01:44:03.415511" elapsed="0.011477">'https://csse1469.cpkku.com/login/' contains 'login'</status>
</kw>
<kw name="Verify Not On Login Page" owner="keywords">
<kw name="Get Location" owner="SeleniumLibrary">
<msg time="2026-03-17T01:44:04.437898" level="INFO">${current_url} = https://csse1469.cpkku.com/login/</msg>
<var>${current_url}</var>
<doc>Returns the current browser window URL.</doc>
<status status="PASS" start="2026-03-17T01:44:04.430316" elapsed="0.007659"/>
</kw>
<kw name="Should Not Contain" owner="BuiltIn">
<msg time="2026-03-17T01:44:04.438899" level="FAIL">'https://csse1469.cpkku.com/login/' contains 'login'</msg>
<arg>${current_url}</arg>
<arg>login</arg>
<doc>Fails if ``container`` contains ``item`` one or more times.</doc>
<status status="FAIL" start="2026-03-17T01:44:04.438230" elapsed="0.000791">'https://csse1469.cpkku.com/login/' contains 'login'</status>
</kw>
<kw name="Should Not Contain" owner="BuiltIn">
<arg>${current_url}</arg>
<arg>signin</arg>
<doc>Fails if ``container`` contains ``item`` one or more times.</doc>
<status status="NOT RUN" start="2026-03-17T01:44:04.439250" elapsed="0.000052"/>
</kw>
<doc>ตรวจว่าออกจาก login page แล้ว</doc>
<status status="FAIL" start="2026-03-17T01:44:04.429031" elapsed="0.010449">'https://csse1469.cpkku.com/login/' contains 'login'</status>
</kw>
<kw name="Verify Not On Login Page" owner="keywords">
<kw name="Get Location" owner="SeleniumLibrary">
<msg time="2026-03-17T01:44:05.452824" level="INFO">${current_url} = https://csse1469.cpkku.com/login/</msg>
<var>${current_url}</var>
<doc>Returns the current browser window URL.</doc>
<status status="PASS" start="2026-03-17T01:44:05.444807" elapsed="0.008104"/>
</kw>
<kw name="Should Not Contain" owner="BuiltIn">
<msg time="2026-03-17T01:44:05.453940" level="FAIL">'https://csse1469.cpkku.com/login/' contains 'login'</msg>
<arg>${current_url}</arg>
<arg>login</arg>
<doc>Fails if ``container`` contains ``item`` one or more times.</doc>
<status status="FAIL" start="2026-03-17T01:44:05.453202" elapsed="0.000866">'https://csse1469.cpkku.com/login/' contains 'login'</status>
</kw>
<kw name="Should Not Contain" owner="BuiltIn">
<arg>${current_url}</arg>
<arg>signin</arg>
<doc>Fails if ``container`` contains ``item`` one or more times.</doc>
<status status="NOT RUN" start="2026-03-17T01:44:05.454310" elapsed="0.000054"/>
</kw>
<doc>ตรวจว่าออกจาก login page แล้ว</doc>
<status status="FAIL" start="2026-03-17T01:44:05.443375" elapsed="0.011182">'https://csse1469.cpkku.com/login/' contains 'login'</status>
</kw>
<msg time="2026-03-17T01:44:05.454721" level="FAIL">Keyword 'Verify Not On Login Page' failed after retrying for 45 seconds. The last error was: 'https://csse1469.cpkku.com/login/' contains 'login'</msg>
<arg>${LONG_TIMEOUT}</arg>
<arg>1s</arg>
<arg>Verify Not On Login Page</arg>
<doc>Runs the specified keyword and retries if it fails.</doc>
<status status="FAIL" start="2026-03-17T01:43:19.874050" elapsed="45.581259">Keyword 'Verify Not On Login Page' failed after retrying for 45 seconds. The last error was: 'https://csse1469.cpkku.com/login/' contains 'login'</status>
</kw>
<kw name="Wait Until Element Is Visible" owner="SeleniumLibrary">
<arg>xpath=//nav | //*[@id='__nuxt'] | //main</arg>
<arg>timeout=${DEFAULT_TIMEOUT}</arg>
<doc>Waits until the element ``locator`` is visible.</doc>
<status status="NOT RUN" start="2026-03-17T01:44:05.455626" elapsed="0.000079"/>
</kw>
<kw name="Sleep" owner="BuiltIn">
<arg>0.5s</arg>
<doc>Pauses the test executed for the given time.</doc>
<status status="NOT RUN" start="2026-03-17T01:44:05.455906" elapsed="0.000050"/>
</kw>
<doc>รอยืนยันว่า login สำเร็จ: form หายไป หรือ redirect สำเร็จ</doc>
<status status="FAIL" start="2026-03-17T01:43:19.873892" elapsed="45.582231">Keyword 'Verify Not On Login Page' failed after retrying for 45 seconds. The last error was: 'https://csse1469.cpkku.com/login/' contains 'login'</status>
</kw>
<doc>เปิด browser, รอ page โหลดเสร็จ แล้ว login ด้วย passenger account</doc>
<status status="FAIL" start="2026-03-17T01:43:16.346557" elapsed="49.109742">Keyword 'Verify Not On Login Page' failed after retrying for 45 seconds. The last error was: 'https://csse1469.cpkku.com/login/' contains 'login'</status>
</kw>
<test id="s1-t1" name="TC01 - Login ด้วย Email และ Password ที่ถูกต้อง" line="23">
<doc>ตรวจสอบว่า login สำเร็จแล้วนำทางมาถึงหน้า myTrips ได้</doc>
<tag>login</tag>
<tag>smoke</tag>
<status status="FAIL" start="2026-03-17T01:44:05.456518" elapsed="0.002879">Parent suite setup failed:
Keyword 'Verify Not On Login Page' failed after retrying for 45 seconds. The last error was: 'https://csse1469.cpkku.com/login/' contains 'login'</status>
</test>
<test id="s1-t2" name="TC02 - หน้า myTrips แสดง Tab ครบทั้ง 6 รายการ" line="30">
<doc>ตรวจว่า tab ทุกอัน render อยู่บนหน้า</doc>
<tag>smoke</tag>
<tag>ui</tag>
<status status="FAIL" start="2026-03-17T01:44:05.459850" elapsed="0.002251">Parent suite setup failed:
Keyword 'Verify Not On Login Page' failed after retrying for 45 seconds. The last error was: 'https://csse1469.cpkku.com/login/' contains 'login'</status>
</test>
<test id="s1-t3" name="TC03 - Tab แสดงจำนวน Trip ในแต่ละสถานะ" line="40">
<doc>ตรวจว่า count ใน tab ไม่เป็นค่าว่าง</doc>
<tag>smoke</tag>
<tag>ui</tag>
<status status="FAIL" start="2026-03-17T01:44:05.462481" elapsed="0.001828">Parent suite setup failed:
Keyword 'Verify Not On Login Page' failed after retrying for 45 seconds. The last error was: 'https://csse1469.cpkku.com/login/' contains 'login'</status>
</test>
<test id="s1-t4" name="TC04 - แผนที่เส้นทางแสดงผลอยู่ด้านขวา" line="46">
<doc>ตรวจว่า map container render อยู่บนหน้า</doc>
<tag>smoke</tag>
<tag>ui</tag>
<status status="FAIL" start="2026-03-17T01:44:05.464604" elapsed="0.002099">Parent suite setup failed:
Keyword 'Verify Not On Login Page' failed after retrying for 45 seconds. The last error was: 'https://csse1469.cpkku.com/login/' contains 'login'</status>
</test>
<test id="s1-t5" name="TC05 - กด Tab &quot;ทั้งหมด&quot; แสดง Trip ทุกรายการ" line="51">
<doc>ตรวจว่ากด Tab ทั้งหมดแล้ว trip card ปรากฏ</doc>
<tag>tab</tag>
<tag>ui</tag>
<status status="FAIL" start="2026-03-17T01:44:05.467027" elapsed="0.002177">Parent suite setup failed:
Keyword 'Verify Not On Login Page' failed after retrying for 45 seconds. The last error was: 'https://csse1469.cpkku.com/login/' contains 'login'</status>
</test>
<test id="s1-t6" name="TC06 - คลิก Trip Card ครั้งแรกเพื่อดูรายละเอียด" line="64">
<doc>ตรวจว่า detail section เปิดออกมา</doc>
<tag>trip_detail</tag>
<tag>ui</tag>
<status status="FAIL" start="2026-03-17T01:44:05.469509" elapsed="0.001886">Parent suite setup failed:
Keyword 'Verify Not On Login Page' failed after retrying for 45 seconds. The last error was: 'https://csse1469.cpkku.com/login/' contains 'login'</status>
</test>
<test id="s1-t7" name="TC07 - คลิก Trip Card ซ้ำเพื่อ Collapse รายละเอียด" line="75">
<doc>คลิกซ้ำแล้ว detail ต้องซ่อนอีกครั้ง</doc>
<tag>trip_detail</tag>
<tag>ui</tag>
<status status="FAIL" start="2026-03-17T01:44:05.471706" elapsed="0.001755">Parent suite setup failed:
Keyword 'Verify Not On Login Page' failed after retrying for 45 seconds. The last error was: 'https://csse1469.cpkku.com/login/' contains 'login'</status>
</test>
<test id="s1-t8" name="TC08 - รายละเอียดเส้นทางแสดงจุดเริ่มต้นและปลายทาง" line="89">
<doc>expand card แล้วตรวจว่า จุดเริ่มต้น/ปลายทาง แสดง</doc>
<tag>trip_detail</tag>
<tag>ui</tag>
<status status="FAIL" start="2026-03-17T01:44:05.473707" elapsed="0.002346">Parent suite setup failed:
Keyword 'Verify Not On Login Page' failed after retrying for 45 seconds. The last error was: 'https://csse1469.cpkku.com/login/' contains 'login'</status>
</test>
<test id="s1-t9" name="TC09 - แผนที่อัปเดตเมื่อคลิก Trip Card" line="101">
<doc>ตรวจว่า map ยังคง visible หลังจากคลิก card</doc>
<tag>map</tag>
<tag>ui</tag>
<status status="FAIL" start="2026-03-17T01:44:05.476298" elapsed="0.001496">Parent suite setup failed:
Keyword 'Verify Not On Login Page' failed after retrying for 45 seconds. The last error was: 'https://csse1469.cpkku.com/login/' contains 'login'</status>
</test>
<test id="s1-t10" name="TC10 - ส่ง Report สำเร็จ (Happy Path)" line="113">
<tag>critical</tag>
<tag>happy_path</tag>
<tag>report</tag>
<status status="FAIL" start="2026-03-17T01:44:05.478038" elapsed="0.000622">Parent suite setup failed:
Keyword 'Verify Not On Login Page' failed after retrying for 45 seconds. The last error was: 'https://csse1469.cpkku.com/login/' contains 'login'</status>
</test>
<test id="s1-t11" name="TC11 - หลัง Report สำเร็จ ปุ่มรายงานเปลี่ยนเป็น &quot;ดูประวัติการรายงาน&quot;" line="127">
<doc>guard: ปุ่มรายงานต้องหายไป → แสดงปุ่ม "ดูประวัติการรายงาน" แทน</doc>
<tag>guard</tag>
<tag>report</tag>
<status status="FAIL" start="2026-03-17T01:44:05.478901" elapsed="0.002961">Parent suite setup failed:
Keyword 'Verify Not On Login Page' failed after retrying for 45 seconds. The last error was: 'https://csse1469.cpkku.com/login/' contains 'login'</status>
</test>
<test id="s1-t12" name="TC12 - คลิก &quot;ประวัติการรีพอร์ต&quot; บน Navbar นำทางไปหน้า myHistory" line="134">
<doc>กดลิงก์ "ประวัติการรีพอร์ต" ใน navbar → URL ต้องเปลี่ยนเป็น /myHistory</doc>
<tag>guard</tag>
<tag>navigation</tag>
<tag>report</tag>
<status status="FAIL" start="2026-03-17T01:44:05.482106" elapsed="0.002105">Parent suite setup failed:
Keyword 'Verify Not On Login Page' failed after retrying for 45 seconds. The last error was: 'https://csse1469.cpkku.com/login/' contains 'login'</status>
</test>
<test id="s1-t13" name="TC13 - แจ้ง Error เมื่อไม่ได้เลือก User" line="151">
<doc>กด submit โดยไม่เลือก user → toast error แจ้งเตือน modal ยังเปิดอยู่</doc>
<tag>negative</tag>
<tag>report</tag>
<tag>validation</tag>
<status status="FAIL" start="2026-03-17T01:44:05.484486" elapsed="0.001514">Parent suite setup failed:
Keyword 'Verify Not On Login Page' failed after retrying for 45 seconds. The last error was: 'https://csse1469.cpkku.com/login/' contains 'login'</status>
</test>
<test id="s1-t14" name="TC14 - แจ้ง Error เมื่อ Description สั้นเกินไป" line="165">
<doc>description น้อยกว่า 10 ตัวอักษร → toast error แจ้งเตือน</doc>
<tag>negative</tag>
<tag>report</tag>
<tag>validation</tag>
<status status="FAIL" start="2026-03-17T01:44:05.486217" elapsed="0.001345">Parent suite setup failed:
Keyword 'Verify Not On Login Page' failed after retrying for 45 seconds. The last error was: 'https://csse1469.cpkku.com/login/' contains 'login'</status>
</test>
<test id="s1-t15" name="TC15 - แจ้ง Error เมื่อไม่ได้เลือก Category" line="180">
<doc>เลือก user + กรอก description แต่ไม่เลือก category → toast error</doc>
<tag>negative</tag>
<tag>report</tag>
<tag>validation</tag>
<status status="FAIL" start="2026-03-17T01:44:05.487777" elapsed="0.001098">Parent suite setup failed:
Keyword 'Verify Not On Login Page' failed after retrying for 45 seconds. The last error was: 'https://csse1469.cpkku.com/login/' contains 'login'</status>
</test>
<test id="s1-t16" name="TC16 - กด Report ซ้ำบน Trip ที่รายงานไปแล้ว — ปุ่มต้องไม่ปรากฏ" line="194">
<doc>guard: trip ที่มี active report แล้ว ปุ่ม "รายงานปัญหา" ต้องหายไปเลย</doc>
<tag>guard</tag>
<tag>negative</tag>
<tag>report</tag>
<status status="FAIL" start="2026-03-17T01:44:05.489001" elapsed="0.001320">Parent suite setup failed:
Keyword 'Verify Not On Login Page' failed after retrying for 45 seconds. The last error was: 'https://csse1469.cpkku.com/login/' contains 'login'</status>
</test>
<test id="s1-t17" name="TC17 - Checkbox User ใน Report Modal ถูก Disable เมื่อ User ถูกรายงานค้างอยู่" line="202">
<doc>ถ้ามี active case กับ user คนนั้น checkbox ต้อง disabled</doc>
<tag>guard</tag>
<tag>negative</tag>
<tag>report</tag>
<status status="FAIL" start="2026-03-17T01:44:05.490511" elapsed="0.001081">Parent suite setup failed:
Keyword 'Verify Not On Login Page' failed after retrying for 45 seconds. The last error was: 'https://csse1469.cpkku.com/login/' contains 'login'</status>
</test>
<test id="s1-t18" name="TC18 - ปิด Report Modal ด้วยปุ่ม &quot;ปิด&quot; ข้อมูลต้องถูก Reset" line="217">
<doc>หลังปิด modal แล้วเปิดใหม่ form ต้องว่างเปล่า</doc>
<tag>report</tag>
<tag>ui</tag>
<status status="FAIL" start="2026-03-17T01:44:05.491816" elapsed="0.001539">Parent suite setup failed:
Keyword 'Verify Not On Login Page' failed after retrying for 45 seconds. The last error was: 'https://csse1469.cpkku.com/login/' contains 'login'</status>
</test>
<test id="s1-t19" name="TC19 - ปิด Report Modal โดยคลิก Overlay modal ต้องปิด" line="230">
<doc>คลิก backdrop ของ modal → modal ต้องปิด</doc>
<tag>report</tag>
<tag>ui</tag>
<status status="FAIL" start="2026-03-17T01:44:05.493541" elapsed="0.000974">Parent suite setup failed:
Keyword 'Verify Not On Login Page' failed after retrying for 45 seconds. The last error was: 'https://csse1469.cpkku.com/login/' contains 'login'</status>
</test>
<test id="s1-t20" name="TC20 - Modal ยกเลิกแสดง Dropdown เหตุผล" line="246">
<doc>ตรวจว่า dropdown เหตุผลมีตัวเลือกอย่างน้อย 1 รายการ</doc>
<tag>cancel</tag>
<tag>ui</tag>
<status status="FAIL" start="2026-03-17T01:44:05.494701" elapsed="0.001271">Parent suite setup failed:
Keyword 'Verify Not On Login Page' failed after retrying for 45 seconds. The last error was: 'https://csse1469.cpkku.com/login/' contains 'login'</status>
</test>
<test id="s1-t21" name="TC21 - ปุ่มยืนยันยกเลิก Disabled เมื่อยังไม่เลือกเหตุผล" line="257">
<doc>เปิด modal แต่ยังไม่เลือกเหตุผล → ปุ่มต้อง disabled</doc>
<tag>cancel</tag>
<tag>negative</tag>
<tag>validation</tag>
<status status="FAIL" start="2026-03-17T01:44:05.496160" elapsed="0.001761">Parent suite setup failed:
Keyword 'Verify Not On Login Page' failed after retrying for 45 seconds. The last error was: 'https://csse1469.cpkku.com/login/' contains 'login'</status>
</test>
<test id="s1-t22" name="TC22 - ยกเลิกการจองสำเร็จ (Happy Path)" line="268">
<doc>เลือกเหตุผล → กดยืนยัน → trip ย้ายไปแท็บ 'ยกเลิก'</doc>
<tag>cancel</tag>
<tag>happy_path</tag>
<status status="FAIL" start="2026-03-17T01:44:05.498109" elapsed="0.001344">Parent suite setup failed:
Keyword 'Verify Not On Login Page' failed after retrying for 45 seconds. The last error was: 'https://csse1469.cpkku.com/login/' contains 'login'</status>
</test>
<test id="s1-t23" name="TC23 - ปิด Cancel Modal โดยไม่ยืนยัน Trip ยังคงอยู่" line="282">
<doc>กด "ปิด" โดยไม่ยืนยัน → trip ต้องยังอยู่ใน pending</doc>
<tag>cancel</tag>
<tag>negative</tag>
<status status="FAIL" start="2026-03-17T01:44:05.499646" elapsed="0.001450">Parent suite setup failed:
Keyword 'Verify Not On Login Page' failed after retrying for 45 seconds. The last error was: 'https://csse1469.cpkku.com/login/' contains 'login'</status>
</test>
<test id="s1-t24" name="TC24 - Tab &quot;เสร็จสิ้น&quot; แสดงปุ่ม &quot;รีวิวคนขับ&quot; สำหรับ Trip ที่ยังไม่รีวิว" line="298">
<tag>review</tag>
<tag>ui</tag>
<status status="FAIL" start="2026-03-17T01:44:05.501287" elapsed="0.001545">Parent suite setup failed:
Keyword 'Verify Not On Login Page' failed after retrying for 45 seconds. The last error was: 'https://csse1469.cpkku.com/login/' contains 'login'</status>
</test>
<test id="s1-t25" name="TC25 - Modal รีวิวเปิดและแสดง Star Rating" line="306">
<tag>review</tag>
<tag>ui</tag>
<status status="FAIL" start="2026-03-17T01:44:05.503050" elapsed="0.000621">Parent suite setup failed:
Keyword 'Verify Not On Login Page' failed after retrying for 45 seconds. The last error was: 'https://csse1469.cpkku.com/login/' contains 'login'</status>
</test>
<test id="s1-t26" name="TC26 - ส่งรีวิวสำเร็จ (Happy Path)" line="317">
<tag>critical</tag>
<tag>happy_path</tag>
<tag>review</tag>
<status status="FAIL" start="2026-03-17T01:44:05.503852" elapsed="0.000547">Parent suite setup failed:
Keyword 'Verify Not On Login Page' failed after retrying for 45 seconds. The last error was: 'https://csse1469.cpkku.com/login/' contains 'login'</status>
</test>
<test id="s1-t27" name="TC27 - หลังรีวิวแล้ว ปุ่มรีวิวเปลี่ยนเป็น Badge &quot;รีวิวแล้ว&quot;" line="329">
<tag>critical</tag>
<tag>guard</tag>
<tag>review</tag>
<status status="FAIL" start="2026-03-17T01:44:05.504574" elapsed="0.001148">Parent suite setup failed:
Keyword 'Verify Not On Login Page' failed after retrying for 45 seconds. The last error was: 'https://csse1469.cpkku.com/login/' contains 'login'</status>
</test>
<test id="s1-t28" name="TC28 - Trip ที่รีวิวแล้ว ปุ่ม &quot;รีวิวคนขับ&quot; ต้องไม่ปรากฏ" line="335">
<tag>guard</tag>
<tag>negative</tag>
<tag>review</tag>
<status status="FAIL" start="2026-03-17T01:44:05.505936" elapsed="0.001059">Parent suite setup failed:
Keyword 'Verify Not On Login Page' failed after retrying for 45 seconds. The last error was: 'https://csse1469.cpkku.com/login/' contains 'login'</status>
</test>
<test id="s1-t29" name="TC29 - คะแนนรีวิวคนขับแสดงบน Trip Card" line="346">
<tag>review</tag>
<tag>ui</tag>
<status status="FAIL" start="2026-03-17T01:44:05.507165" elapsed="0.000679">Parent suite setup failed:
Keyword 'Verify Not On Login Page' failed after retrying for 45 seconds. The last error was: 'https://csse1469.cpkku.com/login/' contains 'login'</status>
</test>
<test id="s1-t30" name="TC30 - รีวิวคนขับแสดงใน Expanded Detail Section" line="351">
<tag>review</tag>
<tag>trip_detail</tag>
<tag>ui</tag>
<status status="FAIL" start="2026-03-17T01:44:05.508018" elapsed="0.000586">Parent suite setup failed:
Keyword 'Verify Not On Login Page' failed after retrying for 45 seconds. The last error was: 'https://csse1469.cpkku.com/login/' contains 'login'</status>
</test>
<test id="s1-t31" name="TC31 - Trip ที่ยืนยันแล้วแสดงปุ่ม &quot;แชทกับผู้ขับ&quot;" line="363">
<tag>confirmed</tag>
<tag>ui</tag>
<status status="FAIL" start="2026-03-17T01:44:05.508771" elapsed="0.000934">Parent suite setup failed:
Keyword 'Verify Not On Login Page' failed after retrying for 45 seconds. The last error was: 'https://csse1469.cpkku.com/login/' contains 'login'</status>
</test>
<test id="s1-t32" name="TC32 - Trip ที่ยืนยันแล้วสามารถยกเลิกได้" line="370">
<tag>confirmed</tag>
<tag>ui</tag>
<status status="FAIL" start="2026-03-17T01:44:05.509871" elapsed="0.000868">Parent suite setup failed:
Keyword 'Verify Not On Login Page' failed after retrying for 45 seconds. The last error was: 'https://csse1469.cpkku.com/login/' contains 'login'</status>
</test>
<test id="s1-t33" name="TC33 - Tab &quot;ปฏิเสธ&quot; แสดงปุ่ม &quot;ลบรายการ&quot;" line="382">
<tag>rejected</tag>
<tag>ui</tag>
<status status="FAIL" start="2026-03-17T01:44:05.510891" elapsed="0.000691">Parent suite setup failed:
Keyword 'Verify Not On Login Page' failed after retrying for 45 seconds. The last error was: 'https://csse1469.cpkku.com/login/' contains 'login'</status>
</test>
<test id="s1-t34" name="TC34 - ลบ Trip ที่ถูกปฏิเสธสำเร็จ" line="389">
<tag>happy_path</tag>
<tag>rejected</tag>
<status status="FAIL" start="2026-03-17T01:44:05.511742" elapsed="0.000614">Parent suite setup failed:
Keyword 'Verify Not On Login Page' failed after retrying for 45 seconds. The last error was: 'https://csse1469.cpkku.com/login/' contains 'login'</status>
</test>
<test id="s1-t35" name="TC35 - Tab &quot;ยกเลิก&quot; แสดง Trip ที่ยกเลิกไปแล้ว" line="402">
<tag>cancelled</tag>
<tag>ui</tag>
<status status="FAIL" start="2026-03-17T01:44:05.512513" elapsed="0.000712">Parent suite setup failed:
Keyword 'Verify Not On Login Page' failed after retrying for 45 seconds. The last error was: 'https://csse1469.cpkku.com/login/' contains 'login'</status>
</test>
<test id="s1-t36" name="TC36 - Trip &quot;เสร็จสิ้น&quot; สามารถรายงานปัญหาได้" line="413">
<tag>completed</tag>
<tag>report</tag>
<status status="FAIL" start="2026-03-17T01:44:05.513374" elapsed="0.000764">Parent suite setup failed:
Keyword 'Verify Not On Login Page' failed after retrying for 45 seconds. The last error was: 'https://csse1469.cpkku.com/login/' contains 'login'</status>
</test>
<test id="s1-t37" name="TC37 - Trip &quot;ปฏิเสธ&quot; สามารถรายงานปัญหาได้" line="422">
<tag>rejected</tag>
<tag>report</tag>
<status status="FAIL" start="2026-03-17T01:44:05.514285" elapsed="0.000705">Parent suite setup failed:
Keyword 'Verify Not On Login Page' failed after retrying for 45 seconds. The last error was: 'https://csse1469.cpkku.com/login/' contains 'login'</status>
</test>
<test id="s1-t38" name="TC38 - ส่ง Report บน Trip &quot;เสร็จสิ้น&quot; สำเร็จ" line="431">
<tag>completed</tag>
<tag>happy_path</tag>
<tag>report</tag>
<status status="FAIL" start="2026-03-17T01:44:05.515138" elapsed="0.000598">Parent suite setup failed:
Keyword 'Verify Not On Login Page' failed after retrying for 45 seconds. The last error was: 'https://csse1469.cpkku.com/login/' contains 'login'</status>
</test>
<test id="s1-t39" name="TC39 - หน้าแสดงข้อความเมื่อ Tab ไม่มี Trip" line="450">
<tag>empty_state</tag>
<tag>ui</tag>
<status status="FAIL" start="2026-03-17T01:44:05.515885" elapsed="0.000691">Parent suite setup failed:
Keyword 'Verify Not On Login Page' failed after retrying for 45 seconds. The last error was: 'https://csse1469.cpkku.com/login/' contains 'login'</status>
</test>
<test id="s1-t40" name="TC40 - Status Badge แสดงสีและข้อความถูกต้องตามสถานะ" line="457">
<tag>badge</tag>
<tag>ui</tag>
<status status="FAIL" start="2026-03-17T01:44:05.516723" elapsed="0.000807">Parent suite setup failed:
Keyword 'Verify Not On Login Page' failed after retrying for 45 seconds. The last error was: 'https://csse1469.cpkku.com/login/' contains 'login'</status>
</test>
<test id="s1-t41" name="TC41 - ข้อมูลราคา จำนวนที่นั่ง และเวลาแสดงบน Trip Card" line="472">
<tag>data</tag>
<tag>ui</tag>
<status status="FAIL" start="2026-03-17T01:44:05.517677" elapsed="0.000830">Parent suite setup failed:
Keyword 'Verify Not On Login Page' failed after retrying for 45 seconds. The last error was: 'https://csse1469.cpkku.com/login/' contains 'login'</status>
</test>
<test id="s1-t42" name="TC42 - รูปภาพคนขับแสดงบน Trip Card" line="480">
<tag>driver</tag>
<tag>ui</tag>
<status status="FAIL" start="2026-03-17T01:44:05.518645" elapsed="0.000490">Parent suite setup failed:
Keyword 'Verify Not On Login Page' failed after retrying for 45 seconds. The last error was: 'https://csse1469.cpkku.com/login/' contains 'login'</status>
</test>
<kw name="Close Browser" owner="SeleniumLibrary" type="TEARDOWN">
<doc>Closes the current browser.</doc>
<status status="PASS" start="2026-03-17T01:44:05.519635" elapsed="0.086021"/>
</kw>
<doc>UAT Test Suite — หน้า "การเดินทางของฉัน" (myTrips)
ครอบคลุม: Login → แสดงผลข้อมูล → Report → Cancel → Review → Delete
รวมถึง Negative scenarios และ Guard scenarios</doc>
<status status="FAIL" start="2026-03-17T01:43:16.209464" elapsed="49.396260">Suite setup failed:
Keyword 'Verify Not On Login Page' failed after retrying for 45 seconds. The last error was: 'https://csse1469.cpkku.com/login/' contains 'login'</status>
</suite>
<statistics>
<total>
<stat pass="0" fail="42" skip="0">All Tests</stat>
</total>
<tag>
<stat pass="0" fail="1" skip="0">badge</stat>
<stat pass="0" fail="4" skip="0">cancel</stat>
<stat pass="0" fail="1" skip="0">cancelled</stat>
<stat pass="0" fail="2" skip="0">completed</stat>
<stat pass="0" fail="2" skip="0">confirmed</stat>
<stat pass="0" fail="3" skip="0">critical</stat>
<stat pass="0" fail="1" skip="0">data</stat>
<stat pass="0" fail="1" skip="0">driver</stat>
<stat pass="0" fail="1" skip="0">empty_state</stat>
<stat pass="0" fail="6" skip="0">guard</stat>
<stat pass="0" fail="5" skip="0">happy_path</stat>
<stat pass="0" fail="1" skip="0">login</stat>
<stat pass="0" fail="1" skip="0">map</stat>
<stat pass="0" fail="1" skip="0">navigation</stat>
<stat pass="0" fail="8" skip="0">negative</stat>
<stat pass="0" fail="3" skip="0">rejected</stat>
<stat pass="0" fail="13" skip="0">report</stat>
<stat pass="0" fail="7" skip="0">review</stat>
<stat pass="0" fail="4" skip="0">smoke</stat>
<stat pass="0" fail="1" skip="0">tab</stat>
<stat pass="0" fail="4" skip="0">trip_detail</stat>
<stat pass="0" fail="23" skip="0">ui</stat>
<stat pass="0" fail="4" skip="0">validation</stat>
</tag>
<suite>
<stat name="Report Tests" id="s1" pass="0" fail="42" skip="0">Report Tests</stat>
</suite>
</statistics>
<errors>
<msg time="2026-03-17T01:43:16.206357" level="WARN">Error in file '/Users/cherryp/Documents/software en/Sprint/test/Sprint3/ReportTest/tests/report_tests.robot' on line 497: The '[Return]' setting is deprecated. Use the 'RETURN' statement instead.</msg>
<msg time="2026-03-17T01:43:16.343557" level="WARN">Error in file '/Users/cherryp/Documents/software en/Sprint/test/Sprint3/ReportTest/resources/keywords.robot' on line 148: The '[Return]' setting is deprecated. Use the 'RETURN' statement instead.</msg>
</errors>
</robot>
