<?xml version="1.0" encoding="UTF-8"?>
<robot generator="Robot 7.4.1 (Python 3.11.7 on win32)" generated="2026-03-03T22:40:44.105800" rpa="false" schemaversion="5">
<suite id="s1" name="Export Logs" source="C:\Users\User\Documents\Code\Web\Sprint\test\API Test\export_logs_test\export_logs.robot">
<test id="s1-t1" name="Scenario 1: User Request -&gt; Admin Approve -&gt; User Download" line="15">
<kw name="Create Session" owner="RequestsLibrary">
<msg time="2026-03-03T22:40:44.461455" level="INFO">Creating Session using : alias=api, url=http://localhost:3000/api, headers={},                     cookies={}, auth=None, timeout=None, proxies=None, verify=False,                     debug=0 </msg>
<arg>api</arg>
<arg>${BASE_URL}</arg>
<doc>Create Session: create a HTTP session to a server</doc>
<status status="PASS" start="2026-03-03T22:40:44.461455" elapsed="0.000000"/>
</kw>
<kw name="Login">
<kw name="Create Dictionary" owner="BuiltIn">
<msg time="2026-03-03T22:40:44.464972" level="INFO">${body} = {'username': 'nutho04', 'password': '0123456789'}</msg>
<var>${body}</var>
<arg>username=${user}</arg>
<arg>password=${pass}</arg>
<doc>Creates and returns a dictionary based on the given ``items``.</doc>
<status status="PASS" start="2026-03-03T22:40:44.464972" elapsed="0.000000"/>
</kw>
<kw name="POST On Session" owner="RequestsLibrary">
<msg time="2026-03-03T22:40:44.536189" level="INFO">POST Request : url=http://localhost:3000/api/auth/login 
 path_url=/api/auth/login 
 headers={'User-Agent': 'python-requests/2.32.3', 'Accept-Encoding': 'gzip, deflate, br', 'Accept': '*/*', 'Connection': 'keep-alive', 'Content-Length': '49', 'Content-Type': 'application/json'} 
 body=b'{"username": "nutho04", "password": "0123456789"}' 
 </msg>
<msg time="2026-03-03T22:40:44.536189" level="INFO">POST Response : url=http://localhost:3000/api/auth/login 
 status=200, reason=OK 
 headers={'Content-Security-Policy': "default-src 'self';base-uri 'self';font-src 'self' https: data:;form-action 'self';frame-ancestors 'self';img-src 'self' data:;object-src 'none';script-src 'self';script-src-attr 'none';style-src 'self' https: 'unsafe-inline';upgrade-insecure-requests", 'Cross-Origin-Opener-Policy': 'same-origin', 'Cross-Origin-Resource-Policy': 'same-origin', 'Origin-Agent-Cluster': '?1', 'Referrer-Policy': 'no-referrer', 'Strict-Transport-Security': 'max-age=15552000; includeSubDomains', 'X-Content-Type-Options': 'nosniff', 'X-DNS-Prefetch-Control': 'off', 'X-Download-Options': 'noopen', 'X-Frame-Options': 'SAMEORIGIN', 'X-Permitted-Cross-Domain-Policies': 'none', 'X-XSS-Protection': '0', 'Vary': 'Origin', 'Access-Control-Allow-Credentials': 'true', 'X-Request-ID': 'f3b68774-77b4-4396-8e92-0958a54d5bf4', 'Set-Cookie': 'token=eyJhbGciOiJIUzI1NiIsInR5cCI6IkpXVCJ9.eyJzdWIiOiJjbW1hbWQxYjIwMDFoZXNmd3dlNGt2bTQ5Iiwicm9sZSI6IlBBU1NFTkdFUiIsImlhdCI6MTc3MjU1MjQ0NSwiZXhwIjoxNzcyNTU2MDQ1fQ.69cve3w1-plodKa8MoU80Yope0dNdpXmgQSLghz4bVk; Max-Age=604800; Path=/; Expires=Tue, 10 Mar 2026 15:40:45 GMT; HttpOnly; SameSite=None', 'Content-Type': 'application/json; charset=utf-8', 'Content-Length': '502', 'ETag': 'W/"1f6-d5/OZwXIPxuEv8EiAI/xi94/w8A"', 'Date': 'Tue, 03 Mar 2026 15:40:45 GMT', 'Connection': 'keep-alive', 'Keep-Alive': 'timeout=5'} 
 body={"success":true,"message":"Login successful","data":{"token":"eyJhbGciOiJIUzI1NiIsInR5cCI6IkpXVCJ9.eyJzdWIiOiJjbW1hbWQxYjIwMDFoZXNmd3dlNGt2bTQ5Iiwicm9sZSI6IlBBU1NFTkdFUiIsImlhdCI6MTc3MjU1MjQ0NSwiZXhwIjoxNzcyNTU2MDQ1fQ.69cve3w1-plodKa8MoU80Yope0dNdpXmgQSLghz4bVk","user":{"id":"cmmamd1b2001hesfwwe4kvm49","firstName":"Ser Nutho","lastName":"Casteryrock","profilePicture":null,"role":"PASSENGER","passengerSuspendedUntil":null,"driverSuspendedUntil":null,"yellowCardCount":0,"yellowCardExpiresAt":null}}} 
 </msg>
<msg time="2026-03-03T22:40:44.536189" level="INFO">${res} = &lt;Response [200]&gt;</msg>
<var>${res}</var>
<arg>api</arg>
<arg>/auth/login</arg>
<arg>json=${body}</arg>
<doc>Sends a POST request on a previously created HTTP Session.</doc>
<status status="PASS" start="2026-03-03T22:40:44.464972" elapsed="0.071217"/>
</kw>
<return>
<value>${res.json()['data']['token']}</value>
<status status="PASS" start="2026-03-03T22:40:44.536189" elapsed="0.000000"/>
</return>
<msg time="2026-03-03T22:40:44.536189" level="INFO">${user_token} = eyJhbGciOiJIUzI1NiIsInR5cCI6IkpXVCJ9.eyJzdWIiOiJjbW1hbWQxYjIwMDFoZXNmd3dlNGt2bTQ5Iiwicm9sZSI6IlBBU1NFTkdFUiIsImlhdCI6MTc3MjU1MjQ0NSwiZXhwIjoxNzcyNTU2MDQ1fQ.69cve3w1-plodKa8MoU80Yope0dNdpXmgQSLghz4bVk</msg>
<var>${user_token}</var>
<arg>${USER_NAME}</arg>
<arg>${USER_PASSWORD}</arg>
<status status="PASS" start="2026-03-03T22:40:44.464972" elapsed="0.071217"/>
</kw>
<kw name="Create Dictionary" owner="BuiltIn">
<msg time="2026-03-03T22:40:44.536189" level="INFO">${user_headers} = {'Authorization': 'Bearer eyJhbGciOiJIUzI1NiIsInR5cCI6IkpXVCJ9.eyJzdWIiOiJjbW1hbWQxYjIwMDFoZXNmd3dlNGt2bTQ5Iiwicm9sZSI6IlBBU1NFTkdFUiIsImlhdCI6MTc3MjU1MjQ0NSwiZXhwIjoxNzcyNTU2MDQ1fQ.69cve3w1-plodKa8Mo...</msg>
<var>${user_headers}</var>
<arg>Authorization=Bearer ${user_token}</arg>
<doc>Creates and returns a dictionary based on the given ``items``.</doc>
<status status="PASS" start="2026-03-03T22:40:44.536189" elapsed="0.000000"/>
</kw>
<kw name="Create Dictionary" owner="BuiltIn">
<msg time="2026-03-03T22:40:44.536189" level="INFO">${filters} = {'reason': 'User request test', 'userId': 'cmmamd1b2001hesfwwe4kvm49'}</msg>
<var>${filters}</var>
<arg>reason=User request test</arg>
<arg>userId=${USER_ID}</arg>
<doc>Creates and returns a dictionary based on the given ``items``.</doc>
<status status="PASS" start="2026-03-03T22:40:44.536189" elapsed="0.000000"/>
</kw>
<kw name="Create Dictionary" owner="BuiltIn">
<msg time="2026-03-03T22:40:44.536189" level="INFO">${payload} = {'logType': 'AuditLog', 'format': 'PDF', 'filters': {'reason': 'User request test', 'userId': 'cmmamd1b2001hesfwwe4kvm49'}}</msg>
<var>${payload}</var>
<arg>logType=AuditLog</arg>
<arg>format=PDF</arg>
<arg>filters=${filters}</arg>
<doc>Creates and returns a dictionary based on the given ``items``.</doc>
<status status="PASS" start="2026-03-03T22:40:44.536189" elapsed="0.000000"/>
</kw>
<kw name="POST On Session" owner="RequestsLibrary">
<msg time="2026-03-03T22:40:44.551905" level="INFO">POST Request : url=http://localhost:3000/api/logs/exports 
 path_url=/api/logs/exports 
 headers={'User-Agent': 'python-requests/2.32.3', 'Accept-Encoding': 'gzip, deflate, br', 'Accept': '*/*', 'Connection': 'keep-alive', 'Authorization': 'Bearer eyJhbGciOiJIUzI1NiIsInR5cCI6IkpXVCJ9.eyJzdWIiOiJjbW1hbWQxYjIwMDFoZXNmd3dlNGt2bTQ5Iiwicm9sZSI6IlBBU1NFTkdFUiIsImlhdCI6MTc3MjU1MjQ0NSwiZXhwIjoxNzcyNTU2MDQ1fQ.69cve3w1-plodKa8MoU80Yope0dNdpXmgQSLghz4bVk', 'Cookie': 'token=eyJhbGciOiJIUzI1NiIsInR5cCI6IkpXVCJ9.eyJzdWIiOiJjbW1hbWQxYjIwMDFoZXNmd3dlNGt2bTQ5Iiwicm9sZSI6IlBBU1NFTkdFUiIsImlhdCI6MTc3MjU1MjQ0NSwiZXhwIjoxNzcyNTU2MDQ1fQ.69cve3w1-plodKa8MoU80Yope0dNdpXmgQSLghz4bVk', 'Content-Length': '123', 'Content-Type': 'application/json'} 
 body=b'{"logType": "AuditLog", "format": "PDF", "filters": {"reason": "User request test", "userId": "cmmamd1b2001hesfwwe4kvm49"}}' 
 </msg>
<msg time="2026-03-03T22:40:44.551905" level="INFO">POST Response : url=http://localhost:3000/api/logs/exports 
 status=201, reason=Created 
 headers={'Content-Security-Policy': "default-src 'self';base-uri 'self';font-src 'self' https: data:;form-action 'self';frame-ancestors 'self';img-src 'self' data:;object-src 'none';script-src 'self';script-src-attr 'none';style-src 'self' https: 'unsafe-inline';upgrade-insecure-requests", 'Cross-Origin-Opener-Policy': 'same-origin', 'Cross-Origin-Resource-Policy': 'same-origin', 'Origin-Agent-Cluster': '?1', 'Referrer-Policy': 'no-referrer', 'Strict-Transport-Security': 'max-age=15552000; includeSubDomains', 'X-Content-Type-Options': 'nosniff', 'X-DNS-Prefetch-Control': 'off', 'X-Download-Options': 'noopen', 'X-Frame-Options': 'SAMEORIGIN', 'X-Permitted-Cross-Domain-Policies': 'none', 'X-XSS-Protection': '0', 'Vary': 'Origin', 'Access-Control-Allow-Credentials': 'true', 'X-Request-ID': 'ca49b47c-289b-4c7b-840b-6a9c2c136a73', 'Content-Type': 'application/json; charset=utf-8', 'Content-Length': '506', 'ETag': 'W/"1fa-bRbpNYYqo4GIkioB7wIbrTLBrEU"', 'Date': 'Tue, 03 Mar 2026 15:40:45 GMT', 'Connection': 'keep-alive', 'Keep-Alive': 'timeout=5'} 
 body={"success":true,"message":"Export request submitted. Pending admin approval.","data":{"id":"cmmaryjyf003jsue1l8zbpug1","requestedById":"cmmamd1b2001hesfwwe4kvm49","logType":"AuditLog","format":"PDF","filters":{"reason":"User request test","userId":"cmmamd1b2001hesfwwe4kvm49"},"status":"PENDING","reviewedById":null,"reviewedAt":null,"rejectionReason":null,"filePath":null,"fileSize":null,"recordCount":null,"createdAt":"2026-03-03T15:40:45.064Z","completedAt":null,"expiresAt":"2026-03-10T15:40:45.063Z"}} 
 </msg>
<msg time="2026-03-03T22:40:44.551905" level="INFO">${resp} = &lt;Response [201]&gt;</msg>
<var>${resp}</var>
<arg>api</arg>
<arg>/logs/exports</arg>
<arg>json=${payload}</arg>
<arg>headers=${user_headers}</arg>
<doc>Sends a POST request on a previously created HTTP Session.</doc>
<status status="PASS" start="2026-03-03T22:40:44.536189" elapsed="0.015716"/>
</kw>
<kw name="Status Should Be" owner="RequestsLibrary">
<arg>201</arg>
<arg>${resp}</arg>
<doc>Fails if response status code is different than the expected.</doc>
<status status="PASS" start="2026-03-03T22:40:44.551905" elapsed="0.001144"/>
</kw>
<kw name="Set Variable" owner="BuiltIn">
<msg time="2026-03-03T22:40:44.553049" level="INFO">${export_id} = cmmaryjyf003jsue1l8zbpug1</msg>
<var>${export_id}</var>
<arg>${resp.json()['data']['id']}</arg>
<doc>Returns the given values which can then be assigned to a variables.</doc>
<status status="PASS" start="2026-03-03T22:40:44.553049" elapsed="0.000000"/>
</kw>
<kw name="Set Suite Variable" owner="BuiltIn">
<msg time="2026-03-03T22:40:44.554846" level="INFO">${ID_S1} = cmmaryjyf003jsue1l8zbpug1</msg>
<arg>${ID_S1}</arg>
<arg>${export_id}</arg>
<doc>Makes a variable available everywhere within the scope of the current suite.</doc>
<status status="PASS" start="2026-03-03T22:40:44.554309" elapsed="0.000537"/>
</kw>
<kw name="Login">
<kw name="Create Dictionary" owner="BuiltIn">
<msg time="2026-03-03T22:40:44.555903" level="INFO">${body} = {'username': 'admin123', 'password': '123456789'}</msg>
<var>${body}</var>
<arg>username=${user}</arg>
<arg>password=${pass}</arg>
<doc>Creates and returns a dictionary based on the given ``items``.</doc>
<status status="PASS" start="2026-03-03T22:40:44.555903" elapsed="0.000000"/>
</kw>
<kw name="POST On Session" owner="RequestsLibrary">
<msg time="2026-03-03T22:40:44.656777" level="INFO">POST Request : url=http://localhost:3000/api/auth/login 
 path_url=/api/auth/login 
 headers={'User-Agent': 'python-requests/2.32.3', 'Accept-Encoding': 'gzip, deflate, br', 'Accept': '*/*', 'Connection': 'keep-alive', 'Cookie': 'token=eyJhbGciOiJIUzI1NiIsInR5cCI6IkpXVCJ9.eyJzdWIiOiJjbW1hbWQxYjIwMDFoZXNmd3dlNGt2bTQ5Iiwicm9sZSI6IlBBU1NFTkdFUiIsImlhdCI6MTc3MjU1MjQ0NSwiZXhwIjoxNzcyNTU2MDQ1fQ.69cve3w1-plodKa8MoU80Yope0dNdpXmgQSLghz4bVk', 'Content-Length': '49', 'Content-Type': 'application/json'} 
 body=b'{"username": "admin123", "password": "123456789"}' 
 </msg>
<msg time="2026-03-03T22:40:44.656777" level="INFO">POST Response : url=http://localhost:3000/api/auth/login 
 status=200, reason=OK 
 headers={'Content-Security-Policy': "default-src 'self';base-uri 'self';font-src 'self' https: data:;form-action 'self';frame-ancestors 'self';img-src 'self' data:;object-src 'none';script-src 'self';script-src-attr 'none';style-src 'self' https: 'unsafe-inline';upgrade-insecure-requests", 'Cross-Origin-Opener-Policy': 'same-origin', 'Cross-Origin-Resource-Policy': 'same-origin', 'Origin-Agent-Cluster': '?1', 'Referrer-Policy': 'no-referrer', 'Strict-Transport-Security': 'max-age=15552000; includeSubDomains', 'X-Content-Type-Options': 'nosniff', 'X-DNS-Prefetch-Control': 'off', 'X-Download-Options': 'noopen', 'X-Frame-Options': 'SAMEORIGIN', 'X-Permitted-Cross-Domain-Policies': 'none', 'X-XSS-Protection': '0', 'Vary': 'Origin', 'Access-Control-Allow-Credentials': 'true', 'X-Request-ID': '4de2182c-2d52-4c69-ba16-59f82d0a17af', 'Set-Cookie': 'token=eyJhbGciOiJIUzI1NiIsInR5cCI6IkpXVCJ9.eyJzdWIiOiJjbW05aWR6MmkwMDAwczlqNGdoNmc4YmZ1Iiwicm9sZSI6IkFETUlOIiwiaWF0IjoxNzcyNTUyNDQ1LCJleHAiOjE3NzI1NTYwNDV9.37fszcXxP9A6I48nmDDrTh4WsbdCHSPsYzXVqqdPluE; Max-Age=604800; Path=/; Expires=Tue, 10 Mar 2026 15:40:45 GMT; HttpOnly; SameSite=None', 'Content-Type': 'application/json; charset=utf-8', 'Content-Length': '491', 'ETag': 'W/"1eb-7InElPsSjKN9zoFW4QF1mWwsceg"', 'Date': 'Tue, 03 Mar 2026 15:40:45 GMT', 'Connection': 'keep-alive', 'Keep-Alive': 'timeout=5'} 
 body={"success":true,"message":"Login successful","data":{"token":"eyJhbGciOiJIUzI1NiIsInR5cCI6IkpXVCJ9.eyJzdWIiOiJjbW05aWR6MmkwMDAwczlqNGdoNmc4YmZ1Iiwicm9sZSI6IkFETUlOIiwiaWF0IjoxNzcyNTUyNDQ1LCJleHAiOjE3NzI1NTYwNDV9.37fszcXxP9A6I48nmDDrTh4WsbdCHSPsYzXVqqdPluE","user":{"id":"cmm9idz2i0000s9j4gh6g8bfu","firstName":"System","lastName":"Administrator","profilePicture":null,"role":"ADMIN","passengerSuspendedUntil":null,"driverSuspendedUntil":null,"yellowCardCount":0,"yellowCardExpiresAt":null}}} 
 </msg>
<msg time="2026-03-03T22:40:44.656777" level="INFO">${res} = &lt;Response [200]&gt;</msg>
<var>${res}</var>
<arg>api</arg>
<arg>/auth/login</arg>
<arg>json=${body}</arg>
<doc>Sends a POST request on a previously created HTTP Session.</doc>
<status status="PASS" start="2026-03-03T22:40:44.555903" elapsed="0.100874"/>
</kw>
<return>
<value>${res.json()['data']['token']}</value>
<status status="PASS" start="2026-03-03T22:40:44.656777" elapsed="0.000000"/>
</return>
<msg time="2026-03-03T22:40:44.657805" level="INFO">${admin_token} = eyJhbGciOiJIUzI1NiIsInR5cCI6IkpXVCJ9.eyJzdWIiOiJjbW05aWR6MmkwMDAwczlqNGdoNmc4YmZ1Iiwicm9sZSI6IkFETUlOIiwiaWF0IjoxNzcyNTUyNDQ1LCJleHAiOjE3NzI1NTYwNDV9.37fszcXxP9A6I48nmDDrTh4WsbdCHSPsYzXVqqdPluE</msg>
<var>${admin_token}</var>
<arg>${ADMIN_NAME}</arg>
<arg>${ADMIN_PASSWORD}</arg>
<status status="PASS" start="2026-03-03T22:40:44.554846" elapsed="0.102959"/>
</kw>
<kw name="Create Dictionary" owner="BuiltIn">
<msg time="2026-03-03T22:40:44.657805" level="INFO">${admin_headers} = {'Authorization': 'Bearer eyJhbGciOiJIUzI1NiIsInR5cCI6IkpXVCJ9.eyJzdWIiOiJjbW05aWR6MmkwMDAwczlqNGdoNmc4YmZ1Iiwicm9sZSI6IkFETUlOIiwiaWF0IjoxNzcyNTUyNDQ1LCJleHAiOjE3NzI1NTYwNDV9.37fszcXxP9A6I48nmDDrTh4W...</msg>
<var>${admin_headers}</var>
<arg>Authorization=Bearer ${admin_token}</arg>
<doc>Creates and returns a dictionary based on the given ``items``.</doc>
<status status="PASS" start="2026-03-03T22:40:44.657805" elapsed="0.000000"/>
</kw>
<kw name="Create Dictionary" owner="BuiltIn">
<msg time="2026-03-03T22:40:44.658792" level="INFO">${body} = {'status': 'APPROVED'}</msg>
<var>${body}</var>
<arg>status=APPROVED</arg>
<doc>Creates and returns a dictionary based on the given ``items``.</doc>
<status status="PASS" start="2026-03-03T22:40:44.658792" elapsed="0.000000"/>
</kw>
<kw name="PATCH On Session" owner="RequestsLibrary">
<msg time="2026-03-03T22:40:44.666906" level="INFO">PATCH Request : url=http://localhost:3000/api/logs/exports/cmmaryjyf003jsue1l8zbpug1/review 
 path_url=/api/logs/exports/cmmaryjyf003jsue1l8zbpug1/review 
 headers={'User-Agent': 'python-requests/2.32.3', 'Accept-Encoding': 'gzip, deflate, br', 'Accept': '*/*', 'Connection': 'keep-alive', 'Authorization': 'Bearer eyJhbGciOiJIUzI1NiIsInR5cCI6IkpXVCJ9.eyJzdWIiOiJjbW05aWR6MmkwMDAwczlqNGdoNmc4YmZ1Iiwicm9sZSI6IkFETUlOIiwiaWF0IjoxNzcyNTUyNDQ1LCJleHAiOjE3NzI1NTYwNDV9.37fszcXxP9A6I48nmDDrTh4WsbdCHSPsYzXVqqdPluE', 'Cookie': 'token=eyJhbGciOiJIUzI1NiIsInR5cCI6IkpXVCJ9.eyJzdWIiOiJjbW05aWR6MmkwMDAwczlqNGdoNmc4YmZ1Iiwicm9sZSI6IkFETUlOIiwiaWF0IjoxNzcyNTUyNDQ1LCJleHAiOjE3NzI1NTYwNDV9.37fszcXxP9A6I48nmDDrTh4WsbdCHSPsYzXVqqdPluE', 'Content-Length': '22', 'Content-Type': 'application/json'} 
 body=b'{"status": "APPROVED"}' 
 </msg>
<msg time="2026-03-03T22:40:44.666906" level="INFO">PATCH Response : url=http://localhost:3000/api/logs/exports/cmmaryjyf003jsue1l8zbpug1/review 
 status=200, reason=OK 
 headers={'Content-Security-Policy': "default-src 'self';base-uri 'self';font-src 'self' https: data:;form-action 'self';frame-ancestors 'self';img-src 'self' data:;object-src 'none';script-src 'self';script-src-attr 'none';style-src 'self' https: 'unsafe-inline';upgrade-insecure-requests", 'Cross-Origin-Opener-Policy': 'same-origin', 'Cross-Origin-Resource-Policy': 'same-origin', 'Origin-Agent-Cluster': '?1', 'Referrer-Policy': 'no-referrer', 'Strict-Transport-Security': 'max-age=15552000; includeSubDomains', 'X-Content-Type-Options': 'nosniff', 'X-DNS-Prefetch-Control': 'off', 'X-Download-Options': 'noopen', 'X-Frame-Options': 'SAMEORIGIN', 'X-Permitted-Cross-Domain-Policies': 'none', 'X-XSS-Protection': '0', 'Vary': 'Origin', 'Access-Control-Allow-Credentials': 'true', 'X-Request-ID': 'c0447a5a-409f-423a-924e-19b19ce389b5', 'Content-Type': 'application/json; charset=utf-8', 'Content-Length': '490', 'ETag': 'W/"1ea-bJFzu42vl9ijHIYm1SB15mUKruM"', 'Date': 'Tue, 03 Mar 2026 15:40:45 GMT', 'Connection': 'keep-alive', 'Keep-Alive': 'timeout=5'} 
 body={"success":true,"data":{"id":"cmmaryjyf003jsue1l8zbpug1","requestedById":"cmmamd1b2001hesfwwe4kvm49","logType":"AuditLog","format":"PDF","filters":{"reason":"User request test","userId":"cmmamd1b2001hesfwwe4kvm49"},"status":"APPROVED","reviewedById":"cmm9idz2i0000s9j4gh6g8bfu","reviewedAt":"2026-03-03T15:40:45.183Z","rejectionReason":null,"filePath":null,"fileSize":null,"recordCount":null,"createdAt":"2026-03-03T15:40:45.064Z","completedAt":null,"expiresAt":"2026-03-10T15:40:45.063Z"}} 
 </msg>
<msg time="2026-03-03T22:40:44.668034" level="INFO">${approve} = &lt;Response [200]&gt;</msg>
<var>${approve}</var>
<arg>api</arg>
<arg>/logs/exports/${export_id}/review</arg>
<arg>json=${body}</arg>
<arg>headers=${admin_headers}</arg>
<doc>Sends a PATCH request on a previously created HTTP Session.</doc>
<status status="PASS" start="2026-03-03T22:40:44.658792" elapsed="0.009242"/>
</kw>
<kw name="Status Should Be" owner="RequestsLibrary">
<arg>200</arg>
<arg>${approve}</arg>
<doc>Fails if response status code is different than the expected.</doc>
<status status="PASS" start="2026-03-03T22:40:44.668034" elapsed="0.000000"/>
</kw>
<kw name="GET On Session" owner="RequestsLibrary">
<msg time="2026-03-03T22:40:44.730926" level="INFO">GET Request : url=http://localhost:3000/api/logs/exports/cmmaryjyf003jsue1l8zbpug1/download 
 path_url=/api/logs/exports/cmmaryjyf003jsue1l8zbpug1/download 
 headers={'User-Agent': 'python-requests/2.32.3', 'Accept-Encoding': 'gzip, deflate, br', 'Accept': '*/*', 'Connection': 'keep-alive', 'Authorization': 'Bearer eyJhbGciOiJIUzI1NiIsInR5cCI6IkpXVCJ9.eyJzdWIiOiJjbW1hbWQxYjIwMDFoZXNmd3dlNGt2bTQ5Iiwicm9sZSI6IlBBU1NFTkdFUiIsImlhdCI6MTc3MjU1MjQ0NSwiZXhwIjoxNzcyNTU2MDQ1fQ.69cve3w1-plodKa8MoU80Yope0dNdpXmgQSLghz4bVk', 'Cookie': 'token=eyJhbGciOiJIUzI1NiIsInR5cCI6IkpXVCJ9.eyJzdWIiOiJjbW05aWR6MmkwMDAwczlqNGdoNmc4YmZ1Iiwicm9sZSI6IkFETUlOIiwiaWF0IjoxNzcyNTUyNDQ1LCJleHAiOjE3NzI1NTYwNDV9.37fszcXxP9A6I48nmDDrTh4WsbdCHSPsYzXVqqdPluE'} 
 body=None 
 </msg>
<msg time="2026-03-03T22:40:44.747318" level="INFO">GET Response : url=http://localhost:3000/api/logs/exports/cmmaryjyf003jsue1l8zbpug1/download 
 status=200, reason=OK 
 headers={'Content-Security-Policy': "default-src 'self';base-uri 'self';font-src 'self' https: data:;form-action 'self';frame-ancestors 'self';img-src 'self' data:;object-src 'none';script-src 'self';script-src-attr 'none';style-src 'self' https: 'unsafe-inline';upgrade-insecure-requests", 'Cross-Origin-Opener-Policy': 'same-origin', 'Cross-Origin-Resource-Policy': 'same-origin', 'Origin-Agent-Cluster': '?1', 'Referrer-Policy': 'no-referrer', 'Strict-Transport-Security': 'max-age=15552000; includeSubDomains', 'X-Content-Type-Options': 'nosniff', 'X-DNS-Prefetch-Control': 'off', 'X-Download-Options': 'noopen', 'X-Frame-Options': 'SAMEORIGIN', 'X-Permitted-Cross-Domain-Policies': 'none', 'X-XSS-Protection': '0', 'Vary': 'Origin', 'Access-Control-Allow-Credentials': 'true', 'X-Request-ID': '90a2b04e-236d-4ec0-a641-067db899de5a', 'Content-Type': 'application/pdf', 'Content-Disposition': 'attachment; filename="AuditLog_export_1772552445253.pdf"', 'X-Record-Count': '41', 'Content-Length': '5013', 'ETag': 'W/"1395-Fe3gl/ySI4G+W81looqGNQQsobE"', 'Date': 'Tue, 03 Mar 2026 15:40:45 GMT', 'Connection': 'keep-alive', 'Keep-Alive': 'timeout=5'} 
 body=%PDF-1.3
%����
7 0 obj
&lt;&lt;
/Type /Page
/Parent 1 0 R
/MediaBox [0 0 841.89 595.28]
/Contents 5 0 R
/Resources 6 0 R
&gt;&gt;
endobj
6 0 obj
&lt;&lt;
/ProcSet [/PDF /Text /ImageB /ImageC /ImageI]
/Font &lt;&lt;
/F1 8 0 R
/F2 9 0 R
&gt;&gt;
/ColorSpace &lt;&lt;
&gt;&gt;
&gt;&gt;
endobj
5 0 obj
&lt;&lt;
/Length 1837
/Filter /FlateDecode
&gt;&gt;
stream
x�ś�n�6��y
�@]���?"�P�=�V ��ǖn=��/)�I��d�r��X'�������λ���N�b�N���j_��&gt;}`$x/NKѽ����o������W	o޽�R�L�ā��u�9X|s?I��^#�_�9��{������?�r(��{8E:���!?9��a*%zߜz�="�_�3&lt;0~� @q���O�="L�k���;�}p����Tys!z�������-R��:���WAXk�;�&lt;������$Y{˃���T�x�Jg�+�5޸���o�č�F&lt;QW^OLn���y��~�5���T�V@���L\�f��N:;x�.Il�	�yf(���@��:3��SI�" �;2QiX�(9�܍q�(��8g�|�&lt;S�#�]��43{˰�R!�0���E��\w@�����P�J/&amp;��!���$��$�uP�
��XC��b�!��]��A�Bq#���3#���kJ����D��H���ڈ��;��:�)U�Q�"v]�D�$d�.D�������Q��"&lt;|�aP�6"fC�"�lJD�¶Dԃx��]��;���M�7W�����Ǖ��g��!�?Z�����p��b������\Tؔ���m����.�w����^GG�ↇ\��n��ގ�V"�,p�[��h��fC�"�lJD�¶Dԃx��]��;,�k$���((���Rn��c�Z��M�Q���E!N(��Ԉ�|�߀B݁-Q�[��A����x�ac`?�
���˦ѿ���erWɺ.�����*�S�"��o\��[^�ؔ����A&lt;������K�~�bl�Z�#"�u �B�zy`e��q$Vۈ�[^�ؔ����A&lt;@����ф8�F|m�0��`jǒ������^X�4�$�`�mD�-��lJ����  bga�a�3��t&gt;w�ʈ���l��N&lt;���^Q�/=��je�ފ����(,*�&lt;�Q�����Y��=�-Dl-��]�⼰Fx�LF"�DD�#Բ�Xz&amp;�nz�=���51�7Qw`K"��AčXډ�wu����: �Ll��g���TK�T7}�)�
�\J�x{K���|I}#�P�YR�yI��kf���r�s�Ix�Ɍ'Z�Lu��iD��]����;�x���[ؖ��%����]���堚���Kb��
tl9����E�2����m(쭥�l��T�*�����]��*�t��|�k��w���Ly��yC`z��Ii��)h|	{K���P�@I�j:�Y�E�ːM`�M�C�؏oA����N�»0�&amp;&gt;s֗I�i.{zgcJY;"q��~D��g-�Lݙ��������ĭ;�e��-��v�/ZW����{#�Msw����n��9u��Y�x%?f-Ammڔ|]�G�O_&amp;����w!�o�ק�Ѻ�j�J�A��E���0K��m��}~0�_��zdM~N��h�5?��\9sA���g�|̋�|xՕi������&lt;9�B�z]���_�j#co]Zw`S2���ZTN[ Q7�0)IZ'�J�W�$��Lalx-̋��Ƙ��G˟�m|*���j����4��R�k��h�aoeZw`S��S��0�iM��!i���orDxF��X�弩n��4Ei���g�޲����iZ?�}^��|� �'9mz��g�]��A^���b�J�4��"�z�)O��O׈�Kć닺�Gˋ�r���B�����`q�_�߼�,���lysq����r����֡O��7T覵�s��BJ�^gdA��L��s�ݐOb�_����ixi
endstream
endobj
12 0 obj
&lt;&lt;
/Type /Page
/Parent 1 0 R
/MediaBox [0 0 841.89 595.28]
/Contents 10 0 R
/Resources 11 0 R
&gt;&gt;
endobj
11 0 obj
&lt;&lt;
/ProcSet [/PDF /Text /ImageB /ImageC /ImageI]
/Font &lt;&lt;
/F2 9 0 R
/F1 8 0 R
&gt;&gt;
/ColorSpace &lt;&lt;
&gt;&gt;
&gt;&gt;
endobj
10 0 obj
&lt;&lt;
/Length 1506
/Filter /FlateDecode
&gt;&gt;
stream
x��[=��6��W����;K��"]���R����&amp; %�%eI&lt;���q��3��R�;׹��\�I���]����ko��1��;�N5}W�������G���I��{���&gt;�x�����ky�3��0�F5���fn��A���j�Z��bs���R7.(&amp;s��gn&gt;��}�unQ�=/jbi�L\�hۧ�:�=�+�Ά�	�x�g�՜.�X�h�7;#���B����/�B#�!���*�����1���~&gt;��F�g(�8x�,����;Q!�y�`�v&amp;WP���ຓx�BT�b�Z�]G�$Q5��I{���p�IE�B�:X��co��&amp;�;���!�@ӰH���HS�hJdr����"��f��U�U4e�i����y�_@�j�Ҵ� ��?⨈ָ���zG�2�-1	~b*��T��fJZ��鋽Z�
�z�p�������/�k��]�ZE��U����ER�k�j+۝�&amp;޹u�b%��3����Iz�v'KDz3l-����ss��=𯌈&lt;�MʨC/(#���{�������ʨ��2��r���uÌ|V�s�򇔏c�(�����f	�&lt;[�b���%�%I0�������a���n[�Dz�$P�M� �I�y�_ �j�J��p��������t7C"y�6	�,��EF^��;��t{T��5��[ZO�WG�z���+��خ4}�2M�h�Y
�8��Й%���)[Ⱥ=0Nd���xu`��+Y�80�t�+_�����i�����(G.x1�K_�Ɓ�(��  ���Ձ�^��|���8��iw���G�c�t���&lt;��0��%���{�G���e������������&gt;�;����
cq{.&amp;�b�mj~�(o��ļm�QY���OI�l���$��*����-��I����&amp;�W��z�J�� W�Ų�W�
�&lt;2X� �M��-Rx鶸�tDXL�w�����T,O�[�(�V	"Gh���	���^����"���U���Lٟ��K7�uX
W8��A�	�7�bш6ݐ֡���ÕW-µ~�:��ؕ�u�c�33`{�],e����󁦰ǖE;�'�4��~��t{Νh�bZ��ǿ:��ؕ��s�.s����djXe��ĩ�ӮM{ƫ�l������X�WWLv@l&lt;V;?�����kᘹ��g��:~?Òۿ~��y?�ԇ*x~؎{a�Y*W�-��^�S}8��y���5&gt;������8&lt;��v��̀|Z��S��t��ؔ�h����g�\@��R ��	��S�-S�f9��Il���x�%�߶��Ş���1t�'&gt;���Y
OD��C`�?��;9tG�#D;s+g
Y��Ɖ���56.v~8Y��u����LG��u1E�c�#_��F�4^��G����`z��RnH}�#O�ے�r�G3���XG8ȉsC�������"����ǳ��'�jw�8uP�����m��Z&amp;�֤��±Z���V��^�4�&gt;?p[�5Z֭
endstream
endobj
14 0 obj
(PDFKit)
endobj
15 0 obj
(PDFKit)
endobj
16 0 obj
(D:20260303154045Z)
endobj
13 0 obj
&lt;&lt;
/Producer 14 0 R
/Creator 15 0 R
/CreationDate 16 0 R
&gt;&gt;
endobj
8 0 obj
&lt;&lt;
/Type /Font
/BaseFont /Helvetica
/Subtype /Type1
/Encoding /WinAnsiEncoding
&gt;&gt;
endobj
9 0 obj
&lt;&lt;
/Type /Font
/BaseFont /Helvetica-Bold
/Subtype /Type1
/Encoding /WinAnsiEncoding
&gt;&gt;
endobj
4 0 obj
&lt;&lt;
&gt;&gt;
endobj
3 0 obj
&lt;&lt;
/Type /Catalog
/Pages 1 0 R
/Names 2 0 R
&gt;&gt;
endobj
1 0 obj
&lt;&lt;
/Type /Pages
/Count 2
/Kids [7 0 R 12 0 R]
&gt;&gt;
endobj
2 0 obj
&lt;&lt;
/Dests &lt;&lt;
  /Names [
]
&gt;&gt;
&gt;&gt;
endobj
xref
0 17
0000000000 65535 f 
0000004407 00000 n 
0000004471 00000 n 
0000004345 00000 n 
0000004324 00000 n 
0000000242 00000 n 
0000000125 00000 n 
0000000015 00000 n 
0000004125 00000 n 
0000004222 00000 n 
0000002383 00000 n 
0000002265 00000 n 
0000002152 00000 n 
0000004049 00000 n 
0000003963 00000 n 
0000003988 00000 n 
0000004013 00000 n 
trailer
&lt;&lt;
/Size 17
/Root 3 0 R
/Info 13 0 R
/ID [&lt;29f166c288fb5a8a70db51c71469d8c0&gt; &lt;29f166c288fb5a8a70db51c71469d8c0&gt;]
&gt;&gt;
startxref
4518
%%EOF
 
 </msg>
<msg time="2026-03-03T22:40:44.747318" level="INFO">${dl} = &lt;Response [200]&gt;</msg>
<var>${dl}</var>
<arg>api</arg>
<arg>/logs/exports/${export_id}/download</arg>
<arg>headers=${user_headers}</arg>
<doc>Sends a GET request on a previously created HTTP Session.</doc>
<status status="PASS" start="2026-03-03T22:40:44.668034" elapsed="0.079284"/>
</kw>
<kw name="Status Should Be" owner="RequestsLibrary">
<arg>200</arg>
<arg>${dl}</arg>
<doc>Fails if response status code is different than the expected.</doc>
<status status="PASS" start="2026-03-03T22:40:44.747318" elapsed="0.000000"/>
</kw>
<status status="PASS" start="2026-03-03T22:40:44.461455" elapsed="0.285863"/>
</test>
<test id="s1-t2" name="Scenario 2: Admin Request -&gt; Admin Download" line="42">
<kw name="Login">
<kw name="Create Dictionary" owner="BuiltIn">
<msg time="2026-03-03T22:40:44.749346" level="INFO">${body} = {'username': 'admin123', 'password': '123456789'}</msg>
<var>${body}</var>
<arg>username=${user}</arg>
<arg>password=${pass}</arg>
<doc>Creates and returns a dictionary based on the given ``items``.</doc>
<status status="PASS" start="2026-03-03T22:40:44.749346" elapsed="0.000000"/>
</kw>
<kw name="POST On Session" owner="RequestsLibrary">
<msg time="2026-03-03T22:40:44.813021" level="INFO">POST Request : url=http://localhost:3000/api/auth/login 
 path_url=/api/auth/login 
 headers={'User-Agent': 'python-requests/2.32.3', 'Accept-Encoding': 'gzip, deflate, br', 'Accept': '*/*', 'Connection': 'keep-alive', 'Cookie': 'token=eyJhbGciOiJIUzI1NiIsInR5cCI6IkpXVCJ9.eyJzdWIiOiJjbW05aWR6MmkwMDAwczlqNGdoNmc4YmZ1Iiwicm9sZSI6IkFETUlOIiwiaWF0IjoxNzcyNTUyNDQ1LCJleHAiOjE3NzI1NTYwNDV9.37fszcXxP9A6I48nmDDrTh4WsbdCHSPsYzXVqqdPluE', 'Content-Length': '49', 'Content-Type': 'application/json'} 
 body=b'{"username": "admin123", "password": "123456789"}' 
 </msg>
<msg time="2026-03-03T22:40:44.813021" level="INFO">POST Response : url=http://localhost:3000/api/auth/login 
 status=200, reason=OK 
 headers={'Content-Security-Policy': "default-src 'self';base-uri 'self';font-src 'self' https: data:;form-action 'self';frame-ancestors 'self';img-src 'self' data:;object-src 'none';script-src 'self';script-src-attr 'none';style-src 'self' https: 'unsafe-inline';upgrade-insecure-requests", 'Cross-Origin-Opener-Policy': 'same-origin', 'Cross-Origin-Resource-Policy': 'same-origin', 'Origin-Agent-Cluster': '?1', 'Referrer-Policy': 'no-referrer', 'Strict-Transport-Security': 'max-age=15552000; includeSubDomains', 'X-Content-Type-Options': 'nosniff', 'X-DNS-Prefetch-Control': 'off', 'X-Download-Options': 'noopen', 'X-Frame-Options': 'SAMEORIGIN', 'X-Permitted-Cross-Domain-Policies': 'none', 'X-XSS-Protection': '0', 'Vary': 'Origin', 'Access-Control-Allow-Credentials': 'true', 'X-Request-ID': '786e212c-0909-43aa-846a-9ad319cfb106', 'Set-Cookie': 'token=eyJhbGciOiJIUzI1NiIsInR5cCI6IkpXVCJ9.eyJzdWIiOiJjbW05aWR6MmkwMDAwczlqNGdoNmc4YmZ1Iiwicm9sZSI6IkFETUlOIiwiaWF0IjoxNzcyNTUyNDQ1LCJleHAiOjE3NzI1NTYwNDV9.37fszcXxP9A6I48nmDDrTh4WsbdCHSPsYzXVqqdPluE; Max-Age=604800; Path=/; Expires=Tue, 10 Mar 2026 15:40:45 GMT; HttpOnly; SameSite=None', 'Content-Type': 'application/json; charset=utf-8', 'Content-Length': '491', 'ETag': 'W/"1eb-7InElPsSjKN9zoFW4QF1mWwsceg"', 'Date': 'Tue, 03 Mar 2026 15:40:45 GMT', 'Connection': 'keep-alive', 'Keep-Alive': 'timeout=5'} 
 body={"success":true,"message":"Login successful","data":{"token":"eyJhbGciOiJIUzI1NiIsInR5cCI6IkpXVCJ9.eyJzdWIiOiJjbW05aWR6MmkwMDAwczlqNGdoNmc4YmZ1Iiwicm9sZSI6IkFETUlOIiwiaWF0IjoxNzcyNTUyNDQ1LCJleHAiOjE3NzI1NTYwNDV9.37fszcXxP9A6I48nmDDrTh4WsbdCHSPsYzXVqqdPluE","user":{"id":"cmm9idz2i0000s9j4gh6g8bfu","firstName":"System","lastName":"Administrator","profilePicture":null,"role":"ADMIN","passengerSuspendedUntil":null,"driverSuspendedUntil":null,"yellowCardCount":0,"yellowCardExpiresAt":null}}} 
 </msg>
<msg time="2026-03-03T22:40:44.813021" level="INFO">${res} = &lt;Response [200]&gt;</msg>
<var>${res}</var>
<arg>api</arg>
<arg>/auth/login</arg>
<arg>json=${body}</arg>
<doc>Sends a POST request on a previously created HTTP Session.</doc>
<status status="PASS" start="2026-03-03T22:40:44.749346" elapsed="0.063675"/>
</kw>
<return>
<value>${res.json()['data']['token']}</value>
<status status="PASS" start="2026-03-03T22:40:44.813021" elapsed="0.000000"/>
</return>
<msg time="2026-03-03T22:40:44.814028" level="INFO">${admin_token} = eyJhbGciOiJIUzI1NiIsInR5cCI6IkpXVCJ9.eyJzdWIiOiJjbW05aWR6MmkwMDAwczlqNGdoNmc4YmZ1Iiwicm9sZSI6IkFETUlOIiwiaWF0IjoxNzcyNTUyNDQ1LCJleHAiOjE3NzI1NTYwNDV9.37fszcXxP9A6I48nmDDrTh4WsbdCHSPsYzXVqqdPluE</msg>
<var>${admin_token}</var>
<arg>${ADMIN_NAME}</arg>
<arg>${ADMIN_PASSWORD}</arg>
<status status="PASS" start="2026-03-03T22:40:44.749346" elapsed="0.064682"/>
</kw>
<kw name="Create Dictionary" owner="BuiltIn">
<msg time="2026-03-03T22:40:44.815027" level="INFO">${headers} = {'Authorization': 'Bearer eyJhbGciOiJIUzI1NiIsInR5cCI6IkpXVCJ9.eyJzdWIiOiJjbW05aWR6MmkwMDAwczlqNGdoNmc4YmZ1Iiwicm9sZSI6IkFETUlOIiwiaWF0IjoxNzcyNTUyNDQ1LCJleHAiOjE3NzI1NTYwNDV9.37fszcXxP9A6I48nmDDrTh4W...</msg>
<var>${headers}</var>
<arg>Authorization=Bearer ${admin_token}</arg>
<doc>Creates and returns a dictionary based on the given ``items``.</doc>
<status status="PASS" start="2026-03-03T22:40:44.815027" elapsed="0.000000"/>
</kw>
<kw name="Create Dictionary" owner="BuiltIn">
<msg time="2026-03-03T22:40:44.816026" level="INFO">${filters} = {'reason': 'Admin system check'}</msg>
<var>${filters}</var>
<arg>reason=Admin system check</arg>
<doc>Creates and returns a dictionary based on the given ``items``.</doc>
<status status="PASS" start="2026-03-03T22:40:44.815027" elapsed="0.000999"/>
</kw>
<kw name="Create Dictionary" owner="BuiltIn">
<msg time="2026-03-03T22:40:44.816026" level="INFO">${payload} = {'logType': 'SystemLog', 'format': 'CSV', 'filters': {'reason': 'Admin system check'}}</msg>
<var>${payload}</var>
<arg>logType=SystemLog</arg>
<arg>format=CSV</arg>
<arg>filters=${filters}</arg>
<doc>Creates and returns a dictionary based on the given ``items``.</doc>
<status status="PASS" start="2026-03-03T22:40:44.816026" elapsed="0.000000"/>
</kw>
<kw name="POST On Session" owner="RequestsLibrary">
<msg time="2026-03-03T22:40:44.827245" level="INFO">POST Request : url=http://localhost:3000/api/logs/exports 
 path_url=/api/logs/exports 
 headers={'User-Agent': 'python-requests/2.32.3', 'Accept-Encoding': 'gzip, deflate, br', 'Accept': '*/*', 'Connection': 'keep-alive', 'Authorization': 'Bearer eyJhbGciOiJIUzI1NiIsInR5cCI6IkpXVCJ9.eyJzdWIiOiJjbW05aWR6MmkwMDAwczlqNGdoNmc4YmZ1Iiwicm9sZSI6IkFETUlOIiwiaWF0IjoxNzcyNTUyNDQ1LCJleHAiOjE3NzI1NTYwNDV9.37fszcXxP9A6I48nmDDrTh4WsbdCHSPsYzXVqqdPluE', 'Cookie': 'token=eyJhbGciOiJIUzI1NiIsInR5cCI6IkpXVCJ9.eyJzdWIiOiJjbW05aWR6MmkwMDAwczlqNGdoNmc4YmZ1Iiwicm9sZSI6IkFETUlOIiwiaWF0IjoxNzcyNTUyNDQ1LCJleHAiOjE3NzI1NTYwNDV9.37fszcXxP9A6I48nmDDrTh4WsbdCHSPsYzXVqqdPluE', 'Content-Length': '86', 'Content-Type': 'application/json'} 
 body=b'{"logType": "SystemLog", "format": "CSV", "filters": {"reason": "Admin system check"}}' 
 </msg>
<msg time="2026-03-03T22:40:44.827245" level="INFO">POST Response : url=http://localhost:3000/api/logs/exports 
 status=201, reason=Created 
 headers={'Content-Security-Policy': "default-src 'self';base-uri 'self';font-src 'self' https: data:;form-action 'self';frame-ancestors 'self';img-src 'self' data:;object-src 'none';script-src 'self';script-src-attr 'none';style-src 'self' https: 'unsafe-inline';upgrade-insecure-requests", 'Cross-Origin-Opener-Policy': 'same-origin', 'Cross-Origin-Resource-Policy': 'same-origin', 'Origin-Agent-Cluster': '?1', 'Referrer-Policy': 'no-referrer', 'Strict-Transport-Security': 'max-age=15552000; includeSubDomains', 'X-Content-Type-Options': 'nosniff', 'X-DNS-Prefetch-Control': 'off', 'X-Download-Options': 'noopen', 'X-Frame-Options': 'SAMEORIGIN', 'X-Permitted-Cross-Domain-Policies': 'none', 'X-XSS-Protection': '0', 'Vary': 'Origin', 'Access-Control-Allow-Credentials': 'true', 'X-Request-ID': 'adb2ec76-795c-4c10-8605-b91552887303', 'Content-Type': 'application/json; charset=utf-8', 'Content-Length': '546', 'ETag': 'W/"222-DgyKRjAn/Ae8Y+1PydZgyrv+m2g"', 'Date': 'Tue, 03 Mar 2026 15:40:45 GMT', 'Connection': 'keep-alive', 'Keep-Alive': 'timeout=5'} 
 body={"success":true,"message":"Export request auto-approved and ready for download.","data":{"id":"cmmaryk6b003ysue1wsm9jpvk","requestedById":"cmm9idz2i0000s9j4gh6g8bfu","logType":"SystemLog","format":"CSV","filters":{"reason":"Admin system check"},"status":"APPROVED","reviewedById":"cmm9idz2i0000s9j4gh6g8bfu","reviewedAt":"2026-03-03T15:40:45.349Z","rejectionReason":"Auto-approved for ADMIN role","filePath":null,"fileSize":null,"recordCount":null,"createdAt":"2026-03-03T15:40:45.347Z","completedAt":null,"expiresAt":"2026-03-10T15:40:45.347Z"}} 
 </msg>
<msg time="2026-03-03T22:40:44.827245" level="INFO">${resp} = &lt;Response [201]&gt;</msg>
<var>${resp}</var>
<arg>api</arg>
<arg>/logs/exports</arg>
<arg>json=${payload}</arg>
<arg>headers=${headers}</arg>
<doc>Sends a POST request on a previously created HTTP Session.</doc>
<status status="PASS" start="2026-03-03T22:40:44.816026" elapsed="0.011219"/>
</kw>
<kw name="Status Should Be" owner="RequestsLibrary">
<arg>201</arg>
<arg>${resp}</arg>
<doc>Fails if response status code is different than the expected.</doc>
<status status="PASS" start="2026-03-03T22:40:44.827245" elapsed="0.000000"/>
</kw>
<kw name="Set Variable" owner="BuiltIn">
<msg time="2026-03-03T22:40:44.827245" level="INFO">${export_id} = cmmaryk6b003ysue1wsm9jpvk</msg>
<var>${export_id}</var>
<arg>${resp.json()['data']['id']}</arg>
<doc>Returns the given values which can then be assigned to a variables.</doc>
<status status="PASS" start="2026-03-03T22:40:44.827245" elapsed="0.000000"/>
</kw>
<kw name="Create Dictionary" owner="BuiltIn">
<msg time="2026-03-03T22:40:44.827245" level="INFO">${body} = {'status': 'APPROVED'}</msg>
<var>${body}</var>
<arg>status=APPROVED</arg>
<doc>Creates and returns a dictionary based on the given ``items``.</doc>
<status status="PASS" start="2026-03-03T22:40:44.827245" elapsed="0.000000"/>
</kw>
<kw name="PATCH On Session" owner="RequestsLibrary">
<msg time="2026-03-03T22:40:44.877904" level="INFO">PATCH Request : url=http://localhost:3000/api/logs/exports/cmmaryk6b003ysue1wsm9jpvk/review 
 path_url=/api/logs/exports/cmmaryk6b003ysue1wsm9jpvk/review 
 headers={'User-Agent': 'python-requests/2.32.3', 'Accept-Encoding': 'gzip, deflate, br', 'Accept': '*/*', 'Connection': 'keep-alive', 'Authorization': 'Bearer eyJhbGciOiJIUzI1NiIsInR5cCI6IkpXVCJ9.eyJzdWIiOiJjbW05aWR6MmkwMDAwczlqNGdoNmc4YmZ1Iiwicm9sZSI6IkFETUlOIiwiaWF0IjoxNzcyNTUyNDQ1LCJleHAiOjE3NzI1NTYwNDV9.37fszcXxP9A6I48nmDDrTh4WsbdCHSPsYzXVqqdPluE', 'Cookie': 'token=eyJhbGciOiJIUzI1NiIsInR5cCI6IkpXVCJ9.eyJzdWIiOiJjbW05aWR6MmkwMDAwczlqNGdoNmc4YmZ1Iiwicm9sZSI6IkFETUlOIiwiaWF0IjoxNzcyNTUyNDQ1LCJleHAiOjE3NzI1NTYwNDV9.37fszcXxP9A6I48nmDDrTh4WsbdCHSPsYzXVqqdPluE', 'Content-Length': '22', 'Content-Type': 'application/json'} 
 body=b'{"status": "APPROVED"}' 
 </msg>
<msg time="2026-03-03T22:40:44.877904" level="INFO">PATCH Response : url=http://localhost:3000/api/logs/exports/cmmaryk6b003ysue1wsm9jpvk/review 
 status=200, reason=OK 
 headers={'Content-Security-Policy': "default-src 'self';base-uri 'self';font-src 'self' https: data:;form-action 'self';frame-ancestors 'self';img-src 'self' data:;object-src 'none';script-src 'self';script-src-attr 'none';style-src 'self' https: 'unsafe-inline';upgrade-insecure-requests", 'Cross-Origin-Opener-Policy': 'same-origin', 'Cross-Origin-Resource-Policy': 'same-origin', 'Origin-Agent-Cluster': '?1', 'Referrer-Policy': 'no-referrer', 'Strict-Transport-Security': 'max-age=15552000; includeSubDomains', 'X-Content-Type-Options': 'nosniff', 'X-DNS-Prefetch-Control': 'off', 'X-Download-Options': 'noopen', 'X-Frame-Options': 'SAMEORIGIN', 'X-Permitted-Cross-Domain-Policies': 'none', 'X-XSS-Protection': '0', 'Vary': 'Origin', 'Access-Control-Allow-Credentials': 'true', 'X-Request-ID': '78cab390-09fb-4135-988d-944a1a1b549d', 'Content-Type': 'application/json; charset=utf-8', 'Content-Length': '481', 'ETag': 'W/"1e1-hHUMZRxlFDxrnOGTBK0liBt1t5I"', 'Date': 'Tue, 03 Mar 2026 15:40:45 GMT', 'Connection': 'keep-alive', 'Keep-Alive': 'timeout=5'} 
 body={"success":true,"data":{"id":"cmmaryk6b003ysue1wsm9jpvk","requestedById":"cmm9idz2i0000s9j4gh6g8bfu","logType":"SystemLog","format":"CSV","filters":{"reason":"Admin system check"},"status":"APPROVED","reviewedById":"cmm9idz2i0000s9j4gh6g8bfu","reviewedAt":"2026-03-03T15:40:44.874Z","rejectionReason":"Auto-approved for ADMIN role","filePath":null,"fileSize":null,"recordCount":null,"createdAt":"2026-03-03T15:40:45.347Z","completedAt":null,"expiresAt":"2026-03-10T15:40:45.347Z"}} 
 </msg>
<arg>api</arg>
<arg>/logs/exports/${export_id}/review</arg>
<arg>json=${body}</arg>
<arg>headers=${headers}</arg>
<doc>Sends a PATCH request on a previously created HTTP Session.</doc>
<status status="PASS" start="2026-03-03T22:40:44.827245" elapsed="0.050659"/>
</kw>
<kw name="GET On Session" owner="RequestsLibrary">
<msg time="2026-03-03T22:40:44.922784" level="INFO">GET Request : url=http://localhost:3000/api/logs/exports/cmmaryk6b003ysue1wsm9jpvk/download 
 path_url=/api/logs/exports/cmmaryk6b003ysue1wsm9jpvk/download 
 headers={'User-Agent': 'python-requests/2.32.3', 'Accept-Encoding': 'gzip, deflate, br', 'Accept': '*/*', 'Connection': 'keep-alive', 'Authorization': 'Bearer eyJhbGciOiJIUzI1NiIsInR5cCI6IkpXVCJ9.eyJzdWIiOiJjbW05aWR6MmkwMDAwczlqNGdoNmc4YmZ1Iiwicm9sZSI6IkFETUlOIiwiaWF0IjoxNzcyNTUyNDQ1LCJleHAiOjE3NzI1NTYwNDV9.37fszcXxP9A6I48nmDDrTh4WsbdCHSPsYzXVqqdPluE', 'Cookie': 'token=eyJhbGciOiJIUzI1NiIsInR5cCI6IkpXVCJ9.eyJzdWIiOiJjbW05aWR6MmkwMDAwczlqNGdoNmc4YmZ1Iiwicm9sZSI6IkFETUlOIiwiaWF0IjoxNzcyNTUyNDQ1LCJleHAiOjE3NzI1NTYwNDV9.37fszcXxP9A6I48nmDDrTh4WsbdCHSPsYzXVqqdPluE'} 
 body=None 
 </msg>
<msg time="2026-03-03T22:40:44.923332" level="INFO">GET Response : url=http://localhost:3000/api/logs/exports/cmmaryk6b003ysue1wsm9jpvk/download 
 status=200, reason=OK 
 headers={'Content-Security-Policy': "default-src 'self';base-uri 'self';font-src 'self' https: data:;form-action 'self';frame-ancestors 'self';img-src 'self' data:;object-src 'none';script-src 'self';script-src-attr 'none';style-src 'self' https: 'unsafe-inline';upgrade-insecure-requests", 'Cross-Origin-Opener-Policy': 'same-origin', 'Cross-Origin-Resource-Policy': 'same-origin', 'Origin-Agent-Cluster': '?1', 'Referrer-Policy': 'no-referrer', 'Strict-Transport-Security': 'max-age=15552000; includeSubDomains', 'X-Content-Type-Options': 'nosniff', 'X-DNS-Prefetch-Control': 'off', 'X-Download-Options': 'noopen', 'X-Frame-Options': 'SAMEORIGIN', 'X-Permitted-Cross-Domain-Policies': 'none', 'X-XSS-Protection': '0', 'Vary': 'Origin', 'Access-Control-Allow-Credentials': 'true', 'X-Request-ID': '7b9cc48f-d7f3-47c6-a421-c064f76d9ba0', 'Content-Type': 'text/csv; charset=utf-8', 'Content-Disposition': 'attachment; filename="SystemLog_export_1772552444920.csv"', 'X-Record-Count': '680', 'Content-Length': '341313', 'ETag': 'W/"53541-xqyjjpCvPD7bDgxuTVMrkSpk+hE"', 'Date': 'Tue, 03 Mar 2026 15:40:45 GMT', 'Connection': 'keep-alive', 'Keep-Alive': 'timeout=5'} 
 body=id,level,requestId,method,path,statusCode,duration,userId,ipAddress,userAgent,error,metadata,createdAt,integrityHash,prevHash
cmmaryk6j003zsue1lfor83yk,INFO,adb2ec76-795c-4c10-8605-b91552887303,POST,/api/logs/exports,201,8,cmm9idz2i0000s9j4gh6g8bfu,::ffff:172.18.0.1,python-requests/2.32.3,,"{""version"":""1.0""}",Tue Mar 03 2026 22:40:45 GMT+0700 (Indochina Time),74788f97f15d18c085190525705247c64f57db1a87b4e163d57a35ad5188f5f1,e855e9321c17b5a408512d206e52f3f811845ce052c4a13c6803c6d4a0782416
cmmaryk62003wsue1fkuyah6q,INFO,786e212c-0909-43aa-846a-9ad319cfb106,POST,/api/auth/login,200,62,,::ffff:172.18.0.1,python-requests/2.32.3,,"{""version"":""1.0""}",Tue Mar 03 2026 22:40:45 GMT+0700 (Indochina Time),e855e9321c17b5a408512d206e52f3f811845ce052c4a13c6803c6d4a0782416,df88618f373d424eb18a581710cf2774df4df26d2d6c941e2f6cf82bea702d3c
cmmaryk3s003rsue111mx3na8,INFO,90a2b04e-236d-4ec0-a641-067db899de5a,GET,/api/logs/exports/cmmaryjyf003jsue1l8zbpug1/download,200,64,cmmamd1b2001hesfwwe4kvm49,::ffff:172.18.0.1,python-requests/2.32.3,,"{""version"":""1.0"",""params"":{""id"":""cmmaryjyf003jsue1l8zbpug1""}}",Tue Mar 03 2026 22:40:45 GMT+0700 (Indochina Time),df88618f373d424eb18a581710cf2774df4df26d2d6c941e2f6cf82bea702d3c,9eda7dbd325fb219b49ce138137b7a531d85717a83dbfe34e2a9cb7eb41054be
cmmaryk1v003qsue1yd1nedbs,INFO,c0447a5a-409f-423a-924e-19b19ce389b5,PATCH,/api/logs/exports/cmmaryjyf003jsue1l8zbpug1/review,200,5,cmm9idz2i0000s9j4gh6g8bfu,::ffff:172.18.0.1,python-requests/2.32.3,,"{""version"":""1.0"",""params"":{""id"":""cmmaryjyf003jsue1l8zbpug1""}}",Tue Mar 03 2026 22:40:45 GMT+0700 (Indochina Time),9eda7dbd325fb219b49ce138137b7a531d85717a83dbfe34e2a9cb7eb41054be,f057c781a02f162c0be7c719e013bdb6d1bc457a72f45190f6d1ab7c1b7740fc
cmmaryk1k003psue1r85esanb,INFO,4de2182c-2d52-4c69-ba16-59f82d0a17af,POST,/api/auth/login,200,59,,::ffff:172.18.0.1,python-requests/2.32.3,,"{""version"":""1.0""}",Tue Mar 03 2026 22:40:45 GMT+0700 (Indochina Time),f057c781a02f162c0be7c719e013bdb6d1bc457a72f45190f6d1ab7c1b7740fc,79a2bc92daecdac9a0ffe2c74c5ca0091e8b9178b738f0c8ecea2b3ec27db559
cmmaryjyk003ksue1g8v7w2pn,INFO,ca49b47c-289b-4c7b-840b-6a9c2c136a73,POST,/api/logs/exports,201,7,cmmamd1b2001hesfwwe4kvm49,::ffff:172.18.0.1,python-requests/2.32.3,,"{""version"":""1.0""}",Tue Mar 03 2026 22:40:45 GMT+0700 (Indochina Time),79a2bc92daecdac9a0ffe2c74c5ca0091e8b9178b738f0c8ecea2b3ec27db559,74fad9337102ff1276b83556db316a3ecce09f753c45eba365a7574c0b79de58
cmmaryjy5003hsue1lapwn202,INFO,f3b68774-77b4-4396-8e92-0958a54d5bf4,POST,/api/auth/login,200,64,,::ffff:172.18.0.1,python-requests/2.32.3,,"{""version"":""1.0""}",Tue Mar 03 2026 22:40:45 GMT+0700 (Indochina Time),74fad9337102ff1276b83556db316a3ecce09f753c45eba365a7574c0b79de58,16a118165b8d4ec933b9227ed7308b66052e6c153a5433903a34e99449fa6894
cmmaryjta0040sue11elc2x3v,INFO,78cab390-09fb-4135-988d-944a1a1b549d,PATCH,/api/logs/exports/cmmaryk6b003ysue1wsm9jpvk/review,200,5,cmm9idz2i0000s9j4gh6g8bfu,::ffff:172.18.0.1,python-requests/2.32.3,,"{""version"":""1.0"",""params"":{""id"":""cmmaryk6b003ysue1wsm9jpvk""}}",Tue Mar 03 2026 22:40:44 GMT+0700 (Indochina Time),7ba50820001ac71b1d15c3d80208ac2398b056cacd96a69843fbef08175ae498,74788f97f15d18c085190525705247c64f57db1a87b4e163d57a35ad5188f5f1
cmmaryi6k003csue1aszf6679,INFO,8eb13826-d714-4589-bdfc-b14d66574641,GET,/api/monitor/logs/summary,200,13,,::ffff:172.18.0.1,"Mozilla/5.0 (Windows NT 10.0; Win64; x64) AppleWebKit/537.36 (KHTML, like Gecko) Chrome/145.0.0.0 Safari/537.36",,"{""version"":""1.0""}",Tue Mar 03 2026 22:40:42 GMT+0700 (Indochina Time),16a118165b8d4ec933b9227ed7308b66052e6c153a5433903a34e99449fa6894,8b5f0daec02de655a56af976a2046a8b8002c7008610e3ec0988c1d5ca4c6fee
cmmarx7t8003bsue1g2wo6c78,INFO,f51065f6-fcfe-404e-b0e7-3c3ad6323c97,GET,/api/monitor/logs/summary,200,8,,::ffff:172.18.0.1,"Mozilla/5.0 (Windows NT 10.0; Win64; x64) AppleWebKit/537.36 (KHTML, like Gecko) Chrome/145.0.0.0 Safari/537.36",,"{""version"":""1.0""}",Tue Mar 03 2026 22:39:42 GMT+0700 (Indochina Time),8b5f0daec02de655a56af976a2046a8b8002c7008610e3ec0988c1d5ca4c6fee,6d651118773e72ab2716048bf8246a76645d151d40db1aa0137c5f973448fb89
cmmarvxg7003asue1wa6tcz73,INFO,3469afbb-2682-4442-9ea4-f2192cbfad78,GET,/api/monitor/logs/summary,200,6,,::ffff:172.18.0.1,"Mozilla/5.0 (Windows NT 10.0; Win64; x64) AppleWebKit/537.36 (KHTML, like Gecko) Chrome/145.0.0.0 Safari/537.36",,"{""version"":""1.0""}",Tue Mar 03 2026 22:38:42 GMT+0700 (Indochina Time),6d651118773e72ab2716048bf8246a76645d151d40db1aa0137c5f973448fb89,e74ececa1befcbbd72576057b63ae9b98931356f5bd2101a6ed3e256c7e79e52
cmmarvnmp0039sue1fgiospl5,INFO,aced2d32-9f4c-4ad1-a0c0-745a1bad68e8,POST,/api/auth/login,200,63,,::ffff:172.18.0.1,python-requests/2.32.3,,"{""version"":""1.0""}",Tue Mar 03 2026 22:38:29 GMT+0700 (Indochina Time),e74ececa1befcbbd72576057b63ae9b98931356f5bd2101a6ed3e256c7e79e52,0ac8477ccb5150186d29bfe4a6100521f403c963b12d52ec95edc0cc4c13a982
cmmarvnkt0034sue1pjgu8enp,INFO,6c8540cb-c39e-487d-9a81-bde9ce05ad9e,GET,/api/logs/exports/cmmarvngd0031sue11mitiv7b/download,200,92,cmm9idz2i0000s9j4gh6g8bfu,::ffff:172.18.0.1,python-requests/2.32.3,,"{""version"":""1.0"",""params"":{""id"":""cmmarvngd0031sue11mitiv7b""}}",Tue Mar 03 2026 22:38:29 GMT+0700 (Indochina Time),0ac8477ccb5150186d29bfe4a6100521f403c963b12d52ec95edc0cc4c13a982,5d672050a43f8f5da3c056e54a4f47f55719a5c6fb5f30ac2de99e1370979ff7
cmmarvni30033sue1dt0czysn,INFO,ef34a240-4084-421c-9a2d-0b1fbc5a1e82,PATCH,/api/logs/exports/cmmarvngd0031sue11mitiv7b/review,200,7,cmm9idz2i0000s9j4gh6g8bfu,::ffff:172.18.0.1,python-requests/2.32.3,,"{""version"":""1.0"",""params"":{""id"":""cmmarvngd0031sue11mitiv7b""}}",Tue Mar 03 2026 22:38:29 GMT+0700 (Indochina Time),5d672050a43f8f5da3c056e54a4f47f55719a5c6fb5f30ac2de99e1370979ff7,04c8375d6f804cfe126b95aac84228b8cdc3dc7dbf647461821e2d53f7c27617
cmmarvngk0032sue1fmltk5rd,INFO,c64b79c9-56ac-40a2-9636-24f584e1582f,POST,/api/logs/exports,201,9,cmm9idz2i0000s9j4gh6g8bfu,::ffff:172.18.0.1,python-requests/2.32.3,,"{""version"":""1.0""}",Tue Mar 03 2026 22:38:29 GMT+0700 (Indochina Time),04c8375d6f804cfe126b95aac84228b8cdc3dc7dbf647461821e2d53f7c27617,0856cd6f464dc4b84218083a445ec15c4a84a06059fdd140e3f3d11b77f62c0a
cmmarvng5002zsue10g30jkgv,INFO,1f3d8c86-1a46-48ca-a767-85a23f207365,POST,/api/auth/login,200,64,,::ffff:172.18.0.1,python-requests/2.32.3,,"{""version"":""1.0""}",Tue Mar 03 2026 22:38:29 GMT+0700 (Indochina Time),0856cd6f464dc4b84218083a445ec15c4a84a06059fdd140e3f3d11b77f62c0a,64e889a1b3c3b348a350e76fbb189cc05eace160ca2ef434224d3f8532a46e2c
cmmarvncn002tsue1rxo5b8dm,WARN,a7d481ca-d9a2-4ef0-9e38-66d28d9b4c58,POST,/api/logs/exports,403,4,cmmamd1b2001hesfwwe4kvm49,::ffff:172.18.0.1,python-requests/2.32.3,,"{""version"":""1.0""}",Tue Mar 03 2026 22:38:29 GMT+0700 (Indochina Time),64e889a1b3c3b348a350e76fbb189cc05eace160ca2ef434224d3f8532a46e2c,541151661e738fbf110550f18f6bb6fbcfbabbd3bd03d7a7a4d5711289fe6d04
cmmarvnco002usue1r45auhl0,ERROR,a7d481ca-d9a2-4ef0-9e38-66d28d9b4c58,POST,/api/logs/exports,403,,cmmamd1b2001hesfwwe4kvm49,::ffff:172.18.0.1,python-requests/2.32.3,"{""name"":""Error"",""message"":""filters.userId must match your own user id when exporting as non-admin"",""code"":null,""stack"":null}","{""version"":""1.0""}",Tue Mar 03 2026 22:38:29 GMT+0700 (Indochina Time),c23e56ccb058d7e3dbb5c2e124b435bb73186e43e31d1c7b2ab03098d4e874e8,541151661e738fbf110550f18f6bb6fbcfbabbd3bd03d7a7a4d5711289fe6d04
cmmarvncc002ssue13woktog5,INFO,646c6ddd-4d74-457e-a3b3-33c6270ab547,POST,/api/auth/login,200,69,,::ffff:172.18.0.1,python-requests/2.32.3,,"{""version"":""1.0""}",Tue Mar 03 2026 22:38:29 GMT+0700 (Indochina Time),541151661e738fbf110550f18f6bb6fbcfbabbd3bd03d7a7a4d5711289fe6d04,8aaf972ae730841c2a931635b7ead3b73da6ca238d530d1bac00c473668c8ec7
cmmarv1g7002nsue14ar3s3j9,INFO,14009933-c658-47d0-9bf7-f03875d2f0c5,POST,/api/auth/login,200,64,,::ffff:172.18.0.1,python-requests/2.32.3,,"{""version"":""1.0""}",Tue Mar 03 2026 22:38:01 GMT+0700 (Indochina Time),8aaf972ae730841c2a931635b7ead3b73da6ca238d530d1bac00c473668c8ec7,766e0489d538c00a105485c2ed3345756cecf56d3f02a5079dd011bd175afd68
cmmarv1e8002isue122k5ungb,INFO,593d0882-a7b6-4a47-b0e9-4b3130ef23a9,GET,/api/logs/exports/cmmarv1at002fsue15z749uws/download,200,48,cmm9idz2i0000s9j4gh6g8bfu,::ffff:172.18.0.1,python-requests/2.32.3,,"{""version"":""1.0"",""params"":{""id"":""cmmarv1at002fsue15z749uws""}}",Tue Mar 03 2026 22:38:01 GMT+0700 (Indochina Time),766e0489d538c00a105485c2ed3345756cecf56d3f02a5079dd011bd175afd68,ce7ee6218d04c3b327826bb161d13d69db1e52fbdbeaf7200fe7d75f51e24391
cmmarv1cr002hsue1ra2csbhc,INFO,9f291b55-d6ff-4363-807b-80d04e64037f,PATCH,/api/logs/exports/cmmarv1at002fsue15z749uws/review,200,7,cmm9idz2i0000s9j4gh6g8bfu,::ffff:172.18.0.1,python-requests/2.32.3,,"{""version"":""1.0"",""params"":{""id"":""cmmarv1at002fsue15z749uws""}}",Tue Mar 03 2026 22:38:00 GMT+0700 (Indochina Time),ce7ee6218d04c3b327826bb161d13d69db1e52fbdbeaf7200fe7d75f51e24391,70c6c0e10a9b1bac26716172fd6a49856d883bb38005e61af6b25d833f864597
cmmarv1b6002gsue1o70f5tp6,INFO,e19a40db-3ddb-4d0c-a995-54c5f015a776,POST,/api/logs/exports,201,16,cmm9idz2i0000s9j4gh6g8bfu,::ffff:172.18.0.1,python-requests/2.32.3,,"{""version"":""1.0""}",Tue Mar 03 2026 22:38:00 GMT+0700 (Indochina Time),70c6c0e10a9b1bac26716172fd6a49856d883bb38005e61af6b25d833f864597,4f65dba694ebb1c684a1ae38e4e40db070e879e938b8e6aacc9eed44c4c3b77f
cmmarv1aj002dsue1w1z4hx77,INFO,bd71e027-fcf0-454d-8150-db546aa9dad3,POST,/api/auth/login,200,67,,::ffff:172.18.0.1,python-requests/2.32.3,,"{""version"":""1.0""}",Tue Mar 03 2026 22:38:00 GMT+0700 (Indochina Time),4f65dba694ebb1c684a1ae38e4e40db070e879e938b8e6aacc9eed44c4c3b77f,b1fd3f66da14bfed76ea0cad39ad00ff9e3445f78ffadad89827e049f5007216
cmmarv17j0028sue1chk2q1aq,WARN,d1dac24f-099b-4ab4-836b-94b6e2167dc5,POST,/api/logs/exports,403,4,cmmamd1b2001hesfwwe4kvm49,::ffff:172.18.0.1,python-requests/2.32.3,,"{""version"":""1.0""}",Tue Mar 03 2026 22:38:00 GMT+0700 (Indochina Time),b1fd3f66da14... (set the log level to DEBUG or TRACE to see the full content) 
 </msg>
<msg time="2026-03-03T22:40:44.923332" level="INFO">${dl} = &lt;Response [200]&gt;</msg>
<var>${dl}</var>
<arg>api</arg>
<arg>/logs/exports/${export_id}/download</arg>
<arg>headers=${headers}</arg>
<doc>Sends a GET request on a previously created HTTP Session.</doc>
<status status="PASS" start="2026-03-03T22:40:44.877904" elapsed="0.045428"/>
</kw>
<kw name="Status Should Be" owner="RequestsLibrary">
<arg>200</arg>
<arg>${dl}</arg>
<doc>Fails if response status code is different than the expected.</doc>
<status status="PASS" start="2026-03-03T22:40:44.923332" elapsed="0.000000"/>
</kw>
<status status="PASS" start="2026-03-03T22:40:44.747318" elapsed="0.176014"/>
</test>
<test id="s1-t3" name="Scenario 3: Admin Download User Request" line="59">
<kw name="Login">
<kw name="Create Dictionary" owner="BuiltIn">
<msg time="2026-03-03T22:40:44.925885" level="INFO">${body} = {'username': 'admin123', 'password': '123456789'}</msg>
<var>${body}</var>
<arg>username=${user}</arg>
<arg>password=${pass}</arg>
<doc>Creates and returns a dictionary based on the given ``items``.</doc>
<status status="PASS" start="2026-03-03T22:40:44.924849" elapsed="0.001036"/>
</kw>
<kw name="POST On Session" owner="RequestsLibrary">
<msg time="2026-03-03T22:40:45.025405" level="INFO">POST Request : url=http://localhost:3000/api/auth/login 
 path_url=/api/auth/login 
 headers={'User-Agent': 'python-requests/2.32.3', 'Accept-Encoding': 'gzip, deflate, br', 'Accept': '*/*', 'Connection': 'keep-alive', 'Cookie': 'token=eyJhbGciOiJIUzI1NiIsInR5cCI6IkpXVCJ9.eyJzdWIiOiJjbW05aWR6MmkwMDAwczlqNGdoNmc4YmZ1Iiwicm9sZSI6IkFETUlOIiwiaWF0IjoxNzcyNTUyNDQ1LCJleHAiOjE3NzI1NTYwNDV9.37fszcXxP9A6I48nmDDrTh4WsbdCHSPsYzXVqqdPluE', 'Content-Length': '49', 'Content-Type': 'application/json'} 
 body=b'{"username": "admin123", "password": "123456789"}' 
 </msg>
<msg time="2026-03-03T22:40:45.025405" level="INFO">POST Response : url=http://localhost:3000/api/auth/login 
 status=200, reason=OK 
 headers={'Content-Security-Policy': "default-src 'self';base-uri 'self';font-src 'self' https: data:;form-action 'self';frame-ancestors 'self';img-src 'self' data:;object-src 'none';script-src 'self';script-src-attr 'none';style-src 'self' https: 'unsafe-inline';upgrade-insecure-requests", 'Cross-Origin-Opener-Policy': 'same-origin', 'Cross-Origin-Resource-Policy': 'same-origin', 'Origin-Agent-Cluster': '?1', 'Referrer-Policy': 'no-referrer', 'Strict-Transport-Security': 'max-age=15552000; includeSubDomains', 'X-Content-Type-Options': 'nosniff', 'X-DNS-Prefetch-Control': 'off', 'X-Download-Options': 'noopen', 'X-Frame-Options': 'SAMEORIGIN', 'X-Permitted-Cross-Domain-Policies': 'none', 'X-XSS-Protection': '0', 'Vary': 'Origin', 'Access-Control-Allow-Credentials': 'true', 'X-Request-ID': 'fbae8a29-3c48-4b44-817e-835ce42ac451', 'Set-Cookie': 'token=eyJhbGciOiJIUzI1NiIsInR5cCI6IkpXVCJ9.eyJzdWIiOiJjbW05aWR6MmkwMDAwczlqNGdoNmc4YmZ1Iiwicm9sZSI6IkFETUlOIiwiaWF0IjoxNzcyNTUyNDQ1LCJleHAiOjE3NzI1NTYwNDV9.37fszcXxP9A6I48nmDDrTh4WsbdCHSPsYzXVqqdPluE; Max-Age=604800; Path=/; Expires=Tue, 10 Mar 2026 15:40:45 GMT; HttpOnly; SameSite=None', 'Content-Type': 'application/json; charset=utf-8', 'Content-Length': '491', 'ETag': 'W/"1eb-7InElPsSjKN9zoFW4QF1mWwsceg"', 'Date': 'Tue, 03 Mar 2026 15:40:45 GMT', 'Connection': 'keep-alive', 'Keep-Alive': 'timeout=5'} 
 body={"success":true,"message":"Login successful","data":{"token":"eyJhbGciOiJIUzI1NiIsInR5cCI6IkpXVCJ9.eyJzdWIiOiJjbW05aWR6MmkwMDAwczlqNGdoNmc4YmZ1Iiwicm9sZSI6IkFETUlOIiwiaWF0IjoxNzcyNTUyNDQ1LCJleHAiOjE3NzI1NTYwNDV9.37fszcXxP9A6I48nmDDrTh4WsbdCHSPsYzXVqqdPluE","user":{"id":"cmm9idz2i0000s9j4gh6g8bfu","firstName":"System","lastName":"Administrator","profilePicture":null,"role":"ADMIN","passengerSuspendedUntil":null,"driverSuspendedUntil":null,"yellowCardCount":0,"yellowCardExpiresAt":null}}} 
 </msg>
<msg time="2026-03-03T22:40:45.025405" level="INFO">${res} = &lt;Response [200]&gt;</msg>
<var>${res}</var>
<arg>api</arg>
<arg>/auth/login</arg>
<arg>json=${body}</arg>
<doc>Sends a POST request on a previously created HTTP Session.</doc>
<status status="PASS" start="2026-03-03T22:40:44.925885" elapsed="0.099520"/>
</kw>
<return>
<value>${res.json()['data']['token']}</value>
<status status="PASS" start="2026-03-03T22:40:45.025405" elapsed="0.000000"/>
</return>
<msg time="2026-03-03T22:40:45.025405" level="INFO">${admin_token} = eyJhbGciOiJIUzI1NiIsInR5cCI6IkpXVCJ9.eyJzdWIiOiJjbW05aWR6MmkwMDAwczlqNGdoNmc4YmZ1Iiwicm9sZSI6IkFETUlOIiwiaWF0IjoxNzcyNTUyNDQ1LCJleHAiOjE3NzI1NTYwNDV9.37fszcXxP9A6I48nmDDrTh4WsbdCHSPsYzXVqqdPluE</msg>
<var>${admin_token}</var>
<arg>${ADMIN_NAME}</arg>
<arg>${ADMIN_PASSWORD}</arg>
<status status="PASS" start="2026-03-03T22:40:44.924849" elapsed="0.100556"/>
</kw>
<kw name="Create Dictionary" owner="BuiltIn">
<msg time="2026-03-03T22:40:45.027921" level="INFO">${headers} = {'Authorization': 'Bearer eyJhbGciOiJIUzI1NiIsInR5cCI6IkpXVCJ9.eyJzdWIiOiJjbW05aWR6MmkwMDAwczlqNGdoNmc4YmZ1Iiwicm9sZSI6IkFETUlOIiwiaWF0IjoxNzcyNTUyNDQ1LCJleHAiOjE3NzI1NTYwNDV9.37fszcXxP9A6I48nmDDrTh4W...</msg>
<var>${headers}</var>
<arg>Authorization=Bearer ${admin_token}</arg>
<doc>Creates and returns a dictionary based on the given ``items``.</doc>
<status status="PASS" start="2026-03-03T22:40:45.025405" elapsed="0.002516"/>
</kw>
<kw name="GET On Session" owner="RequestsLibrary">
<msg time="2026-03-03T22:40:45.071955" level="INFO">GET Request : url=http://localhost:3000/api/logs/exports/cmmaryjyf003jsue1l8zbpug1/download 
 path_url=/api/logs/exports/cmmaryjyf003jsue1l8zbpug1/download 
 headers={'User-Agent': 'python-requests/2.32.3', 'Accept-Encoding': 'gzip, deflate, br', 'Accept': '*/*', 'Connection': 'keep-alive', 'Authorization': 'Bearer eyJhbGciOiJIUzI1NiIsInR5cCI6IkpXVCJ9.eyJzdWIiOiJjbW05aWR6MmkwMDAwczlqNGdoNmc4YmZ1Iiwicm9sZSI6IkFETUlOIiwiaWF0IjoxNzcyNTUyNDQ1LCJleHAiOjE3NzI1NTYwNDV9.37fszcXxP9A6I48nmDDrTh4WsbdCHSPsYzXVqqdPluE', 'Cookie': 'token=eyJhbGciOiJIUzI1NiIsInR5cCI6IkpXVCJ9.eyJzdWIiOiJjbW05aWR6MmkwMDAwczlqNGdoNmc4YmZ1Iiwicm9sZSI6IkFETUlOIiwiaWF0IjoxNzcyNTUyNDQ1LCJleHAiOjE3NzI1NTYwNDV9.37fszcXxP9A6I48nmDDrTh4WsbdCHSPsYzXVqqdPluE'} 
 body=None 
 </msg>
<msg time="2026-03-03T22:40:45.084643" level="INFO">GET Response : url=http://localhost:3000/api/logs/exports/cmmaryjyf003jsue1l8zbpug1/download 
 status=200, reason=OK 
 headers={'Content-Security-Policy': "default-src 'self';base-uri 'self';font-src 'self' https: data:;form-action 'self';frame-ancestors 'self';img-src 'self' data:;object-src 'none';script-src 'self';script-src-attr 'none';style-src 'self' https: 'unsafe-inline';upgrade-insecure-requests", 'Cross-Origin-Opener-Policy': 'same-origin', 'Cross-Origin-Resource-Policy': 'same-origin', 'Origin-Agent-Cluster': '?1', 'Referrer-Policy': 'no-referrer', 'Strict-Transport-Security': 'max-age=15552000; includeSubDomains', 'X-Content-Type-Options': 'nosniff', 'X-DNS-Prefetch-Control': 'off', 'X-Download-Options': 'noopen', 'X-Frame-Options': 'SAMEORIGIN', 'X-Permitted-Cross-Domain-Policies': 'none', 'X-XSS-Protection': '0', 'Vary': 'Origin', 'Access-Control-Allow-Credentials': 'true', 'X-Request-ID': '91c3cff9-c38a-4b80-bb24-9256588fee65', 'Content-Type': 'application/pdf', 'Content-Disposition': 'attachment; filename="AuditLog_export_1772552444489.pdf"', 'X-Record-Count': '41', 'Content-Length': '5018', 'ETag': 'W/"139a-+ncanH8DbTdi4gYZSdc14GJIeIo"', 'Date': 'Tue, 03 Mar 2026 15:40:45 GMT', 'Connection': 'keep-alive', 'Keep-Alive': 'timeout=5'} 
 body=%PDF-1.3
%����
7 0 obj
&lt;&lt;
/Type /Page
/Parent 1 0 R
/MediaBox [0 0 841.89 595.28]
/Contents 5 0 R
/Resources 6 0 R
&gt;&gt;
endobj
6 0 obj
&lt;&lt;
/ProcSet [/PDF /Text /ImageB /ImageC /ImageI]
/Font &lt;&lt;
/F1 8 0 R
/F2 9 0 R
&gt;&gt;
/ColorSpace &lt;&lt;
&gt;&gt;
&gt;&gt;
endobj
5 0 obj
&lt;&lt;
/Length 1842
/Filter /FlateDecode
&gt;&gt;
stream
x�ś�n�H��y�z��V�O��� �f{[ ��[��a���`�q��e�*�m���H������b��b�^��?_�zI����~�&gt;���U����ϗ��Bbx_��*�- �WS
{9q��(j�E����o� 9j���˷�������˿�r(�4FE`��C��Я����Lp|�k����gD`�TA��A,����ǵ~vr�]�1��!�/~����cx�h��S�����N1|�U��ڏA#�d6��rwzY{˓���T��L5��W^9k�qe5P-���/�W�y�����ܸ��yϑ��kj�7����d��k���5��h��!Z���6]���g��Zy
�&lt;Zg��&lt;��P*z�bG�T�&amp;��`݃�0�&lt;�!ʫ1���g
sq$"��I3�7���
ᇑg�.�'s����$�BT1Q��]� 'Ť�AG���Q�XC���zC��,1�#���F��I��0(:�}("��t8"�/�5ll��������Q��-�  b�e�A�N"�@��'�?�]��"��ADD�����������Q��-�  b�e�A�}DD�-5�qq���E�3O�H�-\T�X�8Bay|�h�b��U6�ja[.�A&lt;�Ů���E.������!W5�-&lt;)�hk�q!���	Gߺ��Z;͆�DTؔ���m����.KX���I6���F��{��;�Ժ�m"G�nz�|AEX��(���(�����MQ�D;
�.KX�0&amp;�]Ax�D�s��B�Ҋ2�ޕDo]����J�T�߮���[^�ؔ����A&lt;�������Z	���Ԛ�dGd&amp;�@�����:��~��D������;�)ϗ�7�x����5�5�	Gp:��ޒ-`X��Ԏ%Ue��U!b��N`i8��"]`�����;�)��7�x����5��g"������*#F��]Y��N&lt;���^Q�o=&amp;W5�2boE]w`S��ak**�r֨k�y[�}W'�&lt;/���:���+��5�kCw"����ӈ]�1�u�$�n�D܈���}W'�&lt;��z��M:"��*�0��Ҁj)��o!ew@��˥ލ�����;�)ϗ�7�x��%u���.^}�i��ʥ�i'�'3�hhi2�=X "M�ERw��z&gt;�� �钺na["����.Ky^R��j�ص\3f�O*б��nz���\�7hCao-]w`S����Vm���]��V/�c7����U:#��&amp;���2�j-$���2HeS�":�6���u6%�n�ҋ��(g�u�,�QF7�IC4muc��!�Ͽ��Ei^M|�l,������;���#z���G��Q~�R�ԝ�+qQڡ���Y��Oܺ[&amp;n݂��~Ӻ���m��m�����5w}g祋�t�Z?��Z��iS�u��&gt;c����#ޅ� _��G���*YF�ËrY�a�\����}F~��z�zdM~^��ٺk~��\�� �V�3;�b���2M=Y��AB�7��䓣-d�ץ߻�ũ62�֥u6%��K!Iעr������XHI��iB�tLp�������Ɔ7�Ҽ8i�&gt;4=Y��pj�S��-�+S��g=�&gt;����ʴ���0�-&lt;��alӚfACҘ���_����z�X-�Mu�w�)J%�&gt;����u6M��	����+��8=�i�'�}������|�Z���*q��Tj��멦&lt;�[$&gt;]#�/�/�-/���gT����`q��_��߼�,��lysq������&lt;q�z�{�Ч��*t�Z�9�s!%���řX��	8~Ϳ�$��B����sxi
endstream
endobj
12 0 obj
&lt;&lt;
/Type /Page
/Parent 1 0 R
/MediaBox [0 0 841.89 595.28]
/Contents 10 0 R
/Resources 11 0 R
&gt;&gt;
endobj
11 0 obj
&lt;&lt;
/ProcSet [/PDF /Text /ImageB /ImageC /ImageI]
/Font &lt;&lt;
/F2 9 0 R
/F1 8 0 R
&gt;&gt;
/ColorSpace &lt;&lt;
&gt;&gt;
&gt;&gt;
endobj
10 0 obj
&lt;&lt;
/Length 1506
/Filter /FlateDecode
&gt;&gt;
stream
x��[=��6��W����;K��"]���R����&amp; %�%eI&lt;���q��3��R�;׹��\�I���]����ko��1��;�N5}W�������G���I��{���&gt;�x�����ky�3��0�F5���fn��A���j�Z��bs���R7.(&amp;s��gn&gt;��}�unQ�=/jbi�L\�hۧ�:�=�+�Ά�	�x�g�՜.�X�h�7;#���B����/�B#�!���*�����1���~&gt;��F�g(�8x�,����;Q!�y�`�v&amp;WP���ຓx�BT�b�Z�]G�$Q5��I{���p�IE�B�:X��co��&amp;�;���!�@ӰH���HS�hJdr����"��f��U�U4e�i����y�_@�j�Ҵ� ��?⨈ָ���zG�2�-1	~b*��T��fJZ��鋽Z�
�z�p�������/�k��]�ZE��U����ER�k�j+۝�&amp;޹u�b%��3����Iz�v'KDz3l-����ss��=𯌈&lt;�MʨC/(#���{�������ʨ��2��r���uÌ|V�s�򇔏c�(�����f	�&lt;[�b���%�%I0�������a���n[�Dz�$P�M� �I�y�_ �j�J��p��������t7C"y�6	�,��EF^��;��t{T��5��[ZO�WG�z���+��خ4}�2M�h�Y
�8��Й%���)[Ⱥ=0Nd���xu`��+Y�80�t�+_�����i�����(G.x1�K_�Ɓ�(��  ���Ձ�^��|���8��iw���G�c�t���&lt;��0��%���{�G���e������������&gt;�;����
cq{.&amp;�b�mj~�(o��ļm�QY���OI�l���$��*����-��I����&amp;�W��z�J�� W�Ų�W�
�&lt;2X� �M��-Rx鶸�tDXL�w�����T,O�[�(�V	"Gh���	���^����"���U���Lٟ��K7�uX
W8��A�	�7�bш6ݐ֡���ÕW-µ~�:��ؕ�u�c�33`{�],e����󁦰ǖE;�'�4��~��t{Νh�bZ��ǿ:��ؕ��s�.s����djXe��ĩ�ӮM{ƫ�l������X�WWLv@l&lt;V;?�����kᘹ��g��:~?Òۿ~��y?�ԇ*x~؎{a�Y*W�-��^�S}8��y���5&gt;������8&lt;��v��̀|Z��S��t��ؔ�h����g�\@��R ��	��S�-S�f9��Il���x�%�߶��Ş���1t�'&gt;���Y
OD��C`�?��;9tG�#D;s+g
Y��Ɖ���56.v~8Y��u����LG��u1E�c�#_��F�4^��G����`z��RnH}�#O�ے�r�G3���XG8ȉsC�������"����ǳ��'�jw�8uP�����m��Z&amp;�֤��±Z���V��^�4�&gt;?p[�5Z֭
endstream
endobj
14 0 obj
(PDFKit)
endobj
15 0 obj
(PDFKit)
endobj
16 0 obj
(D:20260303154044Z)
endobj
13 0 obj
&lt;&lt;
/Producer 14 0 R
/Creator 15 0 R
/CreationDate 16 0 R
&gt;&gt;
endobj
8 0 obj
&lt;&lt;
/Type /Font
/BaseFont /Helvetica
/Subtype /Type1
/Encoding /WinAnsiEncoding
&gt;&gt;
endobj
9 0 obj
&lt;&lt;
/Type /Font
/BaseFont /Helvetica-Bold
/Subtype /Type1
/Encoding /WinAnsiEncoding
&gt;&gt;
endobj
4 0 obj
&lt;&lt;
&gt;&gt;
endobj
3 0 obj
&lt;&lt;
/Type /Catalog
/Pages 1 0 R
/Names 2 0 R
&gt;&gt;
endobj
1 0 obj
&lt;&lt;
/Type /Pages
/Count 2
/Kids [7 0 R 12 0 R]
&gt;&gt;
endobj
2 0 obj
&lt;&lt;
/Dests &lt;&lt;
  /Names [
]
&gt;&gt;
&gt;&gt;
endobj
xref
0 17
0000000000 65535 f 
0000004412 00000 n 
0000004476 00000 n 
0000004350 00000 n 
0000004329 00000 n 
0000000242 00000 n 
0000000125 00000 n 
0000000015 00000 n 
0000004130 00000 n 
0000004227 00000 n 
0000002388 00000 n 
0000002270 00000 n 
0000002157 00000 n 
0000004054 00000 n 
0000003968 00000 n 
0000003993 00000 n 
0000004018 00000 n 
trailer
&lt;&lt;
/Size 17
/Root 3 0 R
/Info 13 0 R
/ID [&lt;ffbdca73c38ab39eca28bc81aaa499c0&gt; &lt;ffbdca73c38ab39eca28bc81aaa499c0&gt;]
&gt;&gt;
startxref
4523
%%EOF
 
 </msg>
<msg time="2026-03-03T22:40:45.084643" level="INFO">${dl} = &lt;Response [200]&gt;</msg>
<var>${dl}</var>
<arg>api</arg>
<arg>/logs/exports/${ID_S1}/download</arg>
<arg>headers=${headers}</arg>
<doc>Sends a GET request on a previously created HTTP Session.</doc>
<status status="PASS" start="2026-03-03T22:40:45.027921" elapsed="0.056722"/>
</kw>
<kw name="Status Should Be" owner="RequestsLibrary">
<arg>200</arg>
<arg>${dl}</arg>
<doc>Fails if response status code is different than the expected.</doc>
<status status="PASS" start="2026-03-03T22:40:45.085712" elapsed="0.000403"/>
</kw>
<status status="PASS" start="2026-03-03T22:40:44.924849" elapsed="0.161266"/>
</test>
<status status="PASS" start="2026-03-03T22:40:44.105800" elapsed="0.980315"/>
</suite>
<statistics>
<total>
<stat pass="3" fail="0" skip="0">All Tests</stat>
</total>
<tag>
</tag>
<suite>
<stat name="Export Logs" id="s1" pass="3" fail="0" skip="0">Export Logs</stat>
</suite>
</statistics>
<errors>
</errors>
</robot>
